Mon, 21 Aug 2017 10:32:29 video_url_spider.py[line:204] INFO 特朗普:sina
Mon, 21 Aug 2017 10:32:29 video_url_spider.py[line:30] INFO target site:sina, spider begin...
Mon, 21 Aug 2017 10:32:30 video_url_spider.py[line:153] INFO total items:6628
Mon, 21 Aug 2017 10:32:31 video_url_spider.py[line:161] INFO Currently crawling web pages is: http://so.video.sina.com.cn/interface/s?from=video&wd=特朗普&s_id=w00001&p=1&n=20
Mon, 21 Aug 2017 10:32:32 video_url_spider.py[line:161] INFO Currently crawling web pages is: http://so.video.sina.com.cn/interface/s?from=video&wd=特朗普&s_id=w00001&p=2&n=20
Mon, 21 Aug 2017 10:32:33 video_url_spider.py[line:161] INFO Currently crawling web pages is: http://so.video.sina.com.cn/interface/s?from=video&wd=特朗普&s_id=w00001&p=3&n=20
Mon, 21 Aug 2017 10:32:34 video_url_spider.py[line:161] INFO Currently crawling web pages is: http://so.video.sina.com.cn/interface/s?from=video&wd=特朗普&s_id=w00001&p=4&n=20
Mon, 21 Aug 2017 10:32:35 video_url_spider.py[line:161] INFO Currently crawling web pages is: http://so.video.sina.com.cn/interface/s?from=video&wd=特朗普&s_id=w00001&p=5&n=20
Mon, 21 Aug 2017 10:32:36 video_url_spider.py[line:161] INFO Currently crawling web pages is: http://so.video.sina.com.cn/interface/s?from=video&wd=特朗普&s_id=w00001&p=6&n=20
Mon, 21 Aug 2017 10:32:37 video_url_spider.py[line:161] INFO Currently crawling web pages is: http://so.video.sina.com.cn/interface/s?from=video&wd=特朗普&s_id=w00001&p=7&n=20
Mon, 21 Aug 2017 10:32:38 video_url_spider.py[line:161] INFO Currently crawling web pages is: http://so.video.sina.com.cn/interface/s?from=video&wd=特朗普&s_id=w00001&p=8&n=20
Mon, 21 Aug 2017 10:32:39 video_url_spider.py[line:161] INFO Currently crawling web pages is: http://so.video.sina.com.cn/interface/s?from=video&wd=特朗普&s_id=w00001&p=9&n=20
Mon, 21 Aug 2017 10:32:40 video_url_spider.py[line:161] INFO Currently crawling web pages is: http://so.video.sina.com.cn/interface/s?from=video&wd=特朗普&s_id=w00001&p=10&n=20
Mon, 21 Aug 2017 10:32:41 video_url_spider.py[line:161] INFO Currently crawling web pages is: http://so.video.sina.com.cn/interface/s?from=video&wd=特朗普&s_id=w00001&p=11&n=20
Mon, 21 Aug 2017 10:32:43 video_url_spider.py[line:161] INFO Currently crawling web pages is: http://so.video.sina.com.cn/interface/s?from=video&wd=特朗普&s_id=w00001&p=12&n=20
Mon, 21 Aug 2017 10:32:44 video_url_spider.py[line:161] INFO Currently crawling web pages is: http://so.video.sina.com.cn/interface/s?from=video&wd=特朗普&s_id=w00001&p=13&n=20
Mon, 21 Aug 2017 10:32:45 video_url_spider.py[line:161] INFO Currently crawling web pages is: http://so.video.sina.com.cn/interface/s?from=video&wd=特朗普&s_id=w00001&p=14&n=20
Mon, 21 Aug 2017 10:32:46 video_url_spider.py[line:161] INFO Currently crawling web pages is: http://so.video.sina.com.cn/interface/s?from=video&wd=特朗普&s_id=w00001&p=15&n=20
Mon, 21 Aug 2017 10:32:47 video_url_spider.py[line:161] INFO Currently crawling web pages is: http://so.video.sina.com.cn/interface/s?from=video&wd=特朗普&s_id=w00001&p=16&n=20
Mon, 21 Aug 2017 10:32:48 video_url_spider.py[line:161] INFO Currently crawling web pages is: http://so.video.sina.com.cn/interface/s?from=video&wd=特朗普&s_id=w00001&p=17&n=20
Mon, 21 Aug 2017 10:32:49 video_url_spider.py[line:161] INFO Currently crawling web pages is: http://so.video.sina.com.cn/interface/s?from=video&wd=特朗普&s_id=w00001&p=18&n=20
Mon, 21 Aug 2017 10:32:50 video_url_spider.py[line:161] INFO Currently crawling web pages is: http://so.video.sina.com.cn/interface/s?from=video&wd=特朗普&s_id=w00001&p=19&n=20
Mon, 21 Aug 2017 10:32:51 video_url_spider.py[line:161] INFO Currently crawling web pages is: http://so.video.sina.com.cn/interface/s?from=video&wd=特朗普&s_id=w00001&p=20&n=20
Mon, 21 Aug 2017 10:32:52 video_url_spider.py[line:161] INFO Currently crawling web pages is: http://so.video.sina.com.cn/interface/s?from=video&wd=特朗普&s_id=w00001&p=21&n=20
Mon, 21 Aug 2017 10:32:53 video_url_spider.py[line:161] INFO Currently crawling web pages is: http://so.video.sina.com.cn/interface/s?from=video&wd=特朗普&s_id=w00001&p=22&n=20
Mon, 21 Aug 2017 10:32:54 video_url_spider.py[line:161] INFO Currently crawling web pages is: http://so.video.sina.com.cn/interface/s?from=video&wd=特朗普&s_id=w00001&p=23&n=20
Mon, 21 Aug 2017 10:32:55 video_url_spider.py[line:161] INFO Currently crawling web pages is: http://so.video.sina.com.cn/interface/s?from=video&wd=特朗普&s_id=w00001&p=24&n=20
Mon, 21 Aug 2017 10:32:56 video_url_spider.py[line:161] INFO Currently crawling web pages is: http://so.video.sina.com.cn/interface/s?from=video&wd=特朗普&s_id=w00001&p=25&n=20
Mon, 21 Aug 2017 10:32:57 video_url_spider.py[line:161] INFO Currently crawling web pages is: http://so.video.sina.com.cn/interface/s?from=video&wd=特朗普&s_id=w00001&p=26&n=20
Mon, 21 Aug 2017 10:32:58 video_url_spider.py[line:161] INFO Currently crawling web pages is: http://so.video.sina.com.cn/interface/s?from=video&wd=特朗普&s_id=w00001&p=27&n=20
Mon, 21 Aug 2017 10:32:59 video_url_spider.py[line:161] INFO Currently crawling web pages is: http://so.video.sina.com.cn/interface/s?from=video&wd=特朗普&s_id=w00001&p=28&n=20
Mon, 21 Aug 2017 10:33:00 video_url_spider.py[line:161] INFO Currently crawling web pages is: http://so.video.sina.com.cn/interface/s?from=video&wd=特朗普&s_id=w00001&p=29&n=20
Mon, 21 Aug 2017 10:33:01 video_url_spider.py[line:161] INFO Currently crawling web pages is: http://so.video.sina.com.cn/interface/s?from=video&wd=特朗普&s_id=w00001&p=30&n=20
Mon, 21 Aug 2017 10:33:02 video_url_spider.py[line:161] INFO Currently crawling web pages is: http://so.video.sina.com.cn/interface/s?from=video&wd=特朗普&s_id=w00001&p=31&n=20
Mon, 21 Aug 2017 10:33:04 video_url_spider.py[line:161] INFO Currently crawling web pages is: http://so.video.sina.com.cn/interface/s?from=video&wd=特朗普&s_id=w00001&p=32&n=20
Mon, 21 Aug 2017 10:33:05 video_url_spider.py[line:161] INFO Currently crawling web pages is: http://so.video.sina.com.cn/interface/s?from=video&wd=特朗普&s_id=w00001&p=33&n=20
Mon, 21 Aug 2017 10:33:06 video_url_spider.py[line:161] INFO Currently crawling web pages is: http://so.video.sina.com.cn/interface/s?from=video&wd=特朗普&s_id=w00001&p=34&n=20
Mon, 21 Aug 2017 10:33:07 video_url_spider.py[line:161] INFO Currently crawling web pages is: http://so.video.sina.com.cn/interface/s?from=video&wd=特朗普&s_id=w00001&p=35&n=20
Mon, 21 Aug 2017 10:33:08 video_url_spider.py[line:161] INFO Currently crawling web pages is: http://so.video.sina.com.cn/interface/s?from=video&wd=特朗普&s_id=w00001&p=36&n=20
Mon, 21 Aug 2017 10:33:09 video_url_spider.py[line:161] INFO Currently crawling web pages is: http://so.video.sina.com.cn/interface/s?from=video&wd=特朗普&s_id=w00001&p=37&n=20
Mon, 21 Aug 2017 10:33:10 video_url_spider.py[line:161] INFO Currently crawling web pages is: http://so.video.sina.com.cn/interface/s?from=video&wd=特朗普&s_id=w00001&p=38&n=20
Mon, 21 Aug 2017 10:33:11 video_url_spider.py[line:161] INFO Currently crawling web pages is: http://so.video.sina.com.cn/interface/s?from=video&wd=特朗普&s_id=w00001&p=39&n=20
Mon, 21 Aug 2017 10:33:12 video_url_spider.py[line:161] INFO Currently crawling web pages is: http://so.video.sina.com.cn/interface/s?from=video&wd=特朗普&s_id=w00001&p=40&n=20
Mon, 21 Aug 2017 10:33:13 video_url_spider.py[line:161] INFO Currently crawling web pages is: http://so.video.sina.com.cn/interface/s?from=video&wd=特朗普&s_id=w00001&p=41&n=20
Mon, 21 Aug 2017 10:33:14 video_url_spider.py[line:161] INFO Currently crawling web pages is: http://so.video.sina.com.cn/interface/s?from=video&wd=特朗普&s_id=w00001&p=42&n=20
Mon, 21 Aug 2017 10:33:15 video_url_spider.py[line:161] INFO Currently crawling web pages is: http://so.video.sina.com.cn/interface/s?from=video&wd=特朗普&s_id=w00001&p=43&n=20
Mon, 21 Aug 2017 10:33:16 video_url_spider.py[line:161] INFO Currently crawling web pages is: http://so.video.sina.com.cn/interface/s?from=video&wd=特朗普&s_id=w00001&p=44&n=20
Mon, 21 Aug 2017 10:33:17 video_url_spider.py[line:161] INFO Currently crawling web pages is: http://so.video.sina.com.cn/interface/s?from=video&wd=特朗普&s_id=w00001&p=45&n=20
Mon, 21 Aug 2017 10:33:18 video_url_spider.py[line:161] INFO Currently crawling web pages is: http://so.video.sina.com.cn/interface/s?from=video&wd=特朗普&s_id=w00001&p=46&n=20
Mon, 21 Aug 2017 10:33:19 video_url_spider.py[line:161] INFO Currently crawling web pages is: http://so.video.sina.com.cn/interface/s?from=video&wd=特朗普&s_id=w00001&p=47&n=20
Mon, 21 Aug 2017 10:33:20 video_url_spider.py[line:161] INFO Currently crawling web pages is: http://so.video.sina.com.cn/interface/s?from=video&wd=特朗普&s_id=w00001&p=48&n=20
Mon, 21 Aug 2017 10:33:21 video_url_spider.py[line:161] INFO Currently crawling web pages is: http://so.video.sina.com.cn/interface/s?from=video&wd=特朗普&s_id=w00001&p=49&n=20
Mon, 21 Aug 2017 10:33:22 video_url_spider.py[line:161] INFO Currently crawling web pages is: http://so.video.sina.com.cn/interface/s?from=video&wd=特朗普&s_id=w00001&p=50&n=20
Mon, 21 Aug 2017 10:33:23 video_url_spider.py[line:161] INFO Currently crawling web pages is: http://so.video.sina.com.cn/interface/s?from=video&wd=特朗普&s_id=w00001&p=51&n=20
Mon, 21 Aug 2017 10:33:25 video_url_spider.py[line:161] INFO Currently crawling web pages is: http://so.video.sina.com.cn/interface/s?from=video&wd=特朗普&s_id=w00001&p=52&n=20
Mon, 21 Aug 2017 10:33:26 video_url_spider.py[line:161] INFO Currently crawling web pages is: http://so.video.sina.com.cn/interface/s?from=video&wd=特朗普&s_id=w00001&p=53&n=20
Mon, 21 Aug 2017 10:33:27 video_url_spider.py[line:161] INFO Currently crawling web pages is: http://so.video.sina.com.cn/interface/s?from=video&wd=特朗普&s_id=w00001&p=54&n=20
Mon, 21 Aug 2017 10:33:28 video_url_spider.py[line:161] INFO Currently crawling web pages is: http://so.video.sina.com.cn/interface/s?from=video&wd=特朗普&s_id=w00001&p=55&n=20
Mon, 21 Aug 2017 10:33:29 video_url_spider.py[line:161] INFO Currently crawling web pages is: http://so.video.sina.com.cn/interface/s?from=video&wd=特朗普&s_id=w00001&p=56&n=20
Mon, 21 Aug 2017 10:33:30 video_url_spider.py[line:161] INFO Currently crawling web pages is: http://so.video.sina.com.cn/interface/s?from=video&wd=特朗普&s_id=w00001&p=57&n=20
Mon, 21 Aug 2017 10:33:31 video_url_spider.py[line:161] INFO Currently crawling web pages is: http://so.video.sina.com.cn/interface/s?from=video&wd=特朗普&s_id=w00001&p=58&n=20
Mon, 21 Aug 2017 10:33:32 video_url_spider.py[line:161] INFO Currently crawling web pages is: http://so.video.sina.com.cn/interface/s?from=video&wd=特朗普&s_id=w00001&p=59&n=20
Mon, 21 Aug 2017 10:33:33 video_url_spider.py[line:161] INFO Currently crawling web pages is: http://so.video.sina.com.cn/interface/s?from=video&wd=特朗普&s_id=w00001&p=60&n=20
Mon, 21 Aug 2017 10:33:34 video_url_spider.py[line:161] INFO Currently crawling web pages is: http://so.video.sina.com.cn/interface/s?from=video&wd=特朗普&s_id=w00001&p=61&n=20
Mon, 21 Aug 2017 10:33:35 video_url_spider.py[line:161] INFO Currently crawling web pages is: http://so.video.sina.com.cn/interface/s?from=video&wd=特朗普&s_id=w00001&p=62&n=20
Mon, 21 Aug 2017 10:33:36 video_url_spider.py[line:161] INFO Currently crawling web pages is: http://so.video.sina.com.cn/interface/s?from=video&wd=特朗普&s_id=w00001&p=63&n=20
Mon, 21 Aug 2017 10:33:37 video_url_spider.py[line:161] INFO Currently crawling web pages is: http://so.video.sina.com.cn/interface/s?from=video&wd=特朗普&s_id=w00001&p=64&n=20
Mon, 21 Aug 2017 10:33:38 video_url_spider.py[line:161] INFO Currently crawling web pages is: http://so.video.sina.com.cn/interface/s?from=video&wd=特朗普&s_id=w00001&p=65&n=20
Mon, 21 Aug 2017 10:33:39 video_url_spider.py[line:161] INFO Currently crawling web pages is: http://so.video.sina.com.cn/interface/s?from=video&wd=特朗普&s_id=w00001&p=66&n=20
Mon, 21 Aug 2017 10:33:40 video_url_spider.py[line:161] INFO Currently crawling web pages is: http://so.video.sina.com.cn/interface/s?from=video&wd=特朗普&s_id=w00001&p=67&n=20
Mon, 21 Aug 2017 10:33:41 video_url_spider.py[line:161] INFO Currently crawling web pages is: http://so.video.sina.com.cn/interface/s?from=video&wd=特朗普&s_id=w00001&p=68&n=20
Mon, 21 Aug 2017 10:33:42 video_url_spider.py[line:161] INFO Currently crawling web pages is: http://so.video.sina.com.cn/interface/s?from=video&wd=特朗普&s_id=w00001&p=69&n=20
Mon, 21 Aug 2017 10:33:43 video_url_spider.py[line:161] INFO Currently crawling web pages is: http://so.video.sina.com.cn/interface/s?from=video&wd=特朗普&s_id=w00001&p=70&n=20
Mon, 21 Aug 2017 10:33:45 video_url_spider.py[line:161] INFO Currently crawling web pages is: http://so.video.sina.com.cn/interface/s?from=video&wd=特朗普&s_id=w00001&p=71&n=20
Mon, 21 Aug 2017 10:33:46 video_url_spider.py[line:161] INFO Currently crawling web pages is: http://so.video.sina.com.cn/interface/s?from=video&wd=特朗普&s_id=w00001&p=72&n=20
Mon, 21 Aug 2017 10:33:47 video_url_spider.py[line:161] INFO Currently crawling web pages is: http://so.video.sina.com.cn/interface/s?from=video&wd=特朗普&s_id=w00001&p=73&n=20
Mon, 21 Aug 2017 10:33:48 video_url_spider.py[line:161] INFO Currently crawling web pages is: http://so.video.sina.com.cn/interface/s?from=video&wd=特朗普&s_id=w00001&p=74&n=20
Mon, 21 Aug 2017 10:33:49 video_url_spider.py[line:161] INFO Currently crawling web pages is: http://so.video.sina.com.cn/interface/s?from=video&wd=特朗普&s_id=w00001&p=75&n=20
Mon, 21 Aug 2017 10:33:50 video_url_spider.py[line:161] INFO Currently crawling web pages is: http://so.video.sina.com.cn/interface/s?from=video&wd=特朗普&s_id=w00001&p=76&n=20
Mon, 21 Aug 2017 10:33:51 video_url_spider.py[line:161] INFO Currently crawling web pages is: http://so.video.sina.com.cn/interface/s?from=video&wd=特朗普&s_id=w00001&p=77&n=20
Mon, 21 Aug 2017 10:33:52 video_url_spider.py[line:161] INFO Currently crawling web pages is: http://so.video.sina.com.cn/interface/s?from=video&wd=特朗普&s_id=w00001&p=78&n=20
Mon, 21 Aug 2017 10:33:53 video_url_spider.py[line:161] INFO Currently crawling web pages is: http://so.video.sina.com.cn/interface/s?from=video&wd=特朗普&s_id=w00001&p=79&n=20
Mon, 21 Aug 2017 10:33:54 video_url_spider.py[line:161] INFO Currently crawling web pages is: http://so.video.sina.com.cn/interface/s?from=video&wd=特朗普&s_id=w00001&p=80&n=20
Mon, 21 Aug 2017 10:33:55 video_url_spider.py[line:161] INFO Currently crawling web pages is: http://so.video.sina.com.cn/interface/s?from=video&wd=特朗普&s_id=w00001&p=81&n=20
Mon, 21 Aug 2017 10:33:56 video_url_spider.py[line:161] INFO Currently crawling web pages is: http://so.video.sina.com.cn/interface/s?from=video&wd=特朗普&s_id=w00001&p=82&n=20
Mon, 21 Aug 2017 10:33:57 video_url_spider.py[line:161] INFO Currently crawling web pages is: http://so.video.sina.com.cn/interface/s?from=video&wd=特朗普&s_id=w00001&p=83&n=20
Mon, 21 Aug 2017 10:33:58 video_url_spider.py[line:161] INFO Currently crawling web pages is: http://so.video.sina.com.cn/interface/s?from=video&wd=特朗普&s_id=w00001&p=84&n=20
Mon, 21 Aug 2017 10:33:59 video_url_spider.py[line:161] INFO Currently crawling web pages is: http://so.video.sina.com.cn/interface/s?from=video&wd=特朗普&s_id=w00001&p=85&n=20
Mon, 21 Aug 2017 10:34:00 video_url_spider.py[line:161] INFO Currently crawling web pages is: http://so.video.sina.com.cn/interface/s?from=video&wd=特朗普&s_id=w00001&p=86&n=20
Mon, 21 Aug 2017 10:34:01 video_url_spider.py[line:161] INFO Currently crawling web pages is: http://so.video.sina.com.cn/interface/s?from=video&wd=特朗普&s_id=w00001&p=87&n=20
Mon, 21 Aug 2017 10:34:02 video_url_spider.py[line:161] INFO Currently crawling web pages is: http://so.video.sina.com.cn/interface/s?from=video&wd=特朗普&s_id=w00001&p=88&n=20
Mon, 21 Aug 2017 10:34:03 video_url_spider.py[line:161] INFO Currently crawling web pages is: http://so.video.sina.com.cn/interface/s?from=video&wd=特朗普&s_id=w00001&p=89&n=20
Mon, 21 Aug 2017 10:34:04 video_url_spider.py[line:161] INFO Currently crawling web pages is: http://so.video.sina.com.cn/interface/s?from=video&wd=特朗普&s_id=w00001&p=90&n=20
Mon, 21 Aug 2017 10:34:06 video_url_spider.py[line:161] INFO Currently crawling web pages is: http://so.video.sina.com.cn/interface/s?from=video&wd=特朗普&s_id=w00001&p=91&n=20
Mon, 21 Aug 2017 10:34:07 video_url_spider.py[line:161] INFO Currently crawling web pages is: http://so.video.sina.com.cn/interface/s?from=video&wd=特朗普&s_id=w00001&p=92&n=20
Mon, 21 Aug 2017 10:34:08 video_url_spider.py[line:161] INFO Currently crawling web pages is: http://so.video.sina.com.cn/interface/s?from=video&wd=特朗普&s_id=w00001&p=93&n=20
Mon, 21 Aug 2017 10:34:09 video_url_spider.py[line:161] INFO Currently crawling web pages is: http://so.video.sina.com.cn/interface/s?from=video&wd=特朗普&s_id=w00001&p=94&n=20
Mon, 21 Aug 2017 10:34:10 video_url_spider.py[line:161] INFO Currently crawling web pages is: http://so.video.sina.com.cn/interface/s?from=video&wd=特朗普&s_id=w00001&p=95&n=20
Mon, 21 Aug 2017 10:34:11 video_url_spider.py[line:161] INFO Currently crawling web pages is: http://so.video.sina.com.cn/interface/s?from=video&wd=特朗普&s_id=w00001&p=96&n=20
Mon, 21 Aug 2017 10:34:12 video_url_spider.py[line:161] INFO Currently crawling web pages is: http://so.video.sina.com.cn/interface/s?from=video&wd=特朗普&s_id=w00001&p=97&n=20
Mon, 21 Aug 2017 10:34:13 video_url_spider.py[line:161] INFO Currently crawling web pages is: http://so.video.sina.com.cn/interface/s?from=video&wd=特朗普&s_id=w00001&p=98&n=20
Mon, 21 Aug 2017 10:34:14 video_url_spider.py[line:161] INFO Currently crawling web pages is: http://so.video.sina.com.cn/interface/s?from=video&wd=特朗普&s_id=w00001&p=99&n=20
Mon, 21 Aug 2017 10:34:15 video_url_spider.py[line:161] INFO Currently crawling web pages is: http://so.video.sina.com.cn/interface/s?from=video&wd=特朗普&s_id=w00001&p=100&n=20
Mon, 21 Aug 2017 10:34:16 video_url_spider.py[line:161] INFO Currently crawling web pages is: http://so.video.sina.com.cn/interface/s?from=video&wd=特朗普&s_id=w00001&p=101&n=20
Mon, 21 Aug 2017 10:34:17 video_url_spider.py[line:161] INFO Currently crawling web pages is: http://so.video.sina.com.cn/interface/s?from=video&wd=特朗普&s_id=w00001&p=102&n=20
Mon, 21 Aug 2017 10:34:18 video_url_spider.py[line:161] INFO Currently crawling web pages is: http://so.video.sina.com.cn/interface/s?from=video&wd=特朗普&s_id=w00001&p=103&n=20
Mon, 21 Aug 2017 10:34:19 video_url_spider.py[line:161] INFO Currently crawling web pages is: http://so.video.sina.com.cn/interface/s?from=video&wd=特朗普&s_id=w00001&p=104&n=20
Mon, 21 Aug 2017 10:34:20 video_url_spider.py[line:161] INFO Currently crawling web pages is: http://so.video.sina.com.cn/interface/s?from=video&wd=特朗普&s_id=w00001&p=105&n=20
Mon, 21 Aug 2017 10:34:21 video_url_spider.py[line:161] INFO Currently crawling web pages is: http://so.video.sina.com.cn/interface/s?from=video&wd=特朗普&s_id=w00001&p=106&n=20
Mon, 21 Aug 2017 10:34:22 video_url_spider.py[line:161] INFO Currently crawling web pages is: http://so.video.sina.com.cn/interface/s?from=video&wd=特朗普&s_id=w00001&p=107&n=20
Mon, 21 Aug 2017 10:34:23 video_url_spider.py[line:161] INFO Currently crawling web pages is: http://so.video.sina.com.cn/interface/s?from=video&wd=特朗普&s_id=w00001&p=108&n=20
Mon, 21 Aug 2017 10:34:24 video_url_spider.py[line:161] INFO Currently crawling web pages is: http://so.video.sina.com.cn/interface/s?from=video&wd=特朗普&s_id=w00001&p=109&n=20
Mon, 21 Aug 2017 10:34:25 video_url_spider.py[line:161] INFO Currently crawling web pages is: http://so.video.sina.com.cn/interface/s?from=video&wd=特朗普&s_id=w00001&p=110&n=20
Mon, 21 Aug 2017 10:34:27 video_url_spider.py[line:161] INFO Currently crawling web pages is: http://so.video.sina.com.cn/interface/s?from=video&wd=特朗普&s_id=w00001&p=111&n=20
Mon, 21 Aug 2017 10:34:28 video_url_spider.py[line:161] INFO Currently crawling web pages is: http://so.video.sina.com.cn/interface/s?from=video&wd=特朗普&s_id=w00001&p=112&n=20
Mon, 21 Aug 2017 10:34:29 video_url_spider.py[line:161] INFO Currently crawling web pages is: http://so.video.sina.com.cn/interface/s?from=video&wd=特朗普&s_id=w00001&p=113&n=20
Mon, 21 Aug 2017 10:34:30 video_url_spider.py[line:161] INFO Currently crawling web pages is: http://so.video.sina.com.cn/interface/s?from=video&wd=特朗普&s_id=w00001&p=114&n=20
Mon, 21 Aug 2017 10:34:31 video_url_spider.py[line:161] INFO Currently crawling web pages is: http://so.video.sina.com.cn/interface/s?from=video&wd=特朗普&s_id=w00001&p=115&n=20
Mon, 21 Aug 2017 10:34:32 video_url_spider.py[line:161] INFO Currently crawling web pages is: http://so.video.sina.com.cn/interface/s?from=video&wd=特朗普&s_id=w00001&p=116&n=20
Mon, 21 Aug 2017 10:34:33 video_url_spider.py[line:161] INFO Currently crawling web pages is: http://so.video.sina.com.cn/interface/s?from=video&wd=特朗普&s_id=w00001&p=117&n=20
Mon, 21 Aug 2017 10:34:34 video_url_spider.py[line:161] INFO Currently crawling web pages is: http://so.video.sina.com.cn/interface/s?from=video&wd=特朗普&s_id=w00001&p=118&n=20
Mon, 21 Aug 2017 10:34:35 video_url_spider.py[line:161] INFO Currently crawling web pages is: http://so.video.sina.com.cn/interface/s?from=video&wd=特朗普&s_id=w00001&p=119&n=20
Mon, 21 Aug 2017 10:34:36 video_url_spider.py[line:161] INFO Currently crawling web pages is: http://so.video.sina.com.cn/interface/s?from=video&wd=特朗普&s_id=w00001&p=120&n=20
Mon, 21 Aug 2017 10:34:37 video_url_spider.py[line:161] INFO Currently crawling web pages is: http://so.video.sina.com.cn/interface/s?from=video&wd=特朗普&s_id=w00001&p=121&n=20
Mon, 21 Aug 2017 10:34:38 video_url_spider.py[line:161] INFO Currently crawling web pages is: http://so.video.sina.com.cn/interface/s?from=video&wd=特朗普&s_id=w00001&p=122&n=20
Mon, 21 Aug 2017 10:34:39 video_url_spider.py[line:161] INFO Currently crawling web pages is: http://so.video.sina.com.cn/interface/s?from=video&wd=特朗普&s_id=w00001&p=123&n=20
Mon, 21 Aug 2017 10:34:40 video_url_spider.py[line:161] INFO Currently crawling web pages is: http://so.video.sina.com.cn/interface/s?from=video&wd=特朗普&s_id=w00001&p=124&n=20
Mon, 21 Aug 2017 10:34:41 video_url_spider.py[line:161] INFO Currently crawling web pages is: http://so.video.sina.com.cn/interface/s?from=video&wd=特朗普&s_id=w00001&p=125&n=20
Mon, 21 Aug 2017 10:34:42 video_url_spider.py[line:161] INFO Currently crawling web pages is: http://so.video.sina.com.cn/interface/s?from=video&wd=特朗普&s_id=w00001&p=126&n=20
Mon, 21 Aug 2017 10:34:43 video_url_spider.py[line:161] INFO Currently crawling web pages is: http://so.video.sina.com.cn/interface/s?from=video&wd=特朗普&s_id=w00001&p=127&n=20
Mon, 21 Aug 2017 10:34:44 video_url_spider.py[line:161] INFO Currently crawling web pages is: http://so.video.sina.com.cn/interface/s?from=video&wd=特朗普&s_id=w00001&p=128&n=20
Mon, 21 Aug 2017 10:34:45 video_url_spider.py[line:161] INFO Currently crawling web pages is: http://so.video.sina.com.cn/interface/s?from=video&wd=特朗普&s_id=w00001&p=129&n=20
Mon, 21 Aug 2017 10:34:47 video_url_spider.py[line:161] INFO Currently crawling web pages is: http://so.video.sina.com.cn/interface/s?from=video&wd=特朗普&s_id=w00001&p=130&n=20
Mon, 21 Aug 2017 10:34:48 video_url_spider.py[line:161] INFO Currently crawling web pages is: http://so.video.sina.com.cn/interface/s?from=video&wd=特朗普&s_id=w00001&p=131&n=20
Mon, 21 Aug 2017 10:34:49 video_url_spider.py[line:161] INFO Currently crawling web pages is: http://so.video.sina.com.cn/interface/s?from=video&wd=特朗普&s_id=w00001&p=132&n=20
Mon, 21 Aug 2017 10:34:50 video_url_spider.py[line:161] INFO Currently crawling web pages is: http://so.video.sina.com.cn/interface/s?from=video&wd=特朗普&s_id=w00001&p=133&n=20
Mon, 21 Aug 2017 10:34:51 video_url_spider.py[line:161] INFO Currently crawling web pages is: http://so.video.sina.com.cn/interface/s?from=video&wd=特朗普&s_id=w00001&p=134&n=20
Mon, 21 Aug 2017 10:34:52 video_url_spider.py[line:161] INFO Currently crawling web pages is: http://so.video.sina.com.cn/interface/s?from=video&wd=特朗普&s_id=w00001&p=135&n=20
Mon, 21 Aug 2017 10:34:53 video_url_spider.py[line:161] INFO Currently crawling web pages is: http://so.video.sina.com.cn/interface/s?from=video&wd=特朗普&s_id=w00001&p=136&n=20
Mon, 21 Aug 2017 10:34:54 video_url_spider.py[line:161] INFO Currently crawling web pages is: http://so.video.sina.com.cn/interface/s?from=video&wd=特朗普&s_id=w00001&p=137&n=20
Mon, 21 Aug 2017 10:34:55 video_url_spider.py[line:161] INFO Currently crawling web pages is: http://so.video.sina.com.cn/interface/s?from=video&wd=特朗普&s_id=w00001&p=138&n=20
Mon, 21 Aug 2017 10:34:56 video_url_spider.py[line:161] INFO Currently crawling web pages is: http://so.video.sina.com.cn/interface/s?from=video&wd=特朗普&s_id=w00001&p=139&n=20
Mon, 21 Aug 2017 10:34:57 video_url_spider.py[line:161] INFO Currently crawling web pages is: http://so.video.sina.com.cn/interface/s?from=video&wd=特朗普&s_id=w00001&p=140&n=20
Mon, 21 Aug 2017 10:34:58 video_url_spider.py[line:161] INFO Currently crawling web pages is: http://so.video.sina.com.cn/interface/s?from=video&wd=特朗普&s_id=w00001&p=141&n=20
Mon, 21 Aug 2017 10:34:59 video_url_spider.py[line:161] INFO Currently crawling web pages is: http://so.video.sina.com.cn/interface/s?from=video&wd=特朗普&s_id=w00001&p=142&n=20
Mon, 21 Aug 2017 10:35:00 video_url_spider.py[line:161] INFO Currently crawling web pages is: http://so.video.sina.com.cn/interface/s?from=video&wd=特朗普&s_id=w00001&p=143&n=20
Mon, 21 Aug 2017 10:35:01 video_url_spider.py[line:161] INFO Currently crawling web pages is: http://so.video.sina.com.cn/interface/s?from=video&wd=特朗普&s_id=w00001&p=144&n=20
Mon, 21 Aug 2017 10:35:02 video_url_spider.py[line:161] INFO Currently crawling web pages is: http://so.video.sina.com.cn/interface/s?from=video&wd=特朗普&s_id=w00001&p=145&n=20
Mon, 21 Aug 2017 10:35:03 video_url_spider.py[line:161] INFO Currently crawling web pages is: http://so.video.sina.com.cn/interface/s?from=video&wd=特朗普&s_id=w00001&p=146&n=20
Mon, 21 Aug 2017 10:35:04 video_url_spider.py[line:161] INFO Currently crawling web pages is: http://so.video.sina.com.cn/interface/s?from=video&wd=特朗普&s_id=w00001&p=147&n=20
Mon, 21 Aug 2017 10:35:05 video_url_spider.py[line:161] INFO Currently crawling web pages is: http://so.video.sina.com.cn/interface/s?from=video&wd=特朗普&s_id=w00001&p=148&n=20
Mon, 21 Aug 2017 10:35:06 video_url_spider.py[line:161] INFO Currently crawling web pages is: http://so.video.sina.com.cn/interface/s?from=video&wd=特朗普&s_id=w00001&p=149&n=20
Mon, 21 Aug 2017 10:35:08 video_url_spider.py[line:161] INFO Currently crawling web pages is: http://so.video.sina.com.cn/interface/s?from=video&wd=特朗普&s_id=w00001&p=150&n=20
Mon, 21 Aug 2017 10:35:09 video_url_spider.py[line:161] INFO Currently crawling web pages is: http://so.video.sina.com.cn/interface/s?from=video&wd=特朗普&s_id=w00001&p=151&n=20
Mon, 21 Aug 2017 10:35:10 video_url_spider.py[line:161] INFO Currently crawling web pages is: http://so.video.sina.com.cn/interface/s?from=video&wd=特朗普&s_id=w00001&p=152&n=20
Mon, 21 Aug 2017 10:35:11 video_url_spider.py[line:161] INFO Currently crawling web pages is: http://so.video.sina.com.cn/interface/s?from=video&wd=特朗普&s_id=w00001&p=153&n=20
Mon, 21 Aug 2017 10:35:12 video_url_spider.py[line:161] INFO Currently crawling web pages is: http://so.video.sina.com.cn/interface/s?from=video&wd=特朗普&s_id=w00001&p=154&n=20
Mon, 21 Aug 2017 10:35:13 video_url_spider.py[line:161] INFO Currently crawling web pages is: http://so.video.sina.com.cn/interface/s?from=video&wd=特朗普&s_id=w00001&p=155&n=20
Mon, 21 Aug 2017 10:35:14 video_url_spider.py[line:161] INFO Currently crawling web pages is: http://so.video.sina.com.cn/interface/s?from=video&wd=特朗普&s_id=w00001&p=156&n=20
Mon, 21 Aug 2017 10:35:15 video_url_spider.py[line:161] INFO Currently crawling web pages is: http://so.video.sina.com.cn/interface/s?from=video&wd=特朗普&s_id=w00001&p=157&n=20
Mon, 21 Aug 2017 10:35:16 video_url_spider.py[line:161] INFO Currently crawling web pages is: http://so.video.sina.com.cn/interface/s?from=video&wd=特朗普&s_id=w00001&p=158&n=20
Mon, 21 Aug 2017 10:35:17 video_url_spider.py[line:161] INFO Currently crawling web pages is: http://so.video.sina.com.cn/interface/s?from=video&wd=特朗普&s_id=w00001&p=159&n=20
Mon, 21 Aug 2017 10:35:18 video_url_spider.py[line:161] INFO Currently crawling web pages is: http://so.video.sina.com.cn/interface/s?from=video&wd=特朗普&s_id=w00001&p=160&n=20
Mon, 21 Aug 2017 10:35:19 video_url_spider.py[line:161] INFO Currently crawling web pages is: http://so.video.sina.com.cn/interface/s?from=video&wd=特朗普&s_id=w00001&p=161&n=20
Mon, 21 Aug 2017 10:35:20 video_url_spider.py[line:161] INFO Currently crawling web pages is: http://so.video.sina.com.cn/interface/s?from=video&wd=特朗普&s_id=w00001&p=162&n=20
Mon, 21 Aug 2017 10:35:21 video_url_spider.py[line:161] INFO Currently crawling web pages is: http://so.video.sina.com.cn/interface/s?from=video&wd=特朗普&s_id=w00001&p=163&n=20
Mon, 21 Aug 2017 10:35:22 video_url_spider.py[line:161] INFO Currently crawling web pages is: http://so.video.sina.com.cn/interface/s?from=video&wd=特朗普&s_id=w00001&p=164&n=20
Mon, 21 Aug 2017 10:35:23 video_url_spider.py[line:161] INFO Currently crawling web pages is: http://so.video.sina.com.cn/interface/s?from=video&wd=特朗普&s_id=w00001&p=165&n=20
Mon, 21 Aug 2017 10:35:24 video_url_spider.py[line:161] INFO Currently crawling web pages is: http://so.video.sina.com.cn/interface/s?from=video&wd=特朗普&s_id=w00001&p=166&n=20
Mon, 21 Aug 2017 10:35:25 video_url_spider.py[line:161] INFO Currently crawling web pages is: http://so.video.sina.com.cn/interface/s?from=video&wd=特朗普&s_id=w00001&p=167&n=20
Mon, 21 Aug 2017 10:35:26 video_url_spider.py[line:161] INFO Currently crawling web pages is: http://so.video.sina.com.cn/interface/s?from=video&wd=特朗普&s_id=w00001&p=168&n=20
Mon, 21 Aug 2017 10:35:27 video_url_spider.py[line:161] INFO Currently crawling web pages is: http://so.video.sina.com.cn/interface/s?from=video&wd=特朗普&s_id=w00001&p=169&n=20
Mon, 21 Aug 2017 10:35:29 video_url_spider.py[line:161] INFO Currently crawling web pages is: http://so.video.sina.com.cn/interface/s?from=video&wd=特朗普&s_id=w00001&p=170&n=20
Mon, 21 Aug 2017 10:35:30 video_url_spider.py[line:161] INFO Currently crawling web pages is: http://so.video.sina.com.cn/interface/s?from=video&wd=特朗普&s_id=w00001&p=171&n=20
Mon, 21 Aug 2017 10:35:31 video_url_spider.py[line:161] INFO Currently crawling web pages is: http://so.video.sina.com.cn/interface/s?from=video&wd=特朗普&s_id=w00001&p=172&n=20
Mon, 21 Aug 2017 10:35:32 video_url_spider.py[line:161] INFO Currently crawling web pages is: http://so.video.sina.com.cn/interface/s?from=video&wd=特朗普&s_id=w00001&p=173&n=20
Mon, 21 Aug 2017 10:35:33 video_url_spider.py[line:161] INFO Currently crawling web pages is: http://so.video.sina.com.cn/interface/s?from=video&wd=特朗普&s_id=w00001&p=174&n=20
Mon, 21 Aug 2017 10:35:34 video_url_spider.py[line:161] INFO Currently crawling web pages is: http://so.video.sina.com.cn/interface/s?from=video&wd=特朗普&s_id=w00001&p=175&n=20
Mon, 21 Aug 2017 10:35:35 video_url_spider.py[line:161] INFO Currently crawling web pages is: http://so.video.sina.com.cn/interface/s?from=video&wd=特朗普&s_id=w00001&p=176&n=20
Mon, 21 Aug 2017 10:35:36 video_url_spider.py[line:161] INFO Currently crawling web pages is: http://so.video.sina.com.cn/interface/s?from=video&wd=特朗普&s_id=w00001&p=177&n=20
Mon, 21 Aug 2017 10:35:37 video_url_spider.py[line:161] INFO Currently crawling web pages is: http://so.video.sina.com.cn/interface/s?from=video&wd=特朗普&s_id=w00001&p=178&n=20
Mon, 21 Aug 2017 10:35:38 video_url_spider.py[line:161] INFO Currently crawling web pages is: http://so.video.sina.com.cn/interface/s?from=video&wd=特朗普&s_id=w00001&p=179&n=20
Mon, 21 Aug 2017 10:35:39 video_url_spider.py[line:161] INFO Currently crawling web pages is: http://so.video.sina.com.cn/interface/s?from=video&wd=特朗普&s_id=w00001&p=180&n=20
Mon, 21 Aug 2017 10:35:40 video_url_spider.py[line:161] INFO Currently crawling web pages is: http://so.video.sina.com.cn/interface/s?from=video&wd=特朗普&s_id=w00001&p=181&n=20
Mon, 21 Aug 2017 10:35:41 video_url_spider.py[line:161] INFO Currently crawling web pages is: http://so.video.sina.com.cn/interface/s?from=video&wd=特朗普&s_id=w00001&p=182&n=20
Mon, 21 Aug 2017 10:35:42 video_url_spider.py[line:161] INFO Currently crawling web pages is: http://so.video.sina.com.cn/interface/s?from=video&wd=特朗普&s_id=w00001&p=183&n=20
Mon, 21 Aug 2017 10:35:43 video_url_spider.py[line:161] INFO Currently crawling web pages is: http://so.video.sina.com.cn/interface/s?from=video&wd=特朗普&s_id=w00001&p=184&n=20
Mon, 21 Aug 2017 10:35:44 video_url_spider.py[line:161] INFO Currently crawling web pages is: http://so.video.sina.com.cn/interface/s?from=video&wd=特朗普&s_id=w00001&p=185&n=20
Mon, 21 Aug 2017 10:35:45 video_url_spider.py[line:161] INFO Currently crawling web pages is: http://so.video.sina.com.cn/interface/s?from=video&wd=特朗普&s_id=w00001&p=186&n=20
Mon, 21 Aug 2017 10:35:46 video_url_spider.py[line:161] INFO Currently crawling web pages is: http://so.video.sina.com.cn/interface/s?from=video&wd=特朗普&s_id=w00001&p=187&n=20
Mon, 21 Aug 2017 10:35:47 video_url_spider.py[line:161] INFO Currently crawling web pages is: http://so.video.sina.com.cn/interface/s?from=video&wd=特朗普&s_id=w00001&p=188&n=20
Mon, 21 Aug 2017 10:35:48 video_url_spider.py[line:161] INFO Currently crawling web pages is: http://so.video.sina.com.cn/interface/s?from=video&wd=特朗普&s_id=w00001&p=189&n=20
Mon, 21 Aug 2017 10:35:49 video_url_spider.py[line:161] INFO Currently crawling web pages is: http://so.video.sina.com.cn/interface/s?from=video&wd=特朗普&s_id=w00001&p=190&n=20
Mon, 21 Aug 2017 10:35:51 video_url_spider.py[line:161] INFO Currently crawling web pages is: http://so.video.sina.com.cn/interface/s?from=video&wd=特朗普&s_id=w00001&p=191&n=20
Mon, 21 Aug 2017 10:35:52 video_url_spider.py[line:161] INFO Currently crawling web pages is: http://so.video.sina.com.cn/interface/s?from=video&wd=特朗普&s_id=w00001&p=192&n=20
Mon, 21 Aug 2017 10:35:53 video_url_spider.py[line:161] INFO Currently crawling web pages is: http://so.video.sina.com.cn/interface/s?from=video&wd=特朗普&s_id=w00001&p=193&n=20
Mon, 21 Aug 2017 10:35:54 video_url_spider.py[line:161] INFO Currently crawling web pages is: http://so.video.sina.com.cn/interface/s?from=video&wd=特朗普&s_id=w00001&p=194&n=20
Mon, 21 Aug 2017 10:35:55 video_url_spider.py[line:161] INFO Currently crawling web pages is: http://so.video.sina.com.cn/interface/s?from=video&wd=特朗普&s_id=w00001&p=195&n=20
Mon, 21 Aug 2017 10:35:56 video_url_spider.py[line:161] INFO Currently crawling web pages is: http://so.video.sina.com.cn/interface/s?from=video&wd=特朗普&s_id=w00001&p=196&n=20
Mon, 21 Aug 2017 10:35:57 video_url_spider.py[line:161] INFO Currently crawling web pages is: http://so.video.sina.com.cn/interface/s?from=video&wd=特朗普&s_id=w00001&p=197&n=20
Mon, 21 Aug 2017 10:35:58 video_url_spider.py[line:161] INFO Currently crawling web pages is: http://so.video.sina.com.cn/interface/s?from=video&wd=特朗普&s_id=w00001&p=198&n=20
Mon, 21 Aug 2017 10:35:59 video_url_spider.py[line:161] INFO Currently crawling web pages is: http://so.video.sina.com.cn/interface/s?from=video&wd=特朗普&s_id=w00001&p=199&n=20
Mon, 21 Aug 2017 10:36:00 video_url_spider.py[line:161] INFO Currently crawling web pages is: http://so.video.sina.com.cn/interface/s?from=video&wd=特朗普&s_id=w00001&p=200&n=20
Mon, 21 Aug 2017 10:36:01 video_url_spider.py[line:161] INFO Currently crawling web pages is: http://so.video.sina.com.cn/interface/s?from=video&wd=特朗普&s_id=w00001&p=201&n=20
Mon, 21 Aug 2017 10:36:02 video_url_spider.py[line:161] INFO Currently crawling web pages is: http://so.video.sina.com.cn/interface/s?from=video&wd=特朗普&s_id=w00001&p=202&n=20
Mon, 21 Aug 2017 10:36:03 video_url_spider.py[line:161] INFO Currently crawling web pages is: http://so.video.sina.com.cn/interface/s?from=video&wd=特朗普&s_id=w00001&p=203&n=20
Mon, 21 Aug 2017 10:36:04 video_url_spider.py[line:161] INFO Currently crawling web pages is: http://so.video.sina.com.cn/interface/s?from=video&wd=特朗普&s_id=w00001&p=204&n=20
Mon, 21 Aug 2017 10:36:05 video_url_spider.py[line:161] INFO Currently crawling web pages is: http://so.video.sina.com.cn/interface/s?from=video&wd=特朗普&s_id=w00001&p=205&n=20
Mon, 21 Aug 2017 10:36:07 video_url_spider.py[line:161] INFO Currently crawling web pages is: http://so.video.sina.com.cn/interface/s?from=video&wd=特朗普&s_id=w00001&p=206&n=20
Mon, 21 Aug 2017 10:36:08 video_url_spider.py[line:161] INFO Currently crawling web pages is: http://so.video.sina.com.cn/interface/s?from=video&wd=特朗普&s_id=w00001&p=207&n=20
Mon, 21 Aug 2017 10:36:09 video_url_spider.py[line:161] INFO Currently crawling web pages is: http://so.video.sina.com.cn/interface/s?from=video&wd=特朗普&s_id=w00001&p=208&n=20
Mon, 21 Aug 2017 10:36:10 video_url_spider.py[line:161] INFO Currently crawling web pages is: http://so.video.sina.com.cn/interface/s?from=video&wd=特朗普&s_id=w00001&p=209&n=20
Mon, 21 Aug 2017 10:36:11 video_url_spider.py[line:161] INFO Currently crawling web pages is: http://so.video.sina.com.cn/interface/s?from=video&wd=特朗普&s_id=w00001&p=210&n=20
Mon, 21 Aug 2017 10:36:12 video_url_spider.py[line:161] INFO Currently crawling web pages is: http://so.video.sina.com.cn/interface/s?from=video&wd=特朗普&s_id=w00001&p=211&n=20
Mon, 21 Aug 2017 10:36:13 video_url_spider.py[line:161] INFO Currently crawling web pages is: http://so.video.sina.com.cn/interface/s?from=video&wd=特朗普&s_id=w00001&p=212&n=20
Mon, 21 Aug 2017 10:36:14 video_url_spider.py[line:161] INFO Currently crawling web pages is: http://so.video.sina.com.cn/interface/s?from=video&wd=特朗普&s_id=w00001&p=213&n=20
Mon, 21 Aug 2017 10:36:15 video_url_spider.py[line:161] INFO Currently crawling web pages is: http://so.video.sina.com.cn/interface/s?from=video&wd=特朗普&s_id=w00001&p=214&n=20
Mon, 21 Aug 2017 10:36:16 video_url_spider.py[line:161] INFO Currently crawling web pages is: http://so.video.sina.com.cn/interface/s?from=video&wd=特朗普&s_id=w00001&p=215&n=20
Mon, 21 Aug 2017 10:36:17 video_url_spider.py[line:161] INFO Currently crawling web pages is: http://so.video.sina.com.cn/interface/s?from=video&wd=特朗普&s_id=w00001&p=216&n=20
Mon, 21 Aug 2017 10:36:18 video_url_spider.py[line:161] INFO Currently crawling web pages is: http://so.video.sina.com.cn/interface/s?from=video&wd=特朗普&s_id=w00001&p=217&n=20
Mon, 21 Aug 2017 10:36:19 video_url_spider.py[line:161] INFO Currently crawling web pages is: http://so.video.sina.com.cn/interface/s?from=video&wd=特朗普&s_id=w00001&p=218&n=20
Mon, 21 Aug 2017 10:36:20 video_url_spider.py[line:161] INFO Currently crawling web pages is: http://so.video.sina.com.cn/interface/s?from=video&wd=特朗普&s_id=w00001&p=219&n=20
Mon, 21 Aug 2017 10:36:21 video_url_spider.py[line:161] INFO Currently crawling web pages is: http://so.video.sina.com.cn/interface/s?from=video&wd=特朗普&s_id=w00001&p=220&n=20
Mon, 21 Aug 2017 10:36:22 video_url_spider.py[line:161] INFO Currently crawling web pages is: http://so.video.sina.com.cn/interface/s?from=video&wd=特朗普&s_id=w00001&p=221&n=20
Mon, 21 Aug 2017 10:36:23 video_url_spider.py[line:161] INFO Currently crawling web pages is: http://so.video.sina.com.cn/interface/s?from=video&wd=特朗普&s_id=w00001&p=222&n=20
Mon, 21 Aug 2017 10:36:25 video_url_spider.py[line:161] INFO Currently crawling web pages is: http://so.video.sina.com.cn/interface/s?from=video&wd=特朗普&s_id=w00001&p=223&n=20
Mon, 21 Aug 2017 10:36:26 video_url_spider.py[line:161] INFO Currently crawling web pages is: http://so.video.sina.com.cn/interface/s?from=video&wd=特朗普&s_id=w00001&p=224&n=20
Mon, 21 Aug 2017 10:36:27 video_url_spider.py[line:161] INFO Currently crawling web pages is: http://so.video.sina.com.cn/interface/s?from=video&wd=特朗普&s_id=w00001&p=225&n=20
Mon, 21 Aug 2017 10:36:28 video_url_spider.py[line:161] INFO Currently crawling web pages is: http://so.video.sina.com.cn/interface/s?from=video&wd=特朗普&s_id=w00001&p=226&n=20
Mon, 21 Aug 2017 10:36:29 video_url_spider.py[line:161] INFO Currently crawling web pages is: http://so.video.sina.com.cn/interface/s?from=video&wd=特朗普&s_id=w00001&p=227&n=20
Mon, 21 Aug 2017 10:36:30 video_url_spider.py[line:161] INFO Currently crawling web pages is: http://so.video.sina.com.cn/interface/s?from=video&wd=特朗普&s_id=w00001&p=228&n=20
Mon, 21 Aug 2017 10:36:31 video_url_spider.py[line:161] INFO Currently crawling web pages is: http://so.video.sina.com.cn/interface/s?from=video&wd=特朗普&s_id=w00001&p=229&n=20
Mon, 21 Aug 2017 10:36:32 video_url_spider.py[line:161] INFO Currently crawling web pages is: http://so.video.sina.com.cn/interface/s?from=video&wd=特朗普&s_id=w00001&p=230&n=20
Mon, 21 Aug 2017 10:36:33 video_url_spider.py[line:161] INFO Currently crawling web pages is: http://so.video.sina.com.cn/interface/s?from=video&wd=特朗普&s_id=w00001&p=231&n=20
Mon, 21 Aug 2017 10:36:34 video_url_spider.py[line:161] INFO Currently crawling web pages is: http://so.video.sina.com.cn/interface/s?from=video&wd=特朗普&s_id=w00001&p=232&n=20
Mon, 21 Aug 2017 10:36:35 video_url_spider.py[line:161] INFO Currently crawling web pages is: http://so.video.sina.com.cn/interface/s?from=video&wd=特朗普&s_id=w00001&p=233&n=20
Mon, 21 Aug 2017 10:36:36 video_url_spider.py[line:161] INFO Currently crawling web pages is: http://so.video.sina.com.cn/interface/s?from=video&wd=特朗普&s_id=w00001&p=234&n=20
Mon, 21 Aug 2017 10:36:37 video_url_spider.py[line:161] INFO Currently crawling web pages is: http://so.video.sina.com.cn/interface/s?from=video&wd=特朗普&s_id=w00001&p=235&n=20
Mon, 21 Aug 2017 10:36:38 video_url_spider.py[line:161] INFO Currently crawling web pages is: http://so.video.sina.com.cn/interface/s?from=video&wd=特朗普&s_id=w00001&p=236&n=20
Mon, 21 Aug 2017 10:36:39 video_url_spider.py[line:161] INFO Currently crawling web pages is: http://so.video.sina.com.cn/interface/s?from=video&wd=特朗普&s_id=w00001&p=237&n=20
Mon, 21 Aug 2017 10:36:40 video_url_spider.py[line:161] INFO Currently crawling web pages is: http://so.video.sina.com.cn/interface/s?from=video&wd=特朗普&s_id=w00001&p=238&n=20
Mon, 21 Aug 2017 10:36:41 video_url_spider.py[line:161] INFO Currently crawling web pages is: http://so.video.sina.com.cn/interface/s?from=video&wd=特朗普&s_id=w00001&p=239&n=20
Mon, 21 Aug 2017 10:36:42 video_url_spider.py[line:161] INFO Currently crawling web pages is: http://so.video.sina.com.cn/interface/s?from=video&wd=特朗普&s_id=w00001&p=240&n=20
Mon, 21 Aug 2017 10:36:43 video_url_spider.py[line:161] INFO Currently crawling web pages is: http://so.video.sina.com.cn/interface/s?from=video&wd=特朗普&s_id=w00001&p=241&n=20
Mon, 21 Aug 2017 10:36:44 video_url_spider.py[line:161] INFO Currently crawling web pages is: http://so.video.sina.com.cn/interface/s?from=video&wd=特朗普&s_id=w00001&p=242&n=20
Mon, 21 Aug 2017 10:36:46 video_url_spider.py[line:161] INFO Currently crawling web pages is: http://so.video.sina.com.cn/interface/s?from=video&wd=特朗普&s_id=w00001&p=243&n=20
Mon, 21 Aug 2017 10:36:47 video_url_spider.py[line:161] INFO Currently crawling web pages is: http://so.video.sina.com.cn/interface/s?from=video&wd=特朗普&s_id=w00001&p=244&n=20
Mon, 21 Aug 2017 10:36:48 video_url_spider.py[line:161] INFO Currently crawling web pages is: http://so.video.sina.com.cn/interface/s?from=video&wd=特朗普&s_id=w00001&p=245&n=20
Mon, 21 Aug 2017 10:36:49 video_url_spider.py[line:161] INFO Currently crawling web pages is: http://so.video.sina.com.cn/interface/s?from=video&wd=特朗普&s_id=w00001&p=246&n=20
Mon, 21 Aug 2017 10:36:50 video_url_spider.py[line:161] INFO Currently crawling web pages is: http://so.video.sina.com.cn/interface/s?from=video&wd=特朗普&s_id=w00001&p=247&n=20
Mon, 21 Aug 2017 10:36:51 video_url_spider.py[line:161] INFO Currently crawling web pages is: http://so.video.sina.com.cn/interface/s?from=video&wd=特朗普&s_id=w00001&p=248&n=20
Mon, 21 Aug 2017 10:36:52 video_url_spider.py[line:161] INFO Currently crawling web pages is: http://so.video.sina.com.cn/interface/s?from=video&wd=特朗普&s_id=w00001&p=249&n=20
Mon, 21 Aug 2017 10:36:53 video_url_spider.py[line:161] INFO Currently crawling web pages is: http://so.video.sina.com.cn/interface/s?from=video&wd=特朗普&s_id=w00001&p=250&n=20
Mon, 21 Aug 2017 10:36:54 video_url_spider.py[line:161] INFO Currently crawling web pages is: http://so.video.sina.com.cn/interface/s?from=video&wd=特朗普&s_id=w00001&p=251&n=20
Mon, 21 Aug 2017 10:36:55 video_url_spider.py[line:161] INFO Currently crawling web pages is: http://so.video.sina.com.cn/interface/s?from=video&wd=特朗普&s_id=w00001&p=252&n=20
Mon, 21 Aug 2017 10:36:56 video_url_spider.py[line:161] INFO Currently crawling web pages is: http://so.video.sina.com.cn/interface/s?from=video&wd=特朗普&s_id=w00001&p=253&n=20
Mon, 21 Aug 2017 10:36:57 video_url_spider.py[line:161] INFO Currently crawling web pages is: http://so.video.sina.com.cn/interface/s?from=video&wd=特朗普&s_id=w00001&p=254&n=20
Mon, 21 Aug 2017 10:36:58 video_url_spider.py[line:161] INFO Currently crawling web pages is: http://so.video.sina.com.cn/interface/s?from=video&wd=特朗普&s_id=w00001&p=255&n=20
Mon, 21 Aug 2017 10:36:59 video_url_spider.py[line:161] INFO Currently crawling web pages is: http://so.video.sina.com.cn/interface/s?from=video&wd=特朗普&s_id=w00001&p=256&n=20
Mon, 21 Aug 2017 10:37:00 video_url_spider.py[line:161] INFO Currently crawling web pages is: http://so.video.sina.com.cn/interface/s?from=video&wd=特朗普&s_id=w00001&p=257&n=20
Mon, 21 Aug 2017 10:37:01 video_url_spider.py[line:161] INFO Currently crawling web pages is: http://so.video.sina.com.cn/interface/s?from=video&wd=特朗普&s_id=w00001&p=258&n=20
Mon, 21 Aug 2017 10:37:02 video_url_spider.py[line:161] INFO Currently crawling web pages is: http://so.video.sina.com.cn/interface/s?from=video&wd=特朗普&s_id=w00001&p=259&n=20
Mon, 21 Aug 2017 10:37:04 video_url_spider.py[line:161] INFO Currently crawling web pages is: http://so.video.sina.com.cn/interface/s?from=video&wd=特朗普&s_id=w00001&p=260&n=20
Mon, 21 Aug 2017 10:37:05 video_url_spider.py[line:161] INFO Currently crawling web pages is: http://so.video.sina.com.cn/interface/s?from=video&wd=特朗普&s_id=w00001&p=261&n=20
Mon, 21 Aug 2017 10:37:06 video_url_spider.py[line:161] INFO Currently crawling web pages is: http://so.video.sina.com.cn/interface/s?from=video&wd=特朗普&s_id=w00001&p=262&n=20
Mon, 21 Aug 2017 10:37:07 video_url_spider.py[line:161] INFO Currently crawling web pages is: http://so.video.sina.com.cn/interface/s?from=video&wd=特朗普&s_id=w00001&p=263&n=20
Mon, 21 Aug 2017 10:37:08 video_url_spider.py[line:161] INFO Currently crawling web pages is: http://so.video.sina.com.cn/interface/s?from=video&wd=特朗普&s_id=w00001&p=264&n=20
Mon, 21 Aug 2017 10:37:09 video_url_spider.py[line:161] INFO Currently crawling web pages is: http://so.video.sina.com.cn/interface/s?from=video&wd=特朗普&s_id=w00001&p=265&n=20
Mon, 21 Aug 2017 10:37:10 video_url_spider.py[line:161] INFO Currently crawling web pages is: http://so.video.sina.com.cn/interface/s?from=video&wd=特朗普&s_id=w00001&p=266&n=20
Mon, 21 Aug 2017 10:37:11 video_url_spider.py[line:161] INFO Currently crawling web pages is: http://so.video.sina.com.cn/interface/s?from=video&wd=特朗普&s_id=w00001&p=267&n=20
Mon, 21 Aug 2017 10:37:12 video_url_spider.py[line:161] INFO Currently crawling web pages is: http://so.video.sina.com.cn/interface/s?from=video&wd=特朗普&s_id=w00001&p=268&n=20
Mon, 21 Aug 2017 10:37:13 video_url_spider.py[line:161] INFO Currently crawling web pages is: http://so.video.sina.com.cn/interface/s?from=video&wd=特朗普&s_id=w00001&p=269&n=20
Mon, 21 Aug 2017 10:37:14 video_url_spider.py[line:161] INFO Currently crawling web pages is: http://so.video.sina.com.cn/interface/s?from=video&wd=特朗普&s_id=w00001&p=270&n=20
Mon, 21 Aug 2017 10:37:15 video_url_spider.py[line:161] INFO Currently crawling web pages is: http://so.video.sina.com.cn/interface/s?from=video&wd=特朗普&s_id=w00001&p=271&n=20
Mon, 21 Aug 2017 10:37:16 video_url_spider.py[line:161] INFO Currently crawling web pages is: http://so.video.sina.com.cn/interface/s?from=video&wd=特朗普&s_id=w00001&p=272&n=20
Mon, 21 Aug 2017 10:37:17 video_url_spider.py[line:161] INFO Currently crawling web pages is: http://so.video.sina.com.cn/interface/s?from=video&wd=特朗普&s_id=w00001&p=273&n=20
Mon, 21 Aug 2017 10:37:18 video_url_spider.py[line:161] INFO Currently crawling web pages is: http://so.video.sina.com.cn/interface/s?from=video&wd=特朗普&s_id=w00001&p=274&n=20
Mon, 21 Aug 2017 10:37:19 video_url_spider.py[line:161] INFO Currently crawling web pages is: http://so.video.sina.com.cn/interface/s?from=video&wd=特朗普&s_id=w00001&p=275&n=20
Mon, 21 Aug 2017 10:37:20 video_url_spider.py[line:161] INFO Currently crawling web pages is: http://so.video.sina.com.cn/interface/s?from=video&wd=特朗普&s_id=w00001&p=276&n=20
Mon, 21 Aug 2017 10:37:21 video_url_spider.py[line:161] INFO Currently crawling web pages is: http://so.video.sina.com.cn/interface/s?from=video&wd=特朗普&s_id=w00001&p=277&n=20
Mon, 21 Aug 2017 10:37:22 video_url_spider.py[line:161] INFO Currently crawling web pages is: http://so.video.sina.com.cn/interface/s?from=video&wd=特朗普&s_id=w00001&p=278&n=20
Mon, 21 Aug 2017 10:37:23 video_url_spider.py[line:161] INFO Currently crawling web pages is: http://so.video.sina.com.cn/interface/s?from=video&wd=特朗普&s_id=w00001&p=279&n=20
Mon, 21 Aug 2017 10:37:25 video_url_spider.py[line:161] INFO Currently crawling web pages is: http://so.video.sina.com.cn/interface/s?from=video&wd=特朗普&s_id=w00001&p=280&n=20
Mon, 21 Aug 2017 10:37:26 video_url_spider.py[line:161] INFO Currently crawling web pages is: http://so.video.sina.com.cn/interface/s?from=video&wd=特朗普&s_id=w00001&p=281&n=20
Mon, 21 Aug 2017 10:37:27 video_url_spider.py[line:161] INFO Currently crawling web pages is: http://so.video.sina.com.cn/interface/s?from=video&wd=特朗普&s_id=w00001&p=282&n=20
Mon, 21 Aug 2017 10:37:28 video_url_spider.py[line:161] INFO Currently crawling web pages is: http://so.video.sina.com.cn/interface/s?from=video&wd=特朗普&s_id=w00001&p=283&n=20
Mon, 21 Aug 2017 10:37:29 video_url_spider.py[line:161] INFO Currently crawling web pages is: http://so.video.sina.com.cn/interface/s?from=video&wd=特朗普&s_id=w00001&p=284&n=20
Mon, 21 Aug 2017 10:37:30 video_url_spider.py[line:161] INFO Currently crawling web pages is: http://so.video.sina.com.cn/interface/s?from=video&wd=特朗普&s_id=w00001&p=285&n=20
Mon, 21 Aug 2017 10:37:31 video_url_spider.py[line:161] INFO Currently crawling web pages is: http://so.video.sina.com.cn/interface/s?from=video&wd=特朗普&s_id=w00001&p=286&n=20
Mon, 21 Aug 2017 10:37:32 video_url_spider.py[line:161] INFO Currently crawling web pages is: http://so.video.sina.com.cn/interface/s?from=video&wd=特朗普&s_id=w00001&p=287&n=20
Mon, 21 Aug 2017 10:37:33 video_url_spider.py[line:161] INFO Currently crawling web pages is: http://so.video.sina.com.cn/interface/s?from=video&wd=特朗普&s_id=w00001&p=288&n=20
Mon, 21 Aug 2017 10:37:34 video_url_spider.py[line:161] INFO Currently crawling web pages is: http://so.video.sina.com.cn/interface/s?from=video&wd=特朗普&s_id=w00001&p=289&n=20
Mon, 21 Aug 2017 10:37:35 video_url_spider.py[line:161] INFO Currently crawling web pages is: http://so.video.sina.com.cn/interface/s?from=video&wd=特朗普&s_id=w00001&p=290&n=20
Mon, 21 Aug 2017 10:37:36 video_url_spider.py[line:161] INFO Currently crawling web pages is: http://so.video.sina.com.cn/interface/s?from=video&wd=特朗普&s_id=w00001&p=291&n=20
Mon, 21 Aug 2017 10:37:37 video_url_spider.py[line:161] INFO Currently crawling web pages is: http://so.video.sina.com.cn/interface/s?from=video&wd=特朗普&s_id=w00001&p=292&n=20
Mon, 21 Aug 2017 10:37:38 video_url_spider.py[line:161] INFO Currently crawling web pages is: http://so.video.sina.com.cn/interface/s?from=video&wd=特朗普&s_id=w00001&p=293&n=20
Mon, 21 Aug 2017 10:37:39 video_url_spider.py[line:161] INFO Currently crawling web pages is: http://so.video.sina.com.cn/interface/s?from=video&wd=特朗普&s_id=w00001&p=294&n=20
Mon, 21 Aug 2017 10:37:40 video_url_spider.py[line:161] INFO Currently crawling web pages is: http://so.video.sina.com.cn/interface/s?from=video&wd=特朗普&s_id=w00001&p=295&n=20
Mon, 21 Aug 2017 10:37:41 video_url_spider.py[line:161] INFO Currently crawling web pages is: http://so.video.sina.com.cn/interface/s?from=video&wd=特朗普&s_id=w00001&p=296&n=20
Mon, 21 Aug 2017 10:37:42 video_url_spider.py[line:161] INFO Currently crawling web pages is: http://so.video.sina.com.cn/interface/s?from=video&wd=特朗普&s_id=w00001&p=297&n=20
Mon, 21 Aug 2017 10:37:44 video_url_spider.py[line:161] INFO Currently crawling web pages is: http://so.video.sina.com.cn/interface/s?from=video&wd=特朗普&s_id=w00001&p=298&n=20
Mon, 21 Aug 2017 10:37:45 video_url_spider.py[line:161] INFO Currently crawling web pages is: http://so.video.sina.com.cn/interface/s?from=video&wd=特朗普&s_id=w00001&p=299&n=20
Mon, 21 Aug 2017 10:37:46 video_url_spider.py[line:161] INFO Currently crawling web pages is: http://so.video.sina.com.cn/interface/s?from=video&wd=特朗普&s_id=w00001&p=300&n=20
Mon, 21 Aug 2017 10:37:47 video_url_spider.py[line:161] INFO Currently crawling web pages is: http://so.video.sina.com.cn/interface/s?from=video&wd=特朗普&s_id=w00001&p=301&n=20
Mon, 21 Aug 2017 10:37:48 video_url_spider.py[line:161] INFO Currently crawling web pages is: http://so.video.sina.com.cn/interface/s?from=video&wd=特朗普&s_id=w00001&p=302&n=20
Mon, 21 Aug 2017 10:37:49 video_url_spider.py[line:161] INFO Currently crawling web pages is: http://so.video.sina.com.cn/interface/s?from=video&wd=特朗普&s_id=w00001&p=303&n=20
Mon, 21 Aug 2017 10:37:50 video_url_spider.py[line:161] INFO Currently crawling web pages is: http://so.video.sina.com.cn/interface/s?from=video&wd=特朗普&s_id=w00001&p=304&n=20
Mon, 21 Aug 2017 10:37:51 video_url_spider.py[line:161] INFO Currently crawling web pages is: http://so.video.sina.com.cn/interface/s?from=video&wd=特朗普&s_id=w00001&p=305&n=20
Mon, 21 Aug 2017 10:37:52 video_url_spider.py[line:161] INFO Currently crawling web pages is: http://so.video.sina.com.cn/interface/s?from=video&wd=特朗普&s_id=w00001&p=306&n=20
Mon, 21 Aug 2017 10:37:53 video_url_spider.py[line:161] INFO Currently crawling web pages is: http://so.video.sina.com.cn/interface/s?from=video&wd=特朗普&s_id=w00001&p=307&n=20
Mon, 21 Aug 2017 10:37:54 video_url_spider.py[line:161] INFO Currently crawling web pages is: http://so.video.sina.com.cn/interface/s?from=video&wd=特朗普&s_id=w00001&p=308&n=20
Mon, 21 Aug 2017 10:37:55 video_url_spider.py[line:161] INFO Currently crawling web pages is: http://so.video.sina.com.cn/interface/s?from=video&wd=特朗普&s_id=w00001&p=309&n=20
Mon, 21 Aug 2017 10:37:56 video_url_spider.py[line:161] INFO Currently crawling web pages is: http://so.video.sina.com.cn/interface/s?from=video&wd=特朗普&s_id=w00001&p=310&n=20
Mon, 21 Aug 2017 10:37:57 video_url_spider.py[line:161] INFO Currently crawling web pages is: http://so.video.sina.com.cn/interface/s?from=video&wd=特朗普&s_id=w00001&p=311&n=20
Mon, 21 Aug 2017 10:37:58 video_url_spider.py[line:161] INFO Currently crawling web pages is: http://so.video.sina.com.cn/interface/s?from=video&wd=特朗普&s_id=w00001&p=312&n=20
Mon, 21 Aug 2017 10:37:59 video_url_spider.py[line:161] INFO Currently crawling web pages is: http://so.video.sina.com.cn/interface/s?from=video&wd=特朗普&s_id=w00001&p=313&n=20
Mon, 21 Aug 2017 10:38:00 video_url_spider.py[line:161] INFO Currently crawling web pages is: http://so.video.sina.com.cn/interface/s?from=video&wd=特朗普&s_id=w00001&p=314&n=20
Mon, 21 Aug 2017 10:38:01 video_url_spider.py[line:161] INFO Currently crawling web pages is: http://so.video.sina.com.cn/interface/s?from=video&wd=特朗普&s_id=w00001&p=315&n=20
Mon, 21 Aug 2017 10:38:02 video_url_spider.py[line:161] INFO Currently crawling web pages is: http://so.video.sina.com.cn/interface/s?from=video&wd=特朗普&s_id=w00001&p=316&n=20
Mon, 21 Aug 2017 10:38:04 video_url_spider.py[line:161] INFO Currently crawling web pages is: http://so.video.sina.com.cn/interface/s?from=video&wd=特朗普&s_id=w00001&p=317&n=20
Mon, 21 Aug 2017 10:38:05 video_url_spider.py[line:161] INFO Currently crawling web pages is: http://so.video.sina.com.cn/interface/s?from=video&wd=特朗普&s_id=w00001&p=318&n=20
Mon, 21 Aug 2017 10:38:06 video_url_spider.py[line:161] INFO Currently crawling web pages is: http://so.video.sina.com.cn/interface/s?from=video&wd=特朗普&s_id=w00001&p=319&n=20
Mon, 21 Aug 2017 10:38:07 video_url_spider.py[line:161] INFO Currently crawling web pages is: http://so.video.sina.com.cn/interface/s?from=video&wd=特朗普&s_id=w00001&p=320&n=20
Mon, 21 Aug 2017 10:38:08 video_url_spider.py[line:161] INFO Currently crawling web pages is: http://so.video.sina.com.cn/interface/s?from=video&wd=特朗普&s_id=w00001&p=321&n=20
Mon, 21 Aug 2017 10:38:09 video_url_spider.py[line:161] INFO Currently crawling web pages is: http://so.video.sina.com.cn/interface/s?from=video&wd=特朗普&s_id=w00001&p=322&n=20
Mon, 21 Aug 2017 10:38:10 video_url_spider.py[line:161] INFO Currently crawling web pages is: http://so.video.sina.com.cn/interface/s?from=video&wd=特朗普&s_id=w00001&p=323&n=20
Mon, 21 Aug 2017 10:38:11 video_url_spider.py[line:161] INFO Currently crawling web pages is: http://so.video.sina.com.cn/interface/s?from=video&wd=特朗普&s_id=w00001&p=324&n=20
Mon, 21 Aug 2017 10:38:12 video_url_spider.py[line:161] INFO Currently crawling web pages is: http://so.video.sina.com.cn/interface/s?from=video&wd=特朗普&s_id=w00001&p=325&n=20
Mon, 21 Aug 2017 10:38:13 video_url_spider.py[line:161] INFO Currently crawling web pages is: http://so.video.sina.com.cn/interface/s?from=video&wd=特朗普&s_id=w00001&p=326&n=20
Mon, 21 Aug 2017 10:38:14 video_url_spider.py[line:161] INFO Currently crawling web pages is: http://so.video.sina.com.cn/interface/s?from=video&wd=特朗普&s_id=w00001&p=327&n=20
Mon, 21 Aug 2017 10:38:15 video_url_spider.py[line:161] INFO Currently crawling web pages is: http://so.video.sina.com.cn/interface/s?from=video&wd=特朗普&s_id=w00001&p=328&n=20
Mon, 21 Aug 2017 10:38:16 video_url_spider.py[line:161] INFO Currently crawling web pages is: http://so.video.sina.com.cn/interface/s?from=video&wd=特朗普&s_id=w00001&p=329&n=20
Mon, 21 Aug 2017 10:38:17 video_url_spider.py[line:161] INFO Currently crawling web pages is: http://so.video.sina.com.cn/interface/s?from=video&wd=特朗普&s_id=w00001&p=330&n=20
Mon, 21 Aug 2017 10:38:18 video_url_spider.py[line:161] INFO Currently crawling web pages is: http://so.video.sina.com.cn/interface/s?from=video&wd=特朗普&s_id=w00001&p=331&n=20
Mon, 21 Aug 2017 10:38:19 video_url_spider.py[line:161] INFO Currently crawling web pages is: http://so.video.sina.com.cn/interface/s?from=video&wd=特朗普&s_id=w00001&p=332&n=20
Mon, 21 Aug 2017 10:38:20 video_url_spider.py[line:193] INFO Success: Task update finshed..
