Tue, 29 Aug 2017 10:06:11 paper_url_spider.py[line:158] INFO 免费代理获取中  
这可能花费几分钟，请稍后...
Tue, 29 Aug 2017 10:06:12 paper_url_spider.py[line:169] INFO 免费代理获取完毕，总共1条。
Tue, 29 Aug 2017 10:06:13 paper_url_spider.py[line:176] INFO 109780
Tue, 29 Aug 2017 10:06:14 paper_url_spider.py[line:209] INFO papers111111:大数据分析的无限深度神经网络方法
Tue, 29 Aug 2017 10:06:15 clean.py[line:194] DEBUG clean fail
Tue, 29 Aug 2017 10:06:15 clean.py[line:195] DEBUG {'url': 'http://s.wanfangdata.com.cn/Paper.aspx?q= 关键词:神经网络', 'quote': 3, 'authors': {'张蕾': {}}, 'spidertime': '2017-08-29 10:06:14', 'keywords': ['深度神经网络', '无限深度神经网络', '前馈神经网络', '回复式神经网络', '大数据'], 'link': 'http://d.wanfangdata.com.cn/Periodical/jsjyjyfz201601006', 'journal': '计算机研究与发展', 'institutions': {}, 'title': '大数据分析的无限深度神经网络方法', 'abstract': {'Chinese': '深度神经网络(deep neural networks,DNNs)及其学习算法,作为成功的大数据分析方法,已为学术界和工业界所熟知.与传统方法相比,深度学习方法以数据驱动、能自动地从数据中提取特征(知识),对于分析非结构化、模式不明多变、跨领域的大数据具有显著优势.目前,在大数据分析中使用的深度神经网络主要是前馈神经网络(feedforward neural networks,FNNs),这种网络擅长提取静态数据的相关关系,适用于基于分类的数据应用场景.但是受到自身结构本质的限制,它提取数据时序特征的能力有限.无限深度神经网络(infinite deep neural networks)是一种具有反馈连接的回复式神经网络(recurrent neural networks,RNNs),本质上是一个动力学系统,网络状态随时间演化是这种网络的本质属性,它耦合了“时间参数”,更加适用于提取数据的时序特征,从而进行大数据的预测.将这种网络的反馈结构在时间维度展开,随着时间的运行,这种网络可以“无限深”,故称之为无限深度神经网络.重点介绍这种网络的拓扑结构和若干学习算法及其在语音识别和图像理解领域的成功实例.'}, 'include': ['ISTIC', 'EI', 'PKU'], 'date': {'year': '2016', 'period': '1'}}
Tue, 29 Aug 2017 10:06:15 clean.py[line:196] DEBUG {'url': 'http://s.wanfangdata.com.cn/Paper.aspx?q= 关键词:神经网络', 'quote': 3, 'authors': ['张蕾', '章毅'], 'spidertime': '2017-08-29 10:06:14', 'keywords': ['深度神经网络', '无限深度神经网络', '前馈神经网络', '回复式神经网络', '大数据'], 'link': 'http://d.wanfangdata.com.cn/Periodical/jsjyjyfz201601006', 'journal': '计算机研究与发展', 'institutions': '四川大学计算机学院机器智能实验室 成都 610065', 'title': '大数据分析的无限深度神经网络方法', 'abstract': '深度神经网络(deep neural networks,DNNs)及其学习算法,作为成功的大数据分析方法,已为学术界和工业界所熟知.与传统方法相比,深度学习方法以数据驱动、能自动地从数据中提取特征(知识),对于分析非结构化、模式不明多变、跨领域的大数据具有显著优势.目前,在大数据分析中使用的深度神经网络主要是前馈神经网络(feedforward neural networks,FNNs),这种网络擅长提取静态数据的相关关系,适用于基于分类的数据应用场景.但是受到自身结构本质的限制,它提取数据时序特征的能力有限.无限深度神经网络(infinite deep neural networks)是一种具有反馈连接的回复式神经网络(recurrent neural networks,RNNs),本质上是一个动力学系统,网络状态随时间演化是这种网络的本质属性,它耦合了“时间参数”,更加适用于提取数据的时序特征,从而进行大数据的预测.将这种网络的反馈结构在时间维度展开,随着时间的运行,这种网络可以“无限深”,故称之为无限深度神经网络.重点介绍这种网络的拓扑结构和若干学习算法及其在语音识别和图像理解领域的成功实例.', 'include': ['ISTIC', 'EI', 'PKU'], 'date': '2016, 53(1)'}
Tue, 29 Aug 2017 10:06:15 paper_url_spider.py[line:222] DEBUG 'NoneType' object is not iterable
Tue, 29 Aug 2017 10:06:15 paper_url_spider.py[line:223] DEBUG None
Tue, 29 Aug 2017 10:06:15 paper_url_spider.py[line:224] DEBUG 插入数据库失败...
Tue, 29 Aug 2017 10:06:16 paper_url_spider.py[line:209] INFO papers111111:基于SARIMA-BP神经网络组合方法的MODIS叶面积指数时间序列建模与预测
Tue, 29 Aug 2017 10:06:17 clean.py[line:194] DEBUG clean fail
Tue, 29 Aug 2017 10:06:17 clean.py[line:195] DEBUG {'url': 'http://s.wanfangdata.com.cn/Paper.aspx?q= 关键词:神经网络', 'quote': 0, 'authors': {}, 'spidertime': '2017-08-29 10:06:16', 'keywords': ['SARIMA', 'BP神经网络', 'LAI', 'SARIMA-BP神经网络组合方法', 'LAI时间序列建模与预测'], 'link': 'http://d.wanfangdata.com.cn/Periodical/gpxygpfx201701035', 'journal': '光谱学与光谱分析', 'institutions': {}, 'title': '基于SARIMA-BP神经网络组合方法的MODIS叶面积指数时间序列建模与预测', 'abstract': {'Chinese': '植被叶面积指数(LAI)时间序列的建模及预测是陆面过程模型和遥感数据同化方法的重要组成部分。MODIS数据产品 MOD15 A2是目前应用最为广泛的 LAI数据源之一,然而 MODIS LAI时间序列产品包含了一些低质量的数据,例如由于云层、气溶胶等的影响,该产品在时间和空间上缺乏连续性。MODIS LAI时间序列包含线性部分和外在干扰产生的非线性部分,单一的线性方法或非线性方法都不能对其精确建模和预测。首先利用Savitzky-Golay(SG)滤波和线性插值平滑受到干扰的LAI时间序列,然后采用季节自回归积分滑动平均(SARIMA)方法、BP神经网络方法及二者的组合方法(SARIMA-BP)对MODIS LAI时间序列进行建模及预测。在 SARIMA-BP神经网络组合方法中,各自在线性与非线性建模的优势得以充分发挥,其中 SARIMA方法用于建模及预测 LAI时间序列中的线性部分,BP 神经网络方法用于对非线性残差部分进行建模及预测。实验结果显示：SG 滤波和线性插值后的 LAI 时间序列比原 LAI 时间序列更平滑；SARIMA-BP神经网络组合方法的决定系数为0.981,比 SARIMA和BP神经网络的0.941和0.884更接近于1；SARIMA-BP神经网络组合方法的预测值同观测值之间的相关系数为0.991,高于SARIMA(0.971)和BP神经网络(0.942)的相关系数。由此得出结论：SARIMA-BP 神经网络组合方法对 MODIS LAI时间序列具有更好的适应性,其建模和预测准确性高于 SARIMA方法或BP神经网络方法。'}, 'include': ['ISTIC', 'EI', 'SCI', 'PKU'], 'date': {'year': '2017', 'period': '1'}}
Tue, 29 Aug 2017 10:06:17 clean.py[line:196] DEBUG {'url': 'http://s.wanfangdata.com.cn/Paper.aspx?q= 关键词:神经网络', 'quote': 0, 'authors': ['姜春雷', '张树清', '张策', '李华朋', '丁小辉'], 'spidertime': '2017-08-29 10:06:16', 'keywords': ['SARIMA', 'BP神经网络', 'LAI', 'SARIMA-BP神经网络组合方法', 'LAI时间序列建模与预测'], 'link': 'http://d.wanfangdata.com.cn/Periodical/gpxygpfx201701035', 'journal': '光谱学与光谱分析', 'institutions': ['中国科学院东北地理与农业生态研究所，吉林 长春 130102', ' 中国科学院大学，北京 100049', '中国科学院东北地理与农业生态研究所,吉林 长春,130102', ' 中国科学院大学，北京 100049', '中国科学院东北地理与农业生态研究所，吉林 长春 130102'], 'title': '基于SARIMA-BP神经网络组合方法的MODIS叶面积指数时间序列建模与预测', 'abstract': '植被叶面积指数(LAI)时间序列的建模及预测是陆面过程模型和遥感数据同化方法的重要组成部分。MODIS数据产品 MOD15 A2是目前应用最为广泛的 LAI数据源之一,然而 MODIS LAI时间序列产品包含了一些低质量的数据,例如由于云层、气溶胶等的影响,该产品在时间和空间上缺乏连续性。MODIS LAI时间序列包含线性部分和外在干扰产生的非线性部分,单一的线性方法或非线性方法都不能对其精确建模和预测。首先利用Savitzky-Golay(SG)滤波和线性插值平滑受到干扰的LAI时间序列,然后采用季节自回归积分滑动平均(SARIMA)方法、BP神经网络方法及二者的组合方法(SARIMA-BP)对MODIS LAI时间序列进行建模及预测。在 SARIMA-BP神经网络组合方法中,各自在线性与非线性建模的优势得以充分发挥,其中 SARIMA方法用于建模及预测 LAI时间序列中的线性部分,BP 神经网络方法用于对非线性残差部分进行建模及预测。实验结果显示：SG 滤波和线性插值后的 LAI 时间序列比原 LAI 时间序列更平滑；SARIMA-BP神经网络组合方法的决定系数为0.981,比 SARIMA和BP神经网络的0.941和0.884更接近于1；SARIMA-BP神经网络组合方法的预测值同观测值之间的相关系数为0.991,高于SARIMA(0.971)和BP神经网络(0.942)的相关系数。由此得出结论：SARIMA-BP 神经网络组合方法对 MODIS LAI时间序列具有更好的适应性,其建模和预测准确性高于 SARIMA方法或BP神经网络方法。', 'include': ['ISTIC', 'EI', 'SCI', 'PKU'], 'date': '2017, 37(1)'}
Tue, 29 Aug 2017 10:06:17 paper_url_spider.py[line:222] DEBUG 'NoneType' object is not iterable
Tue, 29 Aug 2017 10:06:17 paper_url_spider.py[line:223] DEBUG None
Tue, 29 Aug 2017 10:06:17 paper_url_spider.py[line:224] DEBUG 插入数据库失败...
Tue, 29 Aug 2017 10:06:17 paper_url_spider.py[line:209] INFO papers111111:多隐层BP神经网络模型在径流预测中的应用
Tue, 29 Aug 2017 10:06:18 clean.py[line:194] DEBUG clean fail
Tue, 29 Aug 2017 10:06:18 clean.py[line:195] DEBUG {'url': 'http://s.wanfangdata.com.cn/Paper.aspx?q= 关键词:神经网络', 'quote': 40, 'authors': {'崔东文': {}}, 'spidertime': '2017-08-29 10:06:17', 'keywords': ['多隐层BP神经网络', 'RBF神经网络', 'GRNN神经网络', '单隐层BP神经网络', '径流预测'], 'link': 'http://d.wanfangdata.com.cn/Periodical/sw201301013', 'journal': '水文', 'institutions': {}, 'title': '多隐层BP神经网络模型在径流预测中的应用', 'abstract': {'Chinese': '基于人工神经网络基本原理和方法,构建多隐层BP神经网络径流预测模型,以新疆伊犁河雅马渡站径流预测为例进行分析,并构建常规单隐层BP以及RBF、GRNN神经网络模型作为对比分析模型,将各模型预测结果与文献[1]中的预测结果进行比较,结果表明:(1)多隐层BP神经网络径流预测模型泛化能力强,预测精度高,算法稳定,模型精度优于IEA-BP网络模型,表明研究建立的多隐层BP神经网络模型用于径流预测是合理可行的,是一种可以应用于水文径流预测预报的新方法.(2)RBF、GRNN神经网络径流预测模型预测精度高于常规单隐层BP网络模型,且RBF与GRNN神经网络模型具有收敛速度快、预测精度高、调整参数少,不易陷入局部极小值等优点,可以更快地预测网络,具有较大的计算优势.'}, 'include': ['ISTIC', 'PKU'], 'date': {'year': '2013', 'period': '1'}}
Tue, 29 Aug 2017 10:06:18 clean.py[line:196] DEBUG {'url': 'http://s.wanfangdata.com.cn/Paper.aspx?q= 关键词:神经网络', 'quote': 40, 'authors': ['崔东文'], 'spidertime': '2017-08-29 10:06:17', 'keywords': ['多隐层BP神经网络', 'RBF神经网络', 'GRNN神经网络', '单隐层BP神经网络', '径流预测'], 'link': 'http://d.wanfangdata.com.cn/Periodical/sw201301013', 'journal': '水文', 'institutions': '云南省文山州水务局,云南文山,663000', 'title': '多隐层BP神经网络模型在径流预测中的应用', 'abstract': '基于人工神经网络基本原理和方法,构建多隐层BP神经网络径流预测模型,以新疆伊犁河雅马渡站径流预测为例进行分析,并构建常规单隐层BP以及RBF、GRNN神经网络模型作为对比分析模型,将各模型预测结果与文献[1]中的预测结果进行比较,结果表明:(1)多隐层BP神经网络径流预测模型泛化能力强,预测精度高,算法稳定,模型精度优于IEA-BP网络模型,表明研究建立的多隐层BP神经网络模型用于径流预测是合理可行的,是一种可以应用于水文径流预测预报的新方法.(2)RBF、GRNN神经网络径流预测模型预测精度高于常规单隐层BP网络模型,且RBF与GRNN神经网络模型具有收敛速度快、预测精度高、调整参数少,不易陷入局部极小值等优点,可以更快地预测网络,具有较大的计算优势.', 'include': ['ISTIC', 'PKU'], 'date': '2013, 33(1)'}
Tue, 29 Aug 2017 10:06:18 paper_url_spider.py[line:222] DEBUG 'NoneType' object is not iterable
Tue, 29 Aug 2017 10:06:18 paper_url_spider.py[line:223] DEBUG None
Tue, 29 Aug 2017 10:06:18 paper_url_spider.py[line:224] DEBUG 插入数据库失败...
Tue, 29 Aug 2017 10:06:18 paper_url_spider.py[line:209] INFO papers111111:多重组合神经网络模型在年径流预测中的应用
Tue, 29 Aug 2017 10:06:19 clean.py[line:194] DEBUG clean fail
Tue, 29 Aug 2017 10:06:19 clean.py[line:195] DEBUG {'url': 'http://s.wanfangdata.com.cn/Paper.aspx?q= 关键词:神经网络', 'quote': 4, 'authors': {'崔东文': {}}, 'spidertime': '2017-08-29 10:06:18', 'keywords': ['径流预测', '组合模型', 'BP神经网络', 'Elman神经网络', 'RBF神经网络', 'GRNN神经网络'], 'link': 'http://d.wanfangdata.com.cn/Periodical/slsdkjjz201402015', 'journal': '水利水电科技进展', 'institutions': {}, 'title': '多重组合神经网络模型在年径流预测中的应用', 'abstract': {'Chinese': '针对线性组合预测模型预测精度不高、单一预测模型权重较难确定和非线性组合预测模型组合函数难以构造等问题，为最大限度地挖掘输入向量间的有用信息以及充分发挥神经网络模型的高度非线性映射能力，提出一种基于BP、Elman、RBF、GRNN这4种神经网络算法原理的多重组合年径流预测模型。以4种单一预测模型的预测结果作为一次组合预测模型的输入向量，实测流量作为输出向量，构建4输入1输出的一次组合预测模型；再以一次组合预测模型预测结果作为二次组合预测模型的输入向量，实测流量作为输出向量，构建4输入1输出的二次组合预测模型；依次类推，构建12种多重组合预测模型。以新疆伊犁河雅马渡站年径流预测为例，将预测结果与4种单一预测模型及IEA-BP模型的预测结果进行比较，结果表明：多重组合预测模型的预测精度和泛化能力较单一预测模型均有较大提高，随着模型组合重数的增加，预测精度呈提高趋势，是提高预测精度的有效方法。'}, 'include': ['ISTIC', 'PKU'], 'date': {'year': '2014', 'period': '2'}}
Tue, 29 Aug 2017 10:06:19 clean.py[line:196] DEBUG {'url': 'http://s.wanfangdata.com.cn/Paper.aspx?q= 关键词:神经网络', 'quote': 4, 'authors': ['崔东文'], 'spidertime': '2017-08-29 10:06:18', 'keywords': ['径流预测', '组合模型', 'BP神经网络', 'Elman神经网络', 'RBF神经网络', 'GRNN神经网络'], 'link': 'http://d.wanfangdata.com.cn/Periodical/slsdkjjz201402015', 'journal': '水利水电科技进展', 'institutions': '云南省文山州水务局,云南 文山,663000', 'title': '多重组合神经网络模型在年径流预测中的应用', 'abstract': '针对线性组合预测模型预测精度不高、单一预测模型权重较难确定和非线性组合预测模型组合函数难以构造等问题，为最大限度地挖掘输入向量间的有用信息以及充分发挥神经网络模型的高度非线性映射能力，提出一种基于BP、Elman、RBF、GRNN这4种神经网络算法原理的多重组合年径流预测模型。以4种单一预测模型的预测结果作为一次组合预测模型的输入向量，实测流量作为输出向量，构建4输入1输出的一次组合预测模型；再以一次组合预测模型预测结果作为二次组合预测模型的输入向量，实测流量作为输出向量，构建4输入1输出的二次组合预测模型；依次类推，构建12种多重组合预测模型。以新疆伊犁河雅马渡站年径流预测为例，将预测结果与4种单一预测模型及IEA-BP模型的预测结果进行比较，结果表明：多重组合预测模型的预测精度和泛化能力较单一预测模型均有较大提高，随着模型组合重数的增加，预测精度呈提高趋势，是提高预测精度的有效方法。', 'include': ['ISTIC', 'PKU'], 'date': '2014, (2)'}
Tue, 29 Aug 2017 10:06:19 paper_url_spider.py[line:222] DEBUG 'NoneType' object is not iterable
Tue, 29 Aug 2017 10:06:19 paper_url_spider.py[line:223] DEBUG None
Tue, 29 Aug 2017 10:06:19 paper_url_spider.py[line:224] DEBUG 插入数据库失败...
Tue, 29 Aug 2017 10:06:20 paper_url_spider.py[line:209] INFO papers111111:基于SFAM神经网络集成的土地评价
Tue, 29 Aug 2017 10:06:21 clean.py[line:194] DEBUG clean fail
Tue, 29 Aug 2017 10:06:21 clean.py[line:195] DEBUG {'url': 'http://s.wanfangdata.com.cn/Paper.aspx?q= 关键词:神经网络', 'quote': 22, 'authors': {'薛月菊': {}}, 'spidertime': '2017-08-29 10:06:20', 'keywords': ['土地评价', '神经网络集成', 'SFAM神经网络', 'BP神经网络', 'RBF神经网络'], 'link': 'http://d.wanfangdata.com.cn/Periodical/nygcxb200803037', 'journal': '农业工程学报', 'institutions': {}, 'title': '基于SFAM神经网络集成的土地评价', 'abstract': {'Chinese': 'SFAM(Simplified Fuzzy ARTMAP,简化的模糊ARTMAP)神经网络具有自组织反馈、增量式学习和高度复杂映射等特点,是一种较BP神经网络和RBF神经网络等前馈神经网络更优秀的自组织神经网络.为克服SFAM神经网络受输入样本顺序的影响,提高土地评价的精度,提出利用SFAM神经网络集成进行土地评价的方法.并用SFAM神经网络、SFAM神经网络集成、BP神经网络、BP神经网络集成、RBF神经网络和RBF神经网络集成等方法对广东省中山市的土地进行了评价,对评价结果进行了分析和比较,结果表明SFAM神经网络具有比BP神经网络和RBF神经网络更优越的评价性能;对于这三种不同的神经网络,神经网络集成的土壤评价精度分别高于单个神经网络的精度.'}, 'include': ['ISTIC', 'EI', 'PKU'], 'date': {'year': '2008', 'period': '3'}}
Tue, 29 Aug 2017 10:06:21 clean.py[line:196] DEBUG {'url': 'http://s.wanfangdata.com.cn/Paper.aspx?q= 关键词:神经网络', 'quote': 22, 'authors': ['薛月菊', '胡月明', '杨敬锋', '陈强'], 'spidertime': '2017-08-29 10:06:20', 'keywords': ['土地评价', '神经网络集成', 'SFAM神经网络', 'BP神经网络', 'RBF神经网络'], 'link': 'http://d.wanfangdata.com.cn/Periodical/nygcxb200803037', 'journal': '农业工程学报', 'institutions': '华南农业大学南方农业机械与装备关键技术省部共建教育部重点实验室,广州,510642', 'title': '基于SFAM神经网络集成的土地评价', 'abstract': 'SFAM(Simplified Fuzzy ARTMAP,简化的模糊ARTMAP)神经网络具有自组织反馈、增量式学习和高度复杂映射等特点,是一种较BP神经网络和RBF神经网络等前馈神经网络更优秀的自组织神经网络.为克服SFAM神经网络受输入样本顺序的影响,提高土地评价的精度,提出利用SFAM神经网络集成进行土地评价的方法.并用SFAM神经网络、SFAM神经网络集成、BP神经网络、BP神经网络集成、RBF神经网络和RBF神经网络集成等方法对广东省中山市的土地进行了评价,对评价结果进行了分析和比较,结果表明SFAM神经网络具有比BP神经网络和RBF神经网络更优越的评价性能;对于这三种不同的神经网络,神经网络集成的土壤评价精度分别高于单个神经网络的精度.', 'include': ['ISTIC', 'EI', 'PKU'], 'date': '2008, 24(3)'}
Tue, 29 Aug 2017 10:06:21 paper_url_spider.py[line:222] DEBUG 'NoneType' object is not iterable
Tue, 29 Aug 2017 10:06:21 paper_url_spider.py[line:223] DEBUG None
Tue, 29 Aug 2017 10:06:21 paper_url_spider.py[line:224] DEBUG 插入数据库失败...
Tue, 29 Aug 2017 10:06:21 paper_url_spider.py[line:209] INFO papers111111:几种神经网络模型在湖库富营养化程度评价中的应用
Tue, 29 Aug 2017 10:06:22 clean.py[line:194] DEBUG clean fail
Tue, 29 Aug 2017 10:06:22 clean.py[line:195] DEBUG {'url': 'http://s.wanfangdata.com.cn/Paper.aspx?q= 关键词:神经网络', 'quote': 24, 'authors': {'崔东文': {}}, 'spidertime': '2017-08-29 10:06:21', 'keywords': ['湖库', '富营养化评价', 'RBF神经网络', 'GRNN神经网络', 'BP神经网络', 'Elman神经网络'], 'link': 'http://d.wanfangdata.com.cn/Periodical/szybh201206003', 'journal': '水资源保护', 'institutions': {}, 'title': '几种神经网络模型在湖库富营养化程度评价中的应用', 'abstract': {'Chinese': '基于我国湖库富营养化评价标准和RBF、GRNN、BP、Elman神经网络算法原理,分别构建RBF等4种神经网络湖库富营养化等级评价模型,采用内插法构造网络训练样本,把我国湖库富营养化评价等级临界值作为评价样本进行“预测”,将“预测”结果作为湖库富营养化程度评价等级的划分依据,对全国24个主要湖库富营养化程度进行评价.结果表明:RBF、GRNN、BP、Elman神经网络模型对全国24个主要湖库富营养化程度评价结果基本相同,表明研究建立的RBF等4种神经网络湖库富营养化程度评价模型和评价方法均是合理可行的,其评价精度高,可为湖库富营养化程度评价提供新的途径和方法.同BP和Elman网络算法相比,RBF与GRNN神经网络模型不仅对湖库富营养化程度评价结果完全相同,且模型具有收敛速度快、预测精度高、调整参数少(只有SPREAD参数),不易陷入局部极小值等优点,可以更快地预测评价网络,具有较大的计算优势.'}, 'include': ['ISTIC'], 'date': {'year': '2012', 'period': '6'}}
Tue, 29 Aug 2017 10:06:22 clean.py[line:196] DEBUG {'url': 'http://s.wanfangdata.com.cn/Paper.aspx?q= 关键词:神经网络', 'quote': 24, 'authors': ['崔东文'], 'spidertime': '2017-08-29 10:06:21', 'keywords': ['湖库', '富营养化评价', 'RBF神经网络', 'GRNN神经网络', 'BP神经网络', 'Elman神经网络'], 'link': 'http://d.wanfangdata.com.cn/Periodical/szybh201206003', 'journal': '水资源保护', 'institutions': '云南省文山州水务局,云南文山,663000', 'title': '几种神经网络模型在湖库富营养化程度评价中的应用', 'abstract': '基于我国湖库富营养化评价标准和RBF、GRNN、BP、Elman神经网络算法原理,分别构建RBF等4种神经网络湖库富营养化等级评价模型,采用内插法构造网络训练样本,把我国湖库富营养化评价等级临界值作为评价样本进行“预测”,将“预测”结果作为湖库富营养化程度评价等级的划分依据,对全国24个主要湖库富营养化程度进行评价.结果表明:RBF、GRNN、BP、Elman神经网络模型对全国24个主要湖库富营养化程度评价结果基本相同,表明研究建立的RBF等4种神经网络湖库富营养化程度评价模型和评价方法均是合理可行的,其评价精度高,可为湖库富营养化程度评价提供新的途径和方法.同BP和Elman网络算法相比,RBF与GRNN神经网络模型不仅对湖库富营养化程度评价结果完全相同,且模型具有收敛速度快、预测精度高、调整参数少(只有SPREAD参数),不易陷入局部极小值等优点,可以更快地预测评价网络,具有较大的计算优势.', 'include': ['ISTIC'], 'date': '2012, 28(6)'}
Tue, 29 Aug 2017 10:06:22 paper_url_spider.py[line:222] DEBUG 'NoneType' object is not iterable
Tue, 29 Aug 2017 10:06:22 paper_url_spider.py[line:223] DEBUG None
Tue, 29 Aug 2017 10:06:22 paper_url_spider.py[line:224] DEBUG 插入数据库失败...
Tue, 29 Aug 2017 10:06:22 paper_url_spider.py[line:209] INFO papers111111:双重BP神经网络组合模型在实时数据预测中的应用
Tue, 29 Aug 2017 10:06:23 clean.py[line:194] DEBUG clean fail
Tue, 29 Aug 2017 10:06:23 clean.py[line:195] DEBUG {'url': 'http://s.wanfangdata.com.cn/Paper.aspx?q= 关键词:神经网络', 'quote': 40, 'authors': {'李蔚': {}}, 'spidertime': '2017-08-29 10:06:22', 'keywords': ['双重BP神经网络', '实时', '组合预测', '回归神经网络', '延时神经网络'], 'link': 'http://d.wanfangdata.com.cn/Periodical/zgdjgcxb200717018', 'journal': '中国电机工程学报', 'institutions': {}, 'title': '双重BP神经网络组合模型在实时数据预测中的应用', 'abstract': {'Chinese': '在回归和延时神经网络的基础上,利用非线性组合预测方法的优点,提出一种新的预测模型--双重BP神经网络组合模型模型,选用某660MW机组的主蒸汽流量数据进行学习训练,实例计算结果表明双重BP神经网络组合模型可提高单项预测模型的精度,校核样本的平均相对误差为1.5%,而单独采用回归神经网络和延时神经网络进行预测的平均相对误差分别为2.7%和1.9%,证明双重BP神经网络组合模型具有很高的预测精度,可应用于火电厂实时数据的有效性验证.'}, 'include': ['ISTIC', 'EI', 'PKU'], 'date': {'year': '2007', 'period': '17'}}
Tue, 29 Aug 2017 10:06:23 clean.py[line:196] DEBUG {'url': 'http://s.wanfangdata.com.cn/Paper.aspx?q= 关键词:神经网络', 'quote': 40, 'authors': ['李蔚', '盛德仁', '陈坚红', '任浩仁', '袁镇福', '岑可法', '周永刚'], 'spidertime': '2017-08-29 10:06:22', 'keywords': ['双重BP神经网络', '实时', '组合预测', '回归神经网络', '延时神经网络'], 'link': 'http://d.wanfangdata.com.cn/Periodical/zgdjgcxb200717018', 'journal': '中国电机工程学报', 'institutions': '浙江大学机械与能源工程学院,浙江省,杭州市,310027', 'title': '双重BP神经网络组合模型在实时数据预测中的应用', 'abstract': '在回归和延时神经网络的基础上,利用非线性组合预测方法的优点,提出一种新的预测模型--双重BP神经网络组合模型模型,选用某660MW机组的主蒸汽流量数据进行学习训练,实例计算结果表明双重BP神经网络组合模型可提高单项预测模型的精度,校核样本的平均相对误差为1.5%,而单独采用回归神经网络和延时神经网络进行预测的平均相对误差分别为2.7%和1.9%,证明双重BP神经网络组合模型具有很高的预测精度,可应用于火电厂实时数据的有效性验证.', 'include': ['ISTIC', 'EI', 'PKU'], 'date': '2007, 27(17)'}
Tue, 29 Aug 2017 10:06:23 paper_url_spider.py[line:222] DEBUG 'NoneType' object is not iterable
Tue, 29 Aug 2017 10:06:23 paper_url_spider.py[line:223] DEBUG None
Tue, 29 Aug 2017 10:06:23 paper_url_spider.py[line:224] DEBUG 插入数据库失败...
Tue, 29 Aug 2017 10:06:23 paper_url_spider.py[line:209] INFO papers111111:基于神经网络猪舍氨气浓度预测方法研究
Tue, 29 Aug 2017 10:06:24 clean.py[line:194] DEBUG clean fail
Tue, 29 Aug 2017 10:06:24 clean.py[line:195] DEBUG {'url': 'http://s.wanfangdata.com.cn/Paper.aspx?q= 关键词:神经网络', 'quote': 0, 'authors': {'谢秋菊': {}}, 'spidertime': '2017-08-29 10:06:23', 'keywords': ['BP神经网络', 'Elman神经网络', '线性神经网络', '预测模型', '氨气浓度'], 'link': 'http://d.wanfangdata.com.cn/Periodical/dbnydxxb201610011', 'journal': '东北农业大学学报', 'institutions': {}, 'title': '基于神经网络猪舍氨气浓度预测方法研究', 'abstract': {'Chinese': '猪舍内氨气浓度对猪生长发育影响较大,建立准确氨气浓度预测模型尤为必要.目前已有针对猪舍内氨气浓度预测研究,但氨气浓度受猪舍内多种环境因素影响,缺少准确预测模型.为此本研究从实测猪舍内环境数据(包括氨气浓度、温度、湿度、活动量、通风)中随机选取1 537组数据,使用L-M算法优化BP神经网络、线性神经网络和Elman神经网络预测猪舍内氨气浓度.结果表明,基于L-M算法优化BP神经网络建立5-9-9-1四层结构预测模型经290步后达目标误差,预测值和真实值最大绝对误差仅为0.1720,与Elman神经网络和线性神经网络预测方法相比可提高猪舍氨气浓度预测准确性和及时性,为猪舍环境预警提供支持.'}, 'include': ['ISTIC', 'PKU'], 'date': {'year': '2016', 'period': '10'}}
Tue, 29 Aug 2017 10:06:24 clean.py[line:196] DEBUG {'url': 'http://s.wanfangdata.com.cn/Paper.aspx?q= 关键词:神经网络', 'quote': 0, 'authors': ['谢秋菊', '罗文博', '李妍', '王莉薇', '闫丽'], 'spidertime': '2017-08-29 10:06:23', 'keywords': ['BP神经网络', 'Elman神经网络', '线性神经网络', '预测模型', '氨气浓度'], 'link': 'http://d.wanfangdata.com.cn/Periodical/dbnydxxb201610011', 'journal': '东北农业大学学报', 'institutions': '黑龙江八一农垦大学信息技术学院,黑龙江大庆,163319', 'title': '基于神经网络猪舍氨气浓度预测方法研究', 'abstract': '猪舍内氨气浓度对猪生长发育影响较大,建立准确氨气浓度预测模型尤为必要.目前已有针对猪舍内氨气浓度预测研究,但氨气浓度受猪舍内多种环境因素影响,缺少准确预测模型.为此本研究从实测猪舍内环境数据(包括氨气浓度、温度、湿度、活动量、通风)中随机选取1 537组数据,使用L-M算法优化BP神经网络、线性神经网络和Elman神经网络预测猪舍内氨气浓度.结果表明,基于L-M算法优化BP神经网络建立5-9-9-1四层结构预测模型经290步后达目标误差,预测值和真实值最大绝对误差仅为0.1720,与Elman神经网络和线性神经网络预测方法相比可提高猪舍氨气浓度预测准确性和及时性,为猪舍环境预警提供支持.', 'include': ['ISTIC', 'PKU'], 'date': '2016, 47(10)'}
Tue, 29 Aug 2017 10:06:24 paper_url_spider.py[line:222] DEBUG 'NoneType' object is not iterable
Tue, 29 Aug 2017 10:06:24 paper_url_spider.py[line:223] DEBUG None
Tue, 29 Aug 2017 10:06:24 paper_url_spider.py[line:224] DEBUG 插入数据库失败...
Tue, 29 Aug 2017 10:06:25 paper_url_spider.py[line:209] INFO papers111111:一种适用于模式分类的模糊粗隶属函数神经网络
Tue, 29 Aug 2017 10:06:26 clean.py[line:194] DEBUG clean fail
Tue, 29 Aug 2017 10:06:26 clean.py[line:195] DEBUG {'url': 'http://s.wanfangdata.com.cn/Paper.aspx?q= 关键词:神经网络', 'quote': 4, 'authors': {}, 'spidertime': '2017-08-29 10:06:25', 'keywords': ['模糊粗糙集', '模糊粗隶属函数', 'RBF神经网络', '模糊粗隶属函数神经网络', '遥感图像分类', '神经网络'], 'link': 'http://d.wanfangdata.com.cn/Periodical/hndxxb200705009', 'journal': '湖南大学学报（自然科学版）', 'institutions': {}, 'title': '一种适用于模式分类的模糊粗隶属函数神经网络', 'abstract': {'Chinese': '在设计模式分类器时,由于很难甚至不可能获得实现精确分类的所有必要的本质特征属性,使得在进行分类时出现模糊不确定性和粗糙不确定性并存的情况.基于模糊粗糙集理论,本文构建了一种模糊粗隶属函数神经网络FRMFN.该网络融合了模糊信息和粗糙信息的处理能力,在对加拿大Norman Wells地区的红外波段合成图像进行分类的测试中,显示FRMFN网络具有比相应RBF网络更好的分类精度,同时保留了RBF网络学习速度快的优点.'}, 'include': ['ISTIC', 'EI', 'PKU'], 'date': {'year': '2007', 'period': '5'}}
Tue, 29 Aug 2017 10:06:26 clean.py[line:196] DEBUG {'url': 'http://s.wanfangdata.com.cn/Paper.aspx?q= 关键词:神经网络', 'quote': 4, 'authors': ['张东波', '王耀南'], 'spidertime': '2017-08-29 10:06:25', 'keywords': ['模糊粗糙集', '模糊粗隶属函数', 'RBF神经网络', '模糊粗隶属函数神经网络', '遥感图像分类', '神经网络'], 'link': 'http://d.wanfangdata.com.cn/Periodical/hndxxb200705009', 'journal': '湖南大学学报（自然科学版）', 'institutions': ['湖南大学,电气与信息工程学院,湖南,长沙,410082', '湘潭大学,信息工程学院,湖南,湘潭,411105'], 'title': '一种适用于模式分类的模糊粗隶属函数神经网络', 'abstract': '在设计模式分类器时,由于很难甚至不可能获得实现精确分类的所有必要的本质特征属性,使得在进行分类时出现模糊不确定性和粗糙不确定性并存的情况.基于模糊粗糙集理论,本文构建了一种模糊粗隶属函数神经网络FRMFN.该网络融合了模糊信息和粗糙信息的处理能力,在对加拿大Norman Wells地区的红外波段合成图像进行分类的测试中,显示FRMFN网络具有比相应RBF网络更好的分类精度,同时保留了RBF网络学习速度快的优点.', 'include': ['ISTIC', 'EI', 'PKU'], 'date': '2007, 34(5)'}
Tue, 29 Aug 2017 10:06:26 paper_url_spider.py[line:222] DEBUG 'NoneType' object is not iterable
Tue, 29 Aug 2017 10:06:26 paper_url_spider.py[line:223] DEBUG None
Tue, 29 Aug 2017 10:06:26 paper_url_spider.py[line:224] DEBUG 插入数据库失败...
Tue, 29 Aug 2017 10:06:26 paper_url_spider.py[line:209] INFO papers111111:基于小波神经网络的加工番茄产量预测模型
Tue, 29 Aug 2017 10:06:27 clean.py[line:194] DEBUG clean fail
Tue, 29 Aug 2017 10:06:27 clean.py[line:195] DEBUG {'url': 'http://s.wanfangdata.com.cn/Paper.aspx?q= 关键词:神经网络', 'quote': 2, 'authors': {'陈玉佳': {}}, 'spidertime': '2017-08-29 10:06:26', 'keywords': ['计算机神经网络', '小波分析', 'BP神经网络', '加工蕃茄', '小波神经网络', '产量预测模型'], 'link': 'http://d.wanfangdata.com.cn/Periodical/szdxxb201505014', 'journal': '深圳大学学报（理工版）', 'institutions': {}, 'title': '基于小波神经网络的加工番茄产量预测模型', 'abstract': {'Chinese': '基于小波分析和BP ( back propagation) 神经网络, 建立加工番茄产量预测的小波神经网络模型, 为制定合理的种植规划和管理决策提供科学依据. 通过对新疆某番茄基地的历史数据进行分析, 以温度、 灌水量、 氮肥、 磷肥和钾肥的投入量作为模型的输入, 番茄产量作为输出, 建立5-10-1 的预测模型.实验结果表明, 预测值与实际值之间的最大相对误差仅为0. 23%, 收敛速度和预测精度均优于BP神经网络, 实现了加工番茄产量的有效预测.'}, 'include': ['ISTIC', 'EI', 'PKU'], 'date': {'year': '2015', 'period': '5'}}
Tue, 29 Aug 2017 10:06:27 clean.py[line:196] DEBUG {'url': 'http://s.wanfangdata.com.cn/Paper.aspx?q= 关键词:神经网络', 'quote': 2, 'authors': ['陈玉佳', '姜波'], 'spidertime': '2017-08-29 10:06:26', 'keywords': ['计算机神经网络', '小波分析', 'BP神经网络', '加工蕃茄', '小波神经网络', '产量预测模型'], 'link': 'http://d.wanfangdata.com.cn/Periodical/szdxxb201505014', 'journal': '深圳大学学报（理工版）', 'institutions': '新疆大学电气工程学院,乌鲁木齐,830047', 'title': '基于小波神经网络的加工番茄产量预测模型', 'abstract': '基于小波分析和BP ( back propagation) 神经网络, 建立加工番茄产量预测的小波神经网络模型, 为制定合理的种植规划和管理决策提供科学依据. 通过对新疆某番茄基地的历史数据进行分析, 以温度、 灌水量、 氮肥、 磷肥和钾肥的投入量作为模型的输入, 番茄产量作为输出, 建立5-10-1 的预测模型.实验结果表明, 预测值与实际值之间的最大相对误差仅为0. 23%, 收敛速度和预测精度均优于BP神经网络, 实现了加工番茄产量的有效预测.', 'include': ['ISTIC', 'EI', 'PKU'], 'date': '2015, 32(5)'}
Tue, 29 Aug 2017 10:06:27 paper_url_spider.py[line:222] DEBUG 'NoneType' object is not iterable
Tue, 29 Aug 2017 10:06:27 paper_url_spider.py[line:223] DEBUG None
Tue, 29 Aug 2017 10:06:27 paper_url_spider.py[line:224] DEBUG 插入数据库失败...
Tue, 29 Aug 2017 10:06:30 paper_url_spider.py[line:209] INFO papers111111:大数据分析的无限深度神经网络方法
Tue, 29 Aug 2017 10:06:31 clean.py[line:194] DEBUG clean fail
Tue, 29 Aug 2017 10:06:31 clean.py[line:195] DEBUG {'url': 'http://s.wanfangdata.com.cn/Paper.aspx?q= 关键词:神经网络', 'quote': 3, 'authors': {'张蕾': {}}, 'spidertime': '2017-08-29 10:06:30', 'keywords': ['深度神经网络', '无限深度神经网络', '前馈神经网络', '回复式神经网络', '大数据'], 'link': 'http://d.wanfangdata.com.cn/Periodical/jsjyjyfz201601006', 'journal': '计算机研究与发展', 'institutions': {}, 'title': '大数据分析的无限深度神经网络方法', 'abstract': {'Chinese': '深度神经网络(deep neural networks,DNNs)及其学习算法,作为成功的大数据分析方法,已为学术界和工业界所熟知.与传统方法相比,深度学习方法以数据驱动、能自动地从数据中提取特征(知识),对于分析非结构化、模式不明多变、跨领域的大数据具有显著优势.目前,在大数据分析中使用的深度神经网络主要是前馈神经网络(feedforward neural networks,FNNs),这种网络擅长提取静态数据的相关关系,适用于基于分类的数据应用场景.但是受到自身结构本质的限制,它提取数据时序特征的能力有限.无限深度神经网络(infinite deep neural networks)是一种具有反馈连接的回复式神经网络(recurrent neural networks,RNNs),本质上是一个动力学系统,网络状态随时间演化是这种网络的本质属性,它耦合了“时间参数”,更加适用于提取数据的时序特征,从而进行大数据的预测.将这种网络的反馈结构在时间维度展开,随着时间的运行,这种网络可以“无限深”,故称之为无限深度神经网络.重点介绍这种网络的拓扑结构和若干学习算法及其在语音识别和图像理解领域的成功实例.'}, 'include': ['ISTIC', 'EI', 'PKU'], 'date': {'year': '2016', 'period': '1'}}
Tue, 29 Aug 2017 10:06:31 clean.py[line:196] DEBUG {'url': 'http://s.wanfangdata.com.cn/Paper.aspx?q= 关键词:神经网络', 'quote': 3, 'authors': ['张蕾', '章毅'], 'spidertime': '2017-08-29 10:06:30', 'keywords': ['深度神经网络', '无限深度神经网络', '前馈神经网络', '回复式神经网络', '大数据'], 'link': 'http://d.wanfangdata.com.cn/Periodical/jsjyjyfz201601006', 'journal': '计算机研究与发展', 'institutions': '四川大学计算机学院机器智能实验室 成都 610065', 'title': '大数据分析的无限深度神经网络方法', 'abstract': '深度神经网络(deep neural networks,DNNs)及其学习算法,作为成功的大数据分析方法,已为学术界和工业界所熟知.与传统方法相比,深度学习方法以数据驱动、能自动地从数据中提取特征(知识),对于分析非结构化、模式不明多变、跨领域的大数据具有显著优势.目前,在大数据分析中使用的深度神经网络主要是前馈神经网络(feedforward neural networks,FNNs),这种网络擅长提取静态数据的相关关系,适用于基于分类的数据应用场景.但是受到自身结构本质的限制,它提取数据时序特征的能力有限.无限深度神经网络(infinite deep neural networks)是一种具有反馈连接的回复式神经网络(recurrent neural networks,RNNs),本质上是一个动力学系统,网络状态随时间演化是这种网络的本质属性,它耦合了“时间参数”,更加适用于提取数据的时序特征,从而进行大数据的预测.将这种网络的反馈结构在时间维度展开,随着时间的运行,这种网络可以“无限深”,故称之为无限深度神经网络.重点介绍这种网络的拓扑结构和若干学习算法及其在语音识别和图像理解领域的成功实例.', 'include': ['ISTIC', 'EI', 'PKU'], 'date': '2016, 53(1)'}
Tue, 29 Aug 2017 10:06:31 paper_url_spider.py[line:222] DEBUG 'NoneType' object is not iterable
Tue, 29 Aug 2017 10:06:31 paper_url_spider.py[line:223] DEBUG None
Tue, 29 Aug 2017 10:06:31 paper_url_spider.py[line:224] DEBUG 插入数据库失败...
Tue, 29 Aug 2017 10:06:31 paper_url_spider.py[line:209] INFO papers111111:基于SARIMA-BP神经网络组合方法的MODIS叶面积指数时间序列建模与预测
Tue, 29 Aug 2017 10:06:32 clean.py[line:194] DEBUG clean fail
Tue, 29 Aug 2017 10:06:32 clean.py[line:195] DEBUG {'url': 'http://s.wanfangdata.com.cn/Paper.aspx?q= 关键词:神经网络', 'quote': 0, 'authors': {}, 'spidertime': '2017-08-29 10:06:31', 'keywords': ['SARIMA', 'BP神经网络', 'LAI', 'SARIMA-BP神经网络组合方法', 'LAI时间序列建模与预测'], 'link': 'http://d.wanfangdata.com.cn/Periodical/gpxygpfx201701035', 'journal': '光谱学与光谱分析', 'institutions': {}, 'title': '基于SARIMA-BP神经网络组合方法的MODIS叶面积指数时间序列建模与预测', 'abstract': {'Chinese': '植被叶面积指数(LAI)时间序列的建模及预测是陆面过程模型和遥感数据同化方法的重要组成部分。MODIS数据产品 MOD15 A2是目前应用最为广泛的 LAI数据源之一,然而 MODIS LAI时间序列产品包含了一些低质量的数据,例如由于云层、气溶胶等的影响,该产品在时间和空间上缺乏连续性。MODIS LAI时间序列包含线性部分和外在干扰产生的非线性部分,单一的线性方法或非线性方法都不能对其精确建模和预测。首先利用Savitzky-Golay(SG)滤波和线性插值平滑受到干扰的LAI时间序列,然后采用季节自回归积分滑动平均(SARIMA)方法、BP神经网络方法及二者的组合方法(SARIMA-BP)对MODIS LAI时间序列进行建模及预测。在 SARIMA-BP神经网络组合方法中,各自在线性与非线性建模的优势得以充分发挥,其中 SARIMA方法用于建模及预测 LAI时间序列中的线性部分,BP 神经网络方法用于对非线性残差部分进行建模及预测。实验结果显示：SG 滤波和线性插值后的 LAI 时间序列比原 LAI 时间序列更平滑；SARIMA-BP神经网络组合方法的决定系数为0.981,比 SARIMA和BP神经网络的0.941和0.884更接近于1；SARIMA-BP神经网络组合方法的预测值同观测值之间的相关系数为0.991,高于SARIMA(0.971)和BP神经网络(0.942)的相关系数。由此得出结论：SARIMA-BP 神经网络组合方法对 MODIS LAI时间序列具有更好的适应性,其建模和预测准确性高于 SARIMA方法或BP神经网络方法。'}, 'include': ['ISTIC', 'EI', 'SCI', 'PKU'], 'date': {'year': '2017', 'period': '1'}}
Tue, 29 Aug 2017 10:06:32 clean.py[line:196] DEBUG {'url': 'http://s.wanfangdata.com.cn/Paper.aspx?q= 关键词:神经网络', 'quote': 0, 'authors': ['姜春雷', '张树清', '张策', '李华朋', '丁小辉'], 'spidertime': '2017-08-29 10:06:31', 'keywords': ['SARIMA', 'BP神经网络', 'LAI', 'SARIMA-BP神经网络组合方法', 'LAI时间序列建模与预测'], 'link': 'http://d.wanfangdata.com.cn/Periodical/gpxygpfx201701035', 'journal': '光谱学与光谱分析', 'institutions': ['中国科学院东北地理与农业生态研究所，吉林 长春 130102', ' 中国科学院大学，北京 100049', '中国科学院东北地理与农业生态研究所,吉林 长春,130102', ' 中国科学院大学，北京 100049', '中国科学院东北地理与农业生态研究所，吉林 长春 130102'], 'title': '基于SARIMA-BP神经网络组合方法的MODIS叶面积指数时间序列建模与预测', 'abstract': '植被叶面积指数(LAI)时间序列的建模及预测是陆面过程模型和遥感数据同化方法的重要组成部分。MODIS数据产品 MOD15 A2是目前应用最为广泛的 LAI数据源之一,然而 MODIS LAI时间序列产品包含了一些低质量的数据,例如由于云层、气溶胶等的影响,该产品在时间和空间上缺乏连续性。MODIS LAI时间序列包含线性部分和外在干扰产生的非线性部分,单一的线性方法或非线性方法都不能对其精确建模和预测。首先利用Savitzky-Golay(SG)滤波和线性插值平滑受到干扰的LAI时间序列,然后采用季节自回归积分滑动平均(SARIMA)方法、BP神经网络方法及二者的组合方法(SARIMA-BP)对MODIS LAI时间序列进行建模及预测。在 SARIMA-BP神经网络组合方法中,各自在线性与非线性建模的优势得以充分发挥,其中 SARIMA方法用于建模及预测 LAI时间序列中的线性部分,BP 神经网络方法用于对非线性残差部分进行建模及预测。实验结果显示：SG 滤波和线性插值后的 LAI 时间序列比原 LAI 时间序列更平滑；SARIMA-BP神经网络组合方法的决定系数为0.981,比 SARIMA和BP神经网络的0.941和0.884更接近于1；SARIMA-BP神经网络组合方法的预测值同观测值之间的相关系数为0.991,高于SARIMA(0.971)和BP神经网络(0.942)的相关系数。由此得出结论：SARIMA-BP 神经网络组合方法对 MODIS LAI时间序列具有更好的适应性,其建模和预测准确性高于 SARIMA方法或BP神经网络方法。', 'include': ['ISTIC', 'EI', 'SCI', 'PKU'], 'date': '2017, 37(1)'}
Tue, 29 Aug 2017 10:06:32 paper_url_spider.py[line:222] DEBUG 'NoneType' object is not iterable
Tue, 29 Aug 2017 10:06:32 paper_url_spider.py[line:223] DEBUG None
Tue, 29 Aug 2017 10:06:32 paper_url_spider.py[line:224] DEBUG 插入数据库失败...
Tue, 29 Aug 2017 10:06:32 paper_url_spider.py[line:209] INFO papers111111:多隐层BP神经网络模型在径流预测中的应用
Tue, 29 Aug 2017 10:06:33 clean.py[line:194] DEBUG clean fail
Tue, 29 Aug 2017 10:06:33 clean.py[line:195] DEBUG {'url': 'http://s.wanfangdata.com.cn/Paper.aspx?q= 关键词:神经网络', 'quote': 40, 'authors': {'崔东文': {}}, 'spidertime': '2017-08-29 10:06:32', 'keywords': ['多隐层BP神经网络', 'RBF神经网络', 'GRNN神经网络', '单隐层BP神经网络', '径流预测'], 'link': 'http://d.wanfangdata.com.cn/Periodical/sw201301013', 'journal': '水文', 'institutions': {}, 'title': '多隐层BP神经网络模型在径流预测中的应用', 'abstract': {'Chinese': '基于人工神经网络基本原理和方法,构建多隐层BP神经网络径流预测模型,以新疆伊犁河雅马渡站径流预测为例进行分析,并构建常规单隐层BP以及RBF、GRNN神经网络模型作为对比分析模型,将各模型预测结果与文献[1]中的预测结果进行比较,结果表明:(1)多隐层BP神经网络径流预测模型泛化能力强,预测精度高,算法稳定,模型精度优于IEA-BP网络模型,表明研究建立的多隐层BP神经网络模型用于径流预测是合理可行的,是一种可以应用于水文径流预测预报的新方法.(2)RBF、GRNN神经网络径流预测模型预测精度高于常规单隐层BP网络模型,且RBF与GRNN神经网络模型具有收敛速度快、预测精度高、调整参数少,不易陷入局部极小值等优点,可以更快地预测网络,具有较大的计算优势.'}, 'include': ['ISTIC', 'PKU'], 'date': {'year': '2013', 'period': '1'}}
Tue, 29 Aug 2017 10:06:33 clean.py[line:196] DEBUG {'url': 'http://s.wanfangdata.com.cn/Paper.aspx?q= 关键词:神经网络', 'quote': 40, 'authors': ['崔东文'], 'spidertime': '2017-08-29 10:06:32', 'keywords': ['多隐层BP神经网络', 'RBF神经网络', 'GRNN神经网络', '单隐层BP神经网络', '径流预测'], 'link': 'http://d.wanfangdata.com.cn/Periodical/sw201301013', 'journal': '水文', 'institutions': '云南省文山州水务局,云南文山,663000', 'title': '多隐层BP神经网络模型在径流预测中的应用', 'abstract': '基于人工神经网络基本原理和方法,构建多隐层BP神经网络径流预测模型,以新疆伊犁河雅马渡站径流预测为例进行分析,并构建常规单隐层BP以及RBF、GRNN神经网络模型作为对比分析模型,将各模型预测结果与文献[1]中的预测结果进行比较,结果表明:(1)多隐层BP神经网络径流预测模型泛化能力强,预测精度高,算法稳定,模型精度优于IEA-BP网络模型,表明研究建立的多隐层BP神经网络模型用于径流预测是合理可行的,是一种可以应用于水文径流预测预报的新方法.(2)RBF、GRNN神经网络径流预测模型预测精度高于常规单隐层BP网络模型,且RBF与GRNN神经网络模型具有收敛速度快、预测精度高、调整参数少,不易陷入局部极小值等优点,可以更快地预测网络,具有较大的计算优势.', 'include': ['ISTIC', 'PKU'], 'date': '2013, 33(1)'}
Tue, 29 Aug 2017 10:06:33 paper_url_spider.py[line:222] DEBUG 'NoneType' object is not iterable
Tue, 29 Aug 2017 10:06:33 paper_url_spider.py[line:223] DEBUG None
Tue, 29 Aug 2017 10:06:33 paper_url_spider.py[line:224] DEBUG 插入数据库失败...
Tue, 29 Aug 2017 10:06:34 paper_url_spider.py[line:209] INFO papers111111:多重组合神经网络模型在年径流预测中的应用
Tue, 29 Aug 2017 10:25:36 paper_url_spider.py[line:158] INFO 免费代理获取中  
这可能花费几分钟，请稍后...
Tue, 29 Aug 2017 10:25:37 paper_url_spider.py[line:169] INFO 免费代理获取完毕，总共1条。
Tue, 29 Aug 2017 10:25:39 paper_url_spider.py[line:176] INFO 109780
Tue, 29 Aug 2017 10:25:39 paper_url_spider.py[line:209] INFO papers111111:大数据分析的无限深度神经网络方法
Tue, 29 Aug 2017 10:25:40 paper_url_spider.py[line:209] INFO papers111111:基于SARIMA-BP神经网络组合方法的MODIS叶面积指数时间序列建模与预测
Tue, 29 Aug 2017 10:25:42 paper_url_spider.py[line:209] INFO papers111111:多隐层BP神经网络模型在径流预测中的应用
Tue, 29 Aug 2017 10:25:43 paper_url_spider.py[line:209] INFO papers111111:多重组合神经网络模型在年径流预测中的应用
Tue, 29 Aug 2017 10:25:44 paper_url_spider.py[line:209] INFO papers111111:基于SFAM神经网络集成的土地评价
Tue, 29 Aug 2017 10:25:46 paper_url_spider.py[line:209] INFO papers111111:几种神经网络模型在湖库富营养化程度评价中的应用
Tue, 29 Aug 2017 10:25:47 paper_url_spider.py[line:209] INFO papers111111:双重BP神经网络组合模型在实时数据预测中的应用
Tue, 29 Aug 2017 10:25:48 paper_url_spider.py[line:209] INFO papers111111:基于神经网络猪舍氨气浓度预测方法研究
Tue, 29 Aug 2017 10:25:49 paper_url_spider.py[line:209] INFO papers111111:一种适用于模式分类的模糊粗隶属函数神经网络
Tue, 29 Aug 2017 10:25:50 paper_url_spider.py[line:209] INFO papers111111:基于小波神经网络的加工番茄产量预测模型
Tue, 29 Aug 2017 10:25:53 paper_url_spider.py[line:209] INFO papers111111:大数据分析的无限深度神经网络方法
Tue, 29 Aug 2017 10:25:54 paper_url_spider.py[line:209] INFO papers111111:基于SARIMA-BP神经网络组合方法的MODIS叶面积指数时间序列建模与预测
Tue, 29 Aug 2017 10:25:55 paper_url_spider.py[line:209] INFO papers111111:多隐层BP神经网络模型在径流预测中的应用
Tue, 29 Aug 2017 10:25:57 paper_url_spider.py[line:209] INFO papers111111:多重组合神经网络模型在年径流预测中的应用
Tue, 29 Aug 2017 10:25:58 paper_url_spider.py[line:209] INFO papers111111:基于SFAM神经网络集成的土地评价
Tue, 29 Aug 2017 10:25:59 paper_url_spider.py[line:209] INFO papers111111:几种神经网络模型在湖库富营养化程度评价中的应用
Tue, 29 Aug 2017 10:26:00 paper_url_spider.py[line:209] INFO papers111111:双重BP神经网络组合模型在实时数据预测中的应用
Tue, 29 Aug 2017 10:26:02 paper_url_spider.py[line:209] INFO papers111111:基于神经网络猪舍氨气浓度预测方法研究
Tue, 29 Aug 2017 10:26:03 paper_url_spider.py[line:209] INFO papers111111:一种适用于模式分类的模糊粗隶属函数神经网络
Tue, 29 Aug 2017 10:26:04 paper_url_spider.py[line:209] INFO papers111111:基于小波神经网络的加工番茄产量预测模型
Tue, 29 Aug 2017 10:26:06 paper_url_spider.py[line:209] INFO papers111111:径向基神经网络在猪胴体瘦肉率预测中的应用
Tue, 29 Aug 2017 10:26:08 paper_url_spider.py[line:209] INFO papers111111:深度学习研究综述
Tue, 29 Aug 2017 10:26:09 paper_url_spider.py[line:209] INFO papers111111:基于深度学习的图像超分辨率复原研究进展
Tue, 29 Aug 2017 10:26:11 paper_url_spider.py[line:209] INFO papers111111:基于K-means聚类和ELM神经网络的养殖水质溶解氧预测
Tue, 29 Aug 2017 10:26:12 paper_url_spider.py[line:209] INFO papers111111:深度学习在手写汉字识别中的应用综述
Tue, 29 Aug 2017 10:26:13 paper_url_spider.py[line:209] INFO papers111111:基于改进粒子群优化算法的灰色神经网络的铁路货运量预测
Tue, 29 Aug 2017 10:26:14 paper_url_spider.py[line:209] INFO papers111111:基于跨连卷积神经网络的性别分类模型
Tue, 29 Aug 2017 10:26:17 paper_url_spider.py[line:209] INFO papers111111:基于并行深度卷积神经网络的图像美感分类
Tue, 29 Aug 2017 10:26:18 paper_url_spider.py[line:209] INFO papers111111:基于空间相关性和小波－神经网络的短期风电功率预测模型
Tue, 29 Aug 2017 10:26:19 paper_url_spider.py[line:153] DEBUG 论文解析失败..
Tue, 29 Aug 2017 10:26:19 paper_url_spider.py[line:154] DEBUG list index out of range
Tue, 29 Aug 2017 10:26:20 paper_url_spider.py[line:153] DEBUG 论文解析失败..
Tue, 29 Aug 2017 10:26:20 paper_url_spider.py[line:154] DEBUG list index out of range
Tue, 29 Aug 2017 10:26:20 paper_url_spider.py[line:153] DEBUG 论文解析失败..
Tue, 29 Aug 2017 10:26:20 paper_url_spider.py[line:154] DEBUG list index out of range
Tue, 29 Aug 2017 10:26:21 paper_url_spider.py[line:209] INFO papers111111:基于自适应小波神经网络的复杂系统模式识别方法
Tue, 29 Aug 2017 10:26:22 paper_url_spider.py[line:209] INFO papers111111:基于集合经验模态分解与Elman神经网络的线椒株高预测
Tue, 29 Aug 2017 10:26:23 paper_url_spider.py[line:209] INFO papers111111:基于神经网络预测模型的异构多核处理器调度
Tue, 29 Aug 2017 10:26:25 paper_url_spider.py[line:209] INFO papers111111:基于相关向量机的发电机进相能力建模
Tue, 29 Aug 2017 10:26:26 paper_url_spider.py[line:209] INFO papers111111:神经网络辅助的GP S/MEMS-INS组合导航算法
Tue, 29 Aug 2017 10:26:27 paper_url_spider.py[line:209] INFO papers111111:联合神经网络在储层参数预测中的研究与应用
Tue, 29 Aug 2017 10:26:28 paper_url_spider.py[line:209] INFO papers111111:Elman与BP神经网络在矿井水源判别中的应用
Tue, 29 Aug 2017 10:26:30 paper_url_spider.py[line:209] INFO papers111111:自适应特征空间扩张神经网络
Tue, 29 Aug 2017 10:26:31 paper_url_spider.py[line:209] INFO papers111111:使用不同置信级训练样本的神经网络学习方法
Tue, 29 Aug 2017 10:26:32 paper_url_spider.py[line:209] INFO papers111111:基于动态神经网络的风电场输出功率预测
Tue, 29 Aug 2017 10:26:33 paper_url_spider.py[line:209] INFO papers111111:基于BP和Elman神经网络的智能变电站录波启动判据算法
Tue, 29 Aug 2017 10:26:35 paper_url_spider.py[line:209] INFO papers111111:基于RBF神经网络知识的智能故障诊断系统研究与实践
Tue, 29 Aug 2017 10:26:36 paper_url_spider.py[line:209] INFO papers111111:水下航行器声隐身性能快速评估研究
Tue, 29 Aug 2017 10:26:38 paper_url_spider.py[line:153] DEBUG 论文解析失败..
Tue, 29 Aug 2017 10:26:38 paper_url_spider.py[line:154] DEBUG list index out of range
Tue, 29 Aug 2017 10:26:39 paper_url_spider.py[line:153] DEBUG 论文解析失败..
Tue, 29 Aug 2017 10:26:39 paper_url_spider.py[line:154] DEBUG list index out of range
Tue, 29 Aug 2017 10:26:39 paper_url_spider.py[line:153] DEBUG 论文解析失败..
Tue, 29 Aug 2017 10:26:39 paper_url_spider.py[line:154] DEBUG list index out of range
Tue, 29 Aug 2017 10:26:39 paper_url_spider.py[line:209] INFO papers111111:基于LVQ神经网络的配电网故障定位方法
Tue, 29 Aug 2017 10:26:40 paper_url_spider.py[line:209] INFO papers111111:基于模型诊断技术的神经网络实现方法
Tue, 29 Aug 2017 10:26:41 paper_url_spider.py[line:209] INFO papers111111:FPNN:优化的过程神经网络模型及其应用
Tue, 29 Aug 2017 10:26:42 paper_url_spider.py[line:209] INFO papers111111:广义回归神经网络在变压器绕组热点温度预测中的应用
Tue, 29 Aug 2017 10:26:44 paper_url_spider.py[line:209] INFO papers111111:深度文本匹配综述
Tue, 29 Aug 2017 10:26:45 paper_url_spider.py[line:209] INFO papers111111:基于改进OLS-RBF神经网络模型的短期风电场出力预测
Tue, 29 Aug 2017 10:26:47 paper_url_spider.py[line:209] INFO papers111111:基于GARBF神经网络的耕地土壤有效磷空间变异分析
Tue, 29 Aug 2017 10:26:49 paper_url_spider.py[line:209] INFO papers111111:一种基于灰色神经网络的网络流量预测模型
Tue, 29 Aug 2017 10:26:50 paper_url_spider.py[line:209] INFO papers111111:银川市城市道路交通流量短时预测研究
Tue, 29 Aug 2017 10:26:51 paper_url_spider.py[line:209] INFO papers111111:竞争型径向基过程神经网络时序分类器
Tue, 29 Aug 2017 10:26:53 paper_url_spider.py[line:209] INFO papers111111:创业板研发投入的神经网络预测:是采用RBF模型还是BP模型?
Tue, 29 Aug 2017 10:26:54 paper_url_spider.py[line:209] INFO papers111111:基于RPROP神经网络算法的异步电动机故障诊断
Tue, 29 Aug 2017 10:26:56 paper_url_spider.py[line:209] INFO papers111111:基于BP神经网络的教材质量评价研究
Tue, 29 Aug 2017 10:26:57 paper_url_spider.py[line:209] INFO papers111111:基于模糊自适应变权重算法的函数链神经网络预测方法
Tue, 29 Aug 2017 10:26:58 paper_url_spider.py[line:209] INFO papers111111:基于经济周期的铁路货运量神经网络预测研究
Tue, 29 Aug 2017 10:26:59 paper_url_spider.py[line:209] INFO papers111111:神经网络在非石棉垫片分类中的研究
Tue, 29 Aug 2017 10:27:01 paper_url_spider.py[line:209] INFO papers111111:基于主从神经网络的短期电力负荷预测研究
Tue, 29 Aug 2017 10:27:03 paper_url_spider.py[line:209] INFO papers111111:多重组合神经网络模型在湖库总磷预测中的应用研究
Tue, 29 Aug 2017 10:27:04 paper_url_spider.py[line:209] INFO papers111111:BP神经网络在无线传感器网络三维定位中的应用
Tue, 29 Aug 2017 10:27:05 paper_url_spider.py[line:209] INFO papers111111:电厂烟气含氧量的智能混合预测方法
Tue, 29 Aug 2017 10:27:06 paper_url_spider.py[line:209] INFO papers111111:一类时变时滞静态神经网络的指数稳定性
Tue, 29 Aug 2017 10:27:07 paper_url_spider.py[line:209] INFO papers111111:随机权神经网络研究现状与展望
Tue, 29 Aug 2017 10:27:09 paper_url_spider.py[line:209] INFO papers111111:对传神经网络算法的改进及其应用
Tue, 29 Aug 2017 10:27:10 paper_url_spider.py[line:153] DEBUG 论文解析失败..
Tue, 29 Aug 2017 10:27:10 paper_url_spider.py[line:154] DEBUG list index out of range
Tue, 29 Aug 2017 10:27:11 paper_url_spider.py[line:153] DEBUG 论文解析失败..
Tue, 29 Aug 2017 10:27:11 paper_url_spider.py[line:154] DEBUG list index out of range
Tue, 29 Aug 2017 10:27:11 paper_url_spider.py[line:153] DEBUG 论文解析失败..
Tue, 29 Aug 2017 10:27:11 paper_url_spider.py[line:154] DEBUG list index out of range
Tue, 29 Aug 2017 10:27:11 paper_url_spider.py[line:209] INFO papers111111:多机电力系统附加NNPSS的在线学习神经网络逆励磁控制器
Tue, 29 Aug 2017 10:27:12 paper_url_spider.py[line:209] INFO papers111111:供热过程时滞递推神经网络解耦器设计
Tue, 29 Aug 2017 10:27:15 paper_url_spider.py[line:209] INFO papers111111:基于改进PSO算法的过热汽温神经网络预测控制
Tue, 29 Aug 2017 10:27:16 paper_url_spider.py[line:209] INFO papers111111:无刷直流电机小脑模型网络与PID复合控制
Tue, 29 Aug 2017 10:27:17 paper_url_spider.py[line:209] INFO papers111111:基于神经网络的柴油机故障诊断
Tue, 29 Aug 2017 10:27:18 paper_url_spider.py[line:209] INFO papers111111:构造型神经网络综述
Tue, 29 Aug 2017 10:27:19 paper_url_spider.py[line:209] INFO papers111111:一种新的混合分类器及其人脸识别的应用研究
Tue, 29 Aug 2017 10:27:20 paper_url_spider.py[line:153] DEBUG 论文解析失败..
Tue, 29 Aug 2017 10:27:20 paper_url_spider.py[line:154] DEBUG list index out of range
Tue, 29 Aug 2017 10:27:20 paper_url_spider.py[line:153] DEBUG 论文解析失败..
Tue, 29 Aug 2017 10:27:20 paper_url_spider.py[line:154] DEBUG list index out of range
Tue, 29 Aug 2017 10:27:21 paper_url_spider.py[line:153] DEBUG 论文解析失败..
Tue, 29 Aug 2017 10:27:21 paper_url_spider.py[line:154] DEBUG list index out of range
Tue, 29 Aug 2017 10:27:21 paper_url_spider.py[line:209] INFO papers111111:BP和RBF神经网络在人脸识别中的比较
Tue, 29 Aug 2017 10:27:22 paper_url_spider.py[line:153] DEBUG 论文解析失败..
Tue, 29 Aug 2017 10:27:22 paper_url_spider.py[line:154] DEBUG list index out of range
Tue, 29 Aug 2017 10:27:22 paper_url_spider.py[line:153] DEBUG 论文解析失败..
Tue, 29 Aug 2017 10:27:22 paper_url_spider.py[line:154] DEBUG list index out of range
Tue, 29 Aug 2017 10:27:24 paper_url_spider.py[line:153] DEBUG 论文解析失败..
Tue, 29 Aug 2017 10:27:24 paper_url_spider.py[line:154] DEBUG list index out of range
Tue, 29 Aug 2017 10:27:24 paper_url_spider.py[line:209] INFO papers111111:改进人工蜂群算法优化RBF神经网络的短时交通流预测
Tue, 29 Aug 2017 10:27:25 paper_url_spider.py[line:209] INFO papers111111:基于ANN的定向井有杆抽油系统悬点示功图特征参数的计算
Tue, 29 Aug 2017 10:27:27 paper_url_spider.py[line:209] INFO papers111111:几种人工神经网络法的水质预测比较
Tue, 29 Aug 2017 10:27:29 paper_url_spider.py[line:209] INFO papers111111:BP-RBF神经网络在核电厂故障诊断中的应用
Tue, 29 Aug 2017 10:27:30 paper_url_spider.py[line:209] INFO papers111111:利用结构逼近式混合神经网络实现间歇反应器的建模
Tue, 29 Aug 2017 10:27:31 paper_url_spider.py[line:209] INFO papers111111:神经网络在岩体力学参数和地应力场反演中的应用
Tue, 29 Aug 2017 10:27:32 paper_url_spider.py[line:209] INFO papers111111:基于神经网络的激光超声探伤表面波的分类
Tue, 29 Aug 2017 10:27:33 paper_url_spider.py[line:209] INFO papers111111:基于神经网络的变形预报方法研究
Tue, 29 Aug 2017 10:27:35 paper_url_spider.py[line:209] INFO papers111111:构造性分片线性神经网络逼近
Tue, 29 Aug 2017 10:27:36 paper_url_spider.py[line:209] INFO papers111111:基于人工鱼群神经网络的抽油机故障诊断
Tue, 29 Aug 2017 10:27:37 paper_url_spider.py[line:209] INFO papers111111:基于仿生模式识别的构造型神经网络分类方法
Tue, 29 Aug 2017 10:27:38 paper_url_spider.py[line:209] INFO papers111111:证券市场灰色神经网络组合预测模型应用研究
Tue, 29 Aug 2017 10:27:41 paper_url_spider.py[line:209] INFO papers111111:人工智能神经网络在交叉立方体上的有效映射
Tue, 29 Aug 2017 10:27:43 paper_url_spider.py[line:209] INFO papers111111:基于逆模型区间优化的神经网络预测控制
Tue, 29 Aug 2017 10:27:44 paper_url_spider.py[line:209] INFO papers111111:分式线性神经网络及其非线性逼近能力研究
Tue, 29 Aug 2017 10:27:45 paper_url_spider.py[line:209] INFO papers111111:基于版图级综合的频率部分空间映射神经网络建模技术及其在LTCC射频电路中的应用
Tue, 29 Aug 2017 10:27:47 paper_url_spider.py[line:209] INFO papers111111:基于GF-1影像的渭-库绿洲外围土壤含盐量定量反演研究
Tue, 29 Aug 2017 10:27:48 paper_url_spider.py[line:209] INFO papers111111:卷积神经网络支持下的低空摄影测量DEM修补
Tue, 29 Aug 2017 10:27:49 paper_url_spider.py[line:209] INFO papers111111:跟踪微分器在PIDNN改进策略中的应用
Tue, 29 Aug 2017 10:27:50 paper_url_spider.py[line:209] INFO papers111111:基于NARX神经网络的飞机飞行性能模型预测
Tue, 29 Aug 2017 10:27:52 paper_url_spider.py[line:209] INFO papers111111:一种基于高维粒子群算法的神经网络结构优化研究
Tue, 29 Aug 2017 10:27:53 paper_url_spider.py[line:209] INFO papers111111:基于神经网络客流预测的高峰期公交时刻表优化
Tue, 29 Aug 2017 10:27:55 paper_url_spider.py[line:209] INFO papers111111:基于长短时记忆神经网络的风电机组滚动轴承故障诊断方法
Tue, 29 Aug 2017 10:27:56 paper_url_spider.py[line:209] INFO papers111111:基于PSO-BP神经网络的车牌号码识别技术
Tue, 29 Aug 2017 10:27:57 paper_url_spider.py[line:209] INFO papers111111:具有Markov切换随机神经网络混合时滞依赖的自适应同步
Tue, 29 Aug 2017 10:27:58 paper_url_spider.py[line:209] INFO papers111111:多媒体技术研究:2015——类脑计算的研究进展与发展趋势
Tue, 29 Aug 2017 10:27:59 paper_url_spider.py[line:209] INFO papers111111:基于衰减因子的双通道神经网络图像分类算法
Tue, 29 Aug 2017 10:28:00 paper_url_spider.py[line:209] INFO papers111111:基于MPSO-RBF混合优化的过热汽温神经网络自适应控制
Tue, 29 Aug 2017 10:28:01 paper_url_spider.py[line:209] INFO papers111111:卷积神经网络研究综述
Tue, 29 Aug 2017 10:28:03 paper_url_spider.py[line:209] INFO papers111111:基于主成分分析的三种中长期预报模型在柘溪水库的应用
Tue, 29 Aug 2017 10:28:04 paper_url_spider.py[line:209] INFO papers111111:基于改进神经网络的机床刀具故障诊断
Tue, 29 Aug 2017 10:28:05 paper_url_spider.py[line:209] INFO papers111111:火山岩岩性识别方法研究
Tue, 29 Aug 2017 10:28:07 paper_url_spider.py[line:209] INFO papers111111:基于RBF神经网络和BP神经网络的燃煤锅炉NOx排放预测
Tue, 29 Aug 2017 10:28:08 paper_url_spider.py[line:209] INFO papers111111:基于加工工序的高维多输入层神经网络及应用
Tue, 29 Aug 2017 10:28:09 paper_url_spider.py[line:209] INFO papers111111:基于改进RBF神经网络的巷道变形预测模型
Tue, 29 Aug 2017 10:28:10 paper_url_spider.py[line:209] INFO papers111111:基于SOM-PCA-RBF的过程质量预测与整体调优
Tue, 29 Aug 2017 10:28:12 paper_url_spider.py[line:209] INFO papers111111:情感神经网络在信用卡评估中的应用
Tue, 29 Aug 2017 10:28:13 paper_url_spider.py[line:209] INFO papers111111:一种新的基于统计向量和神经网络的边缘检测方法
Tue, 29 Aug 2017 10:28:14 paper_url_spider.py[line:209] INFO papers111111:基于神经网络模糊控制理论的转台伺服系统控制设计
Tue, 29 Aug 2017 10:28:15 paper_url_spider.py[line:209] INFO papers111111:关节臂式坐标测量机空间误差建模
Tue, 29 Aug 2017 10:28:16 paper_url_spider.py[line:209] INFO papers111111:RBF神经网络校正长距离α测量的非线性研究
Tue, 29 Aug 2017 10:28:17 paper_url_spider.py[line:209] INFO papers111111:基于免疫神经网络的数控机床故障诊断研究
Tue, 29 Aug 2017 10:28:19 paper_url_spider.py[line:209] INFO papers111111:有杆抽油系统故障诊断的人工神经网络方法
Tue, 29 Aug 2017 10:28:20 paper_url_spider.py[line:209] INFO papers111111:神经网络在工程造价和主要工程量快速估算中的应用研究
Tue, 29 Aug 2017 10:28:21 paper_url_spider.py[line:209] INFO papers111111:一种粗逻辑神经网络研究
Tue, 29 Aug 2017 10:28:22 paper_url_spider.py[line:209] INFO papers111111:深圳大鹏湾波高实时预报
Tue, 29 Aug 2017 10:28:23 paper_url_spider.py[line:209] INFO papers111111:动态驱动神经网络辨识永磁直线同步电动机模型
Tue, 29 Aug 2017 10:28:24 paper_url_spider.py[line:209] INFO papers111111:基于神经网络组合模型的能源消费量预测研究
Tue, 29 Aug 2017 10:28:26 paper_url_spider.py[line:209] INFO papers111111:基于布谷鸟搜索神经网络的微波加热温度预测模型
Tue, 29 Aug 2017 10:28:27 paper_url_spider.py[line:209] INFO papers111111:利用双通道卷积神经网络的图像超分辨率算法
Tue, 29 Aug 2017 10:28:28 paper_url_spider.py[line:209] INFO papers111111:多神经网络与D-S证据理论融合的凝汽器故障诊断方法
Tue, 29 Aug 2017 10:28:29 paper_url_spider.py[line:209] INFO papers111111:基于量子神经网络拟合法的矿区地表变形监测
Tue, 29 Aug 2017 10:28:31 paper_url_spider.py[line:209] INFO papers111111:基于遗传BP神经网络模型的矿区开采沉陷预计
Tue, 29 Aug 2017 10:28:32 paper_url_spider.py[line:153] DEBUG 论文解析失败..
Tue, 29 Aug 2017 10:28:32 paper_url_spider.py[line:154] DEBUG list index out of range
Tue, 29 Aug 2017 10:28:33 paper_url_spider.py[line:153] DEBUG 论文解析失败..
Tue, 29 Aug 2017 10:28:33 paper_url_spider.py[line:154] DEBUG list index out of range
Tue, 29 Aug 2017 10:28:33 paper_url_spider.py[line:153] DEBUG 论文解析失败..
Tue, 29 Aug 2017 10:28:33 paper_url_spider.py[line:154] DEBUG list index out of range
Tue, 29 Aug 2017 10:28:33 paper_url_spider.py[line:209] INFO papers111111:基于二维LMBP神经网络的ISM频段预测算法
Tue, 29 Aug 2017 10:28:34 paper_url_spider.py[line:209] INFO papers111111:两种前向神经网络在变压器故障诊断中的应用
Tue, 29 Aug 2017 10:28:35 paper_url_spider.py[line:209] INFO papers111111:汽车方向控制驾驶员模型
Tue, 29 Aug 2017 10:28:36 paper_url_spider.py[line:209] INFO papers111111:人工神经网络在矿井多水源识别中的应用
Tue, 29 Aug 2017 10:28:38 paper_url_spider.py[line:209] INFO papers111111:基于人工神经网络的微电网短期负荷预测
Tue, 29 Aug 2017 10:28:39 paper_url_spider.py[line:153] DEBUG 论文解析失败..
Tue, 29 Aug 2017 10:28:39 paper_url_spider.py[line:154] DEBUG list index out of range
Tue, 29 Aug 2017 10:28:39 paper_url_spider.py[line:153] DEBUG 论文解析失败..
Tue, 29 Aug 2017 10:28:39 paper_url_spider.py[line:154] DEBUG list index out of range
Tue, 29 Aug 2017 10:28:39 paper_url_spider.py[line:153] DEBUG 论文解析失败..
Tue, 29 Aug 2017 10:28:39 paper_url_spider.py[line:154] DEBUG list index out of range
Tue, 29 Aug 2017 10:28:39 paper_url_spider.py[line:209] INFO papers111111:分段式过程神经元网络
Tue, 29 Aug 2017 10:28:40 paper_url_spider.py[line:209] INFO papers111111:基于误差预测修正的液体火箭发动机故障预测方法研究
Tue, 29 Aug 2017 10:28:43 paper_url_spider.py[line:209] INFO papers111111:基于BP、PCA-BP和PLS算法对城市降水量的预测研究
Tue, 29 Aug 2017 10:28:44 paper_url_spider.py[line:209] INFO papers111111:基于BP和Kohonen神经网络结合的铸坯在线质量评估
Tue, 29 Aug 2017 10:28:45 paper_url_spider.py[line:209] INFO papers111111:基于正交设计和神经网络的萃取精馏工艺优化
Tue, 29 Aug 2017 10:28:46 paper_url_spider.py[line:209] INFO papers111111:基于 C4．5决策树算法的土质边坡稳定性评价研究
Tue, 29 Aug 2017 10:28:48 paper_url_spider.py[line:209] INFO papers111111:基于GA-F-RBF神经网络的磷酸铁锂电池SOC预测研究
Tue, 29 Aug 2017 10:28:49 paper_url_spider.py[line:209] INFO papers111111:基于Elman神经网络城市供水管网漏损预测模型研究
Tue, 29 Aug 2017 10:28:50 paper_url_spider.py[line:209] INFO papers111111:基于小波神经网络的航空发动机建模研究
Tue, 29 Aug 2017 10:28:51 paper_url_spider.py[line:153] DEBUG 论文解析失败..
Tue, 29 Aug 2017 10:28:51 paper_url_spider.py[line:154] DEBUG list index out of range
Tue, 29 Aug 2017 10:28:54 paper_url_spider.py[line:153] DEBUG 论文解析失败..
Tue, 29 Aug 2017 10:28:54 paper_url_spider.py[line:154] DEBUG list index out of range
Tue, 29 Aug 2017 10:28:54 paper_url_spider.py[line:153] DEBUG 论文解析失败..
Tue, 29 Aug 2017 10:28:54 paper_url_spider.py[line:154] DEBUG list index out of range
Tue, 29 Aug 2017 10:28:54 paper_url_spider.py[line:209] INFO papers111111:基于卷积神经网络的人耳识别研究
Tue, 29 Aug 2017 10:28:55 paper_url_spider.py[line:209] INFO papers111111:基于神经网络的中国高等教育投资供给规模预测
Tue, 29 Aug 2017 10:28:57 paper_url_spider.py[line:209] INFO papers111111:一种新的基于构造型神经网络分类算法
Tue, 29 Aug 2017 10:28:58 paper_url_spider.py[line:209] INFO papers111111:一种新的Kohonen神经网络结构优化方法
Tue, 29 Aug 2017 10:28:59 paper_url_spider.py[line:209] INFO papers111111:含大规模风电集中接入的电网自组织临界态辨识
Tue, 29 Aug 2017 10:29:00 paper_url_spider.py[line:209] INFO papers111111:粗集神经网络及其在智能信息处理领域的应用
Tue, 29 Aug 2017 10:29:02 paper_url_spider.py[line:209] INFO papers111111:Elman改进型神经网络在X射线探测器中的应用
Tue, 29 Aug 2017 10:29:03 paper_url_spider.py[line:209] INFO papers111111:一种新的基于构造型RBF神经元网络分类算法
Tue, 29 Aug 2017 10:57:43 paper_url_spider.py[line:158] INFO 免费代理获取中  
这可能花费几分钟，请稍后...
Tue, 29 Aug 2017 10:57:44 paper_url_spider.py[line:169] INFO 免费代理获取完毕，总共1条。
Tue, 29 Aug 2017 10:57:46 paper_url_spider.py[line:176] INFO 109780
Tue, 29 Aug 2017 10:57:47 paper_url_spider.py[line:209] INFO papers111111:大数据分析的无限深度神经网络方法
Tue, 29 Aug 2017 10:57:48 paper_url_spider.py[line:209] INFO papers111111:基于SARIMA-BP神经网络组合方法的MODIS叶面积指数时间序列建模与预测
Tue, 29 Aug 2017 10:57:50 paper_url_spider.py[line:209] INFO papers111111:多隐层BP神经网络模型在径流预测中的应用
Tue, 29 Aug 2017 10:57:51 paper_url_spider.py[line:209] INFO papers111111:多重组合神经网络模型在年径流预测中的应用
Tue, 29 Aug 2017 10:57:52 paper_url_spider.py[line:209] INFO papers111111:基于SFAM神经网络集成的土地评价
Tue, 29 Aug 2017 10:57:53 paper_url_spider.py[line:209] INFO papers111111:几种神经网络模型在湖库富营养化程度评价中的应用
Tue, 29 Aug 2017 10:57:56 paper_url_spider.py[line:209] INFO papers111111:双重BP神经网络组合模型在实时数据预测中的应用
Tue, 29 Aug 2017 10:57:57 paper_url_spider.py[line:209] INFO papers111111:基于神经网络猪舍氨气浓度预测方法研究
Tue, 29 Aug 2017 10:57:58 paper_url_spider.py[line:209] INFO papers111111:一种适用于模式分类的模糊粗隶属函数神经网络
Tue, 29 Aug 2017 10:58:01 paper_url_spider.py[line:209] INFO papers111111:基于小波神经网络的加工番茄产量预测模型
Tue, 29 Aug 2017 10:58:03 paper_url_spider.py[line:209] INFO papers111111:大数据分析的无限深度神经网络方法
