Thu, 24 Aug 2017 21:16:08 video_url_spider.py[line:204] INFO 彭丽媛:sina
Thu, 24 Aug 2017 21:16:08 video_url_spider.py[line:30] INFO target site:sina, spider begin...
Thu, 24 Aug 2017 21:16:08 video_url_spider.py[line:195] DEBUG Expecting value: line 1 column 1 (char 0)
Mon, 28 Aug 2017 15:13:19 video_url_spider.py[line:204] INFO 金正恩:sina
Mon, 28 Aug 2017 15:13:19 video_url_spider.py[line:30] INFO target site:sina, spider begin...
Mon, 28 Aug 2017 15:13:19 video_url_spider.py[line:153] INFO total items:3677
Mon, 28 Aug 2017 15:13:20 video_url_spider.py[line:161] INFO Currently crawling web pages is: http://so.video.sina.com.cn/interface/s?from=video&wd=金正恩&s_id=w00001&p=1&n=20
Mon, 28 Aug 2017 15:13:21 video_url_spider.py[line:161] INFO Currently crawling web pages is: http://so.video.sina.com.cn/interface/s?from=video&wd=金正恩&s_id=w00001&p=2&n=20
Mon, 28 Aug 2017 15:13:22 video_url_spider.py[line:161] INFO Currently crawling web pages is: http://so.video.sina.com.cn/interface/s?from=video&wd=金正恩&s_id=w00001&p=3&n=20
Mon, 28 Aug 2017 15:13:23 video_url_spider.py[line:161] INFO Currently crawling web pages is: http://so.video.sina.com.cn/interface/s?from=video&wd=金正恩&s_id=w00001&p=4&n=20
Mon, 28 Aug 2017 15:13:25 video_url_spider.py[line:161] INFO Currently crawling web pages is: http://so.video.sina.com.cn/interface/s?from=video&wd=金正恩&s_id=w00001&p=5&n=20
Mon, 28 Aug 2017 15:13:26 video_url_spider.py[line:161] INFO Currently crawling web pages is: http://so.video.sina.com.cn/interface/s?from=video&wd=金正恩&s_id=w00001&p=6&n=20
Mon, 28 Aug 2017 15:13:27 video_url_spider.py[line:161] INFO Currently crawling web pages is: http://so.video.sina.com.cn/interface/s?from=video&wd=金正恩&s_id=w00001&p=7&n=20
Mon, 28 Aug 2017 15:13:28 video_url_spider.py[line:161] INFO Currently crawling web pages is: http://so.video.sina.com.cn/interface/s?from=video&wd=金正恩&s_id=w00001&p=8&n=20
Mon, 28 Aug 2017 15:13:29 video_url_spider.py[line:161] INFO Currently crawling web pages is: http://so.video.sina.com.cn/interface/s?from=video&wd=金正恩&s_id=w00001&p=9&n=20
Mon, 28 Aug 2017 15:13:30 video_url_spider.py[line:161] INFO Currently crawling web pages is: http://so.video.sina.com.cn/interface/s?from=video&wd=金正恩&s_id=w00001&p=10&n=20
Mon, 28 Aug 2017 15:13:31 video_url_spider.py[line:161] INFO Currently crawling web pages is: http://so.video.sina.com.cn/interface/s?from=video&wd=金正恩&s_id=w00001&p=11&n=20
Mon, 28 Aug 2017 15:13:32 video_url_spider.py[line:161] INFO Currently crawling web pages is: http://so.video.sina.com.cn/interface/s?from=video&wd=金正恩&s_id=w00001&p=12&n=20
Mon, 28 Aug 2017 15:13:33 video_url_spider.py[line:161] INFO Currently crawling web pages is: http://so.video.sina.com.cn/interface/s?from=video&wd=金正恩&s_id=w00001&p=13&n=20
Mon, 28 Aug 2017 15:13:34 video_url_spider.py[line:161] INFO Currently crawling web pages is: http://so.video.sina.com.cn/interface/s?from=video&wd=金正恩&s_id=w00001&p=14&n=20
Mon, 28 Aug 2017 15:13:35 video_url_spider.py[line:161] INFO Currently crawling web pages is: http://so.video.sina.com.cn/interface/s?from=video&wd=金正恩&s_id=w00001&p=15&n=20
Mon, 28 Aug 2017 15:13:36 video_url_spider.py[line:161] INFO Currently crawling web pages is: http://so.video.sina.com.cn/interface/s?from=video&wd=金正恩&s_id=w00001&p=16&n=20
Mon, 28 Aug 2017 15:13:37 video_url_spider.py[line:161] INFO Currently crawling web pages is: http://so.video.sina.com.cn/interface/s?from=video&wd=金正恩&s_id=w00001&p=17&n=20
Mon, 28 Aug 2017 15:13:38 video_url_spider.py[line:161] INFO Currently crawling web pages is: http://so.video.sina.com.cn/interface/s?from=video&wd=金正恩&s_id=w00001&p=18&n=20
Mon, 28 Aug 2017 15:13:39 video_url_spider.py[line:161] INFO Currently crawling web pages is: http://so.video.sina.com.cn/interface/s?from=video&wd=金正恩&s_id=w00001&p=19&n=20
Mon, 28 Aug 2017 15:13:40 video_url_spider.py[line:161] INFO Currently crawling web pages is: http://so.video.sina.com.cn/interface/s?from=video&wd=金正恩&s_id=w00001&p=20&n=20
Mon, 28 Aug 2017 15:13:41 video_url_spider.py[line:161] INFO Currently crawling web pages is: http://so.video.sina.com.cn/interface/s?from=video&wd=金正恩&s_id=w00001&p=21&n=20
Mon, 28 Aug 2017 15:13:42 video_url_spider.py[line:161] INFO Currently crawling web pages is: http://so.video.sina.com.cn/interface/s?from=video&wd=金正恩&s_id=w00001&p=22&n=20
Mon, 28 Aug 2017 15:13:43 video_url_spider.py[line:161] INFO Currently crawling web pages is: http://so.video.sina.com.cn/interface/s?from=video&wd=金正恩&s_id=w00001&p=23&n=20
Mon, 28 Aug 2017 15:13:44 video_url_spider.py[line:161] INFO Currently crawling web pages is: http://so.video.sina.com.cn/interface/s?from=video&wd=金正恩&s_id=w00001&p=24&n=20
Mon, 28 Aug 2017 15:13:45 video_url_spider.py[line:161] INFO Currently crawling web pages is: http://so.video.sina.com.cn/interface/s?from=video&wd=金正恩&s_id=w00001&p=25&n=20
Mon, 28 Aug 2017 15:13:47 video_url_spider.py[line:161] INFO Currently crawling web pages is: http://so.video.sina.com.cn/interface/s?from=video&wd=金正恩&s_id=w00001&p=26&n=20
Mon, 28 Aug 2017 15:13:48 video_url_spider.py[line:161] INFO Currently crawling web pages is: http://so.video.sina.com.cn/interface/s?from=video&wd=金正恩&s_id=w00001&p=27&n=20
Mon, 28 Aug 2017 15:13:49 video_url_spider.py[line:161] INFO Currently crawling web pages is: http://so.video.sina.com.cn/interface/s?from=video&wd=金正恩&s_id=w00001&p=28&n=20
Mon, 28 Aug 2017 15:13:50 video_url_spider.py[line:161] INFO Currently crawling web pages is: http://so.video.sina.com.cn/interface/s?from=video&wd=金正恩&s_id=w00001&p=29&n=20
Mon, 28 Aug 2017 15:13:51 video_url_spider.py[line:161] INFO Currently crawling web pages is: http://so.video.sina.com.cn/interface/s?from=video&wd=金正恩&s_id=w00001&p=30&n=20
Mon, 28 Aug 2017 15:13:52 video_url_spider.py[line:161] INFO Currently crawling web pages is: http://so.video.sina.com.cn/interface/s?from=video&wd=金正恩&s_id=w00001&p=31&n=20
Mon, 28 Aug 2017 15:13:53 video_url_spider.py[line:161] INFO Currently crawling web pages is: http://so.video.sina.com.cn/interface/s?from=video&wd=金正恩&s_id=w00001&p=32&n=20
Mon, 28 Aug 2017 15:13:54 video_url_spider.py[line:161] INFO Currently crawling web pages is: http://so.video.sina.com.cn/interface/s?from=video&wd=金正恩&s_id=w00001&p=33&n=20
Mon, 28 Aug 2017 15:13:55 video_url_spider.py[line:161] INFO Currently crawling web pages is: http://so.video.sina.com.cn/interface/s?from=video&wd=金正恩&s_id=w00001&p=34&n=20
Mon, 28 Aug 2017 15:13:56 video_url_spider.py[line:161] INFO Currently crawling web pages is: http://so.video.sina.com.cn/interface/s?from=video&wd=金正恩&s_id=w00001&p=35&n=20
Mon, 28 Aug 2017 15:13:57 video_url_spider.py[line:161] INFO Currently crawling web pages is: http://so.video.sina.com.cn/interface/s?from=video&wd=金正恩&s_id=w00001&p=36&n=20
Mon, 28 Aug 2017 15:13:58 video_url_spider.py[line:161] INFO Currently crawling web pages is: http://so.video.sina.com.cn/interface/s?from=video&wd=金正恩&s_id=w00001&p=37&n=20
Mon, 28 Aug 2017 15:13:59 video_url_spider.py[line:161] INFO Currently crawling web pages is: http://so.video.sina.com.cn/interface/s?from=video&wd=金正恩&s_id=w00001&p=38&n=20
Mon, 28 Aug 2017 15:14:00 video_url_spider.py[line:161] INFO Currently crawling web pages is: http://so.video.sina.com.cn/interface/s?from=video&wd=金正恩&s_id=w00001&p=39&n=20
Mon, 28 Aug 2017 15:14:01 video_url_spider.py[line:161] INFO Currently crawling web pages is: http://so.video.sina.com.cn/interface/s?from=video&wd=金正恩&s_id=w00001&p=40&n=20
Mon, 28 Aug 2017 15:14:02 video_url_spider.py[line:161] INFO Currently crawling web pages is: http://so.video.sina.com.cn/interface/s?from=video&wd=金正恩&s_id=w00001&p=41&n=20
Mon, 28 Aug 2017 15:14:03 video_url_spider.py[line:161] INFO Currently crawling web pages is: http://so.video.sina.com.cn/interface/s?from=video&wd=金正恩&s_id=w00001&p=42&n=20
Mon, 28 Aug 2017 15:14:04 video_url_spider.py[line:161] INFO Currently crawling web pages is: http://so.video.sina.com.cn/interface/s?from=video&wd=金正恩&s_id=w00001&p=43&n=20
Mon, 28 Aug 2017 15:14:05 video_url_spider.py[line:161] INFO Currently crawling web pages is: http://so.video.sina.com.cn/interface/s?from=video&wd=金正恩&s_id=w00001&p=44&n=20
Mon, 28 Aug 2017 15:14:06 video_url_spider.py[line:161] INFO Currently crawling web pages is: http://so.video.sina.com.cn/interface/s?from=video&wd=金正恩&s_id=w00001&p=45&n=20
Mon, 28 Aug 2017 15:14:07 video_url_spider.py[line:161] INFO Currently crawling web pages is: http://so.video.sina.com.cn/interface/s?from=video&wd=金正恩&s_id=w00001&p=46&n=20
Mon, 28 Aug 2017 15:14:09 video_url_spider.py[line:161] INFO Currently crawling web pages is: http://so.video.sina.com.cn/interface/s?from=video&wd=金正恩&s_id=w00001&p=47&n=20
Mon, 28 Aug 2017 15:14:10 video_url_spider.py[line:161] INFO Currently crawling web pages is: http://so.video.sina.com.cn/interface/s?from=video&wd=金正恩&s_id=w00001&p=48&n=20
Mon, 28 Aug 2017 15:14:11 video_url_spider.py[line:161] INFO Currently crawling web pages is: http://so.video.sina.com.cn/interface/s?from=video&wd=金正恩&s_id=w00001&p=49&n=20
Mon, 28 Aug 2017 15:14:12 video_url_spider.py[line:161] INFO Currently crawling web pages is: http://so.video.sina.com.cn/interface/s?from=video&wd=金正恩&s_id=w00001&p=50&n=20
Mon, 28 Aug 2017 15:14:13 video_url_spider.py[line:161] INFO Currently crawling web pages is: http://so.video.sina.com.cn/interface/s?from=video&wd=金正恩&s_id=w00001&p=51&n=20
Mon, 28 Aug 2017 15:14:14 video_url_spider.py[line:161] INFO Currently crawling web pages is: http://so.video.sina.com.cn/interface/s?from=video&wd=金正恩&s_id=w00001&p=52&n=20
Mon, 28 Aug 2017 15:14:15 video_url_spider.py[line:161] INFO Currently crawling web pages is: http://so.video.sina.com.cn/interface/s?from=video&wd=金正恩&s_id=w00001&p=53&n=20
Mon, 28 Aug 2017 15:14:16 video_url_spider.py[line:161] INFO Currently crawling web pages is: http://so.video.sina.com.cn/interface/s?from=video&wd=金正恩&s_id=w00001&p=54&n=20
Mon, 28 Aug 2017 15:14:17 video_url_spider.py[line:161] INFO Currently crawling web pages is: http://so.video.sina.com.cn/interface/s?from=video&wd=金正恩&s_id=w00001&p=55&n=20
Mon, 28 Aug 2017 15:14:18 video_url_spider.py[line:161] INFO Currently crawling web pages is: http://so.video.sina.com.cn/interface/s?from=video&wd=金正恩&s_id=w00001&p=56&n=20
Mon, 28 Aug 2017 15:14:19 video_url_spider.py[line:161] INFO Currently crawling web pages is: http://so.video.sina.com.cn/interface/s?from=video&wd=金正恩&s_id=w00001&p=57&n=20
Mon, 28 Aug 2017 15:14:20 video_url_spider.py[line:161] INFO Currently crawling web pages is: http://so.video.sina.com.cn/interface/s?from=video&wd=金正恩&s_id=w00001&p=58&n=20
Mon, 28 Aug 2017 15:14:22 video_url_spider.py[line:161] INFO Currently crawling web pages is: http://so.video.sina.com.cn/interface/s?from=video&wd=金正恩&s_id=w00001&p=59&n=20
Mon, 28 Aug 2017 15:14:23 video_url_spider.py[line:161] INFO Currently crawling web pages is: http://so.video.sina.com.cn/interface/s?from=video&wd=金正恩&s_id=w00001&p=60&n=20
Mon, 28 Aug 2017 15:14:24 video_url_spider.py[line:161] INFO Currently crawling web pages is: http://so.video.sina.com.cn/interface/s?from=video&wd=金正恩&s_id=w00001&p=61&n=20
Mon, 28 Aug 2017 15:14:25 video_url_spider.py[line:161] INFO Currently crawling web pages is: http://so.video.sina.com.cn/interface/s?from=video&wd=金正恩&s_id=w00001&p=62&n=20
Mon, 28 Aug 2017 15:14:26 video_url_spider.py[line:161] INFO Currently crawling web pages is: http://so.video.sina.com.cn/interface/s?from=video&wd=金正恩&s_id=w00001&p=63&n=20
Mon, 28 Aug 2017 15:14:27 video_url_spider.py[line:161] INFO Currently crawling web pages is: http://so.video.sina.com.cn/interface/s?from=video&wd=金正恩&s_id=w00001&p=64&n=20
Mon, 28 Aug 2017 15:14:28 video_url_spider.py[line:161] INFO Currently crawling web pages is: http://so.video.sina.com.cn/interface/s?from=video&wd=金正恩&s_id=w00001&p=65&n=20
Mon, 28 Aug 2017 15:14:29 video_url_spider.py[line:161] INFO Currently crawling web pages is: http://so.video.sina.com.cn/interface/s?from=video&wd=金正恩&s_id=w00001&p=66&n=20
Mon, 28 Aug 2017 15:14:30 video_url_spider.py[line:161] INFO Currently crawling web pages is: http://so.video.sina.com.cn/interface/s?from=video&wd=金正恩&s_id=w00001&p=67&n=20
Mon, 28 Aug 2017 15:14:31 video_url_spider.py[line:161] INFO Currently crawling web pages is: http://so.video.sina.com.cn/interface/s?from=video&wd=金正恩&s_id=w00001&p=68&n=20
Mon, 28 Aug 2017 15:14:32 video_url_spider.py[line:161] INFO Currently crawling web pages is: http://so.video.sina.com.cn/interface/s?from=video&wd=金正恩&s_id=w00001&p=69&n=20
Mon, 28 Aug 2017 15:14:33 video_url_spider.py[line:161] INFO Currently crawling web pages is: http://so.video.sina.com.cn/interface/s?from=video&wd=金正恩&s_id=w00001&p=70&n=20
Mon, 28 Aug 2017 15:14:34 video_url_spider.py[line:161] INFO Currently crawling web pages is: http://so.video.sina.com.cn/interface/s?from=video&wd=金正恩&s_id=w00001&p=71&n=20
Mon, 28 Aug 2017 15:14:35 video_url_spider.py[line:161] INFO Currently crawling web pages is: http://so.video.sina.com.cn/interface/s?from=video&wd=金正恩&s_id=w00001&p=72&n=20
Mon, 28 Aug 2017 15:14:37 video_url_spider.py[line:161] INFO Currently crawling web pages is: http://so.video.sina.com.cn/interface/s?from=video&wd=金正恩&s_id=w00001&p=73&n=20
Mon, 28 Aug 2017 15:14:38 video_url_spider.py[line:161] INFO Currently crawling web pages is: http://so.video.sina.com.cn/interface/s?from=video&wd=金正恩&s_id=w00001&p=74&n=20
Mon, 28 Aug 2017 15:14:39 video_url_spider.py[line:161] INFO Currently crawling web pages is: http://so.video.sina.com.cn/interface/s?from=video&wd=金正恩&s_id=w00001&p=75&n=20
Mon, 28 Aug 2017 15:14:40 video_url_spider.py[line:161] INFO Currently crawling web pages is: http://so.video.sina.com.cn/interface/s?from=video&wd=金正恩&s_id=w00001&p=76&n=20
Mon, 28 Aug 2017 15:14:41 video_url_spider.py[line:161] INFO Currently crawling web pages is: http://so.video.sina.com.cn/interface/s?from=video&wd=金正恩&s_id=w00001&p=77&n=20
Mon, 28 Aug 2017 15:14:42 video_url_spider.py[line:161] INFO Currently crawling web pages is: http://so.video.sina.com.cn/interface/s?from=video&wd=金正恩&s_id=w00001&p=78&n=20
Mon, 28 Aug 2017 15:14:43 video_url_spider.py[line:161] INFO Currently crawling web pages is: http://so.video.sina.com.cn/interface/s?from=video&wd=金正恩&s_id=w00001&p=79&n=20
Mon, 28 Aug 2017 15:14:44 video_url_spider.py[line:161] INFO Currently crawling web pages is: http://so.video.sina.com.cn/interface/s?from=video&wd=金正恩&s_id=w00001&p=80&n=20
Mon, 28 Aug 2017 15:14:45 video_url_spider.py[line:161] INFO Currently crawling web pages is: http://so.video.sina.com.cn/interface/s?from=video&wd=金正恩&s_id=w00001&p=81&n=20
Mon, 28 Aug 2017 15:14:46 video_url_spider.py[line:161] INFO Currently crawling web pages is: http://so.video.sina.com.cn/interface/s?from=video&wd=金正恩&s_id=w00001&p=82&n=20
Mon, 28 Aug 2017 15:14:47 video_url_spider.py[line:161] INFO Currently crawling web pages is: http://so.video.sina.com.cn/interface/s?from=video&wd=金正恩&s_id=w00001&p=83&n=20
Mon, 28 Aug 2017 15:14:48 video_url_spider.py[line:161] INFO Currently crawling web pages is: http://so.video.sina.com.cn/interface/s?from=video&wd=金正恩&s_id=w00001&p=84&n=20
Mon, 28 Aug 2017 15:14:49 video_url_spider.py[line:161] INFO Currently crawling web pages is: http://so.video.sina.com.cn/interface/s?from=video&wd=金正恩&s_id=w00001&p=85&n=20
Mon, 28 Aug 2017 15:14:50 video_url_spider.py[line:161] INFO Currently crawling web pages is: http://so.video.sina.com.cn/interface/s?from=video&wd=金正恩&s_id=w00001&p=86&n=20
Mon, 28 Aug 2017 15:14:51 video_url_spider.py[line:161] INFO Currently crawling web pages is: http://so.video.sina.com.cn/interface/s?from=video&wd=金正恩&s_id=w00001&p=87&n=20
Mon, 28 Aug 2017 15:14:53 video_url_spider.py[line:161] INFO Currently crawling web pages is: http://so.video.sina.com.cn/interface/s?from=video&wd=金正恩&s_id=w00001&p=88&n=20
Mon, 28 Aug 2017 15:14:54 video_url_spider.py[line:161] INFO Currently crawling web pages is: http://so.video.sina.com.cn/interface/s?from=video&wd=金正恩&s_id=w00001&p=89&n=20
Mon, 28 Aug 2017 15:14:55 video_url_spider.py[line:161] INFO Currently crawling web pages is: http://so.video.sina.com.cn/interface/s?from=video&wd=金正恩&s_id=w00001&p=90&n=20
Mon, 28 Aug 2017 15:14:56 video_url_spider.py[line:161] INFO Currently crawling web pages is: http://so.video.sina.com.cn/interface/s?from=video&wd=金正恩&s_id=w00001&p=91&n=20
Mon, 28 Aug 2017 15:14:57 video_url_spider.py[line:161] INFO Currently crawling web pages is: http://so.video.sina.com.cn/interface/s?from=video&wd=金正恩&s_id=w00001&p=92&n=20
Mon, 28 Aug 2017 15:14:58 video_url_spider.py[line:161] INFO Currently crawling web pages is: http://so.video.sina.com.cn/interface/s?from=video&wd=金正恩&s_id=w00001&p=93&n=20
Mon, 28 Aug 2017 15:14:59 video_url_spider.py[line:161] INFO Currently crawling web pages is: http://so.video.sina.com.cn/interface/s?from=video&wd=金正恩&s_id=w00001&p=94&n=20
Mon, 28 Aug 2017 15:15:00 video_url_spider.py[line:161] INFO Currently crawling web pages is: http://so.video.sina.com.cn/interface/s?from=video&wd=金正恩&s_id=w00001&p=95&n=20
Mon, 28 Aug 2017 15:15:01 video_url_spider.py[line:161] INFO Currently crawling web pages is: http://so.video.sina.com.cn/interface/s?from=video&wd=金正恩&s_id=w00001&p=96&n=20
Mon, 28 Aug 2017 15:15:02 video_url_spider.py[line:161] INFO Currently crawling web pages is: http://so.video.sina.com.cn/interface/s?from=video&wd=金正恩&s_id=w00001&p=97&n=20
Mon, 28 Aug 2017 15:15:03 video_url_spider.py[line:161] INFO Currently crawling web pages is: http://so.video.sina.com.cn/interface/s?from=video&wd=金正恩&s_id=w00001&p=98&n=20
Mon, 28 Aug 2017 15:15:04 video_url_spider.py[line:161] INFO Currently crawling web pages is: http://so.video.sina.com.cn/interface/s?from=video&wd=金正恩&s_id=w00001&p=99&n=20
Mon, 28 Aug 2017 15:15:05 video_url_spider.py[line:161] INFO Currently crawling web pages is: http://so.video.sina.com.cn/interface/s?from=video&wd=金正恩&s_id=w00001&p=100&n=20
Mon, 28 Aug 2017 15:15:06 video_url_spider.py[line:161] INFO Currently crawling web pages is: http://so.video.sina.com.cn/interface/s?from=video&wd=金正恩&s_id=w00001&p=101&n=20
Mon, 28 Aug 2017 15:15:07 video_url_spider.py[line:161] INFO Currently crawling web pages is: http://so.video.sina.com.cn/interface/s?from=video&wd=金正恩&s_id=w00001&p=102&n=20
Mon, 28 Aug 2017 15:15:08 video_url_spider.py[line:161] INFO Currently crawling web pages is: http://so.video.sina.com.cn/interface/s?from=video&wd=金正恩&s_id=w00001&p=103&n=20
Mon, 28 Aug 2017 15:15:09 video_url_spider.py[line:161] INFO Currently crawling web pages is: http://so.video.sina.com.cn/interface/s?from=video&wd=金正恩&s_id=w00001&p=104&n=20
Mon, 28 Aug 2017 15:15:10 video_url_spider.py[line:161] INFO Currently crawling web pages is: http://so.video.sina.com.cn/interface/s?from=video&wd=金正恩&s_id=w00001&p=105&n=20
Mon, 28 Aug 2017 15:15:11 video_url_spider.py[line:161] INFO Currently crawling web pages is: http://so.video.sina.com.cn/interface/s?from=video&wd=金正恩&s_id=w00001&p=106&n=20
Mon, 28 Aug 2017 15:15:12 video_url_spider.py[line:161] INFO Currently crawling web pages is: http://so.video.sina.com.cn/interface/s?from=video&wd=金正恩&s_id=w00001&p=107&n=20
Mon, 28 Aug 2017 15:15:13 video_url_spider.py[line:161] INFO Currently crawling web pages is: http://so.video.sina.com.cn/interface/s?from=video&wd=金正恩&s_id=w00001&p=108&n=20
Mon, 28 Aug 2017 15:15:15 video_url_spider.py[line:161] INFO Currently crawling web pages is: http://so.video.sina.com.cn/interface/s?from=video&wd=金正恩&s_id=w00001&p=109&n=20
Mon, 28 Aug 2017 15:15:16 video_url_spider.py[line:161] INFO Currently crawling web pages is: http://so.video.sina.com.cn/interface/s?from=video&wd=金正恩&s_id=w00001&p=110&n=20
Mon, 28 Aug 2017 15:15:17 video_url_spider.py[line:161] INFO Currently crawling web pages is: http://so.video.sina.com.cn/interface/s?from=video&wd=金正恩&s_id=w00001&p=111&n=20
Mon, 28 Aug 2017 15:15:18 video_url_spider.py[line:161] INFO Currently crawling web pages is: http://so.video.sina.com.cn/interface/s?from=video&wd=金正恩&s_id=w00001&p=112&n=20
Mon, 28 Aug 2017 15:15:19 video_url_spider.py[line:161] INFO Currently crawling web pages is: http://so.video.sina.com.cn/interface/s?from=video&wd=金正恩&s_id=w00001&p=113&n=20
Mon, 28 Aug 2017 15:15:20 video_url_spider.py[line:161] INFO Currently crawling web pages is: http://so.video.sina.com.cn/interface/s?from=video&wd=金正恩&s_id=w00001&p=114&n=20
Mon, 28 Aug 2017 15:15:21 video_url_spider.py[line:161] INFO Currently crawling web pages is: http://so.video.sina.com.cn/interface/s?from=video&wd=金正恩&s_id=w00001&p=115&n=20
Mon, 28 Aug 2017 15:15:22 video_url_spider.py[line:161] INFO Currently crawling web pages is: http://so.video.sina.com.cn/interface/s?from=video&wd=金正恩&s_id=w00001&p=116&n=20
Mon, 28 Aug 2017 15:15:23 video_url_spider.py[line:161] INFO Currently crawling web pages is: http://so.video.sina.com.cn/interface/s?from=video&wd=金正恩&s_id=w00001&p=117&n=20
Mon, 28 Aug 2017 15:15:24 video_url_spider.py[line:161] INFO Currently crawling web pages is: http://so.video.sina.com.cn/interface/s?from=video&wd=金正恩&s_id=w00001&p=118&n=20
Mon, 28 Aug 2017 15:15:25 video_url_spider.py[line:161] INFO Currently crawling web pages is: http://so.video.sina.com.cn/interface/s?from=video&wd=金正恩&s_id=w00001&p=119&n=20
Mon, 28 Aug 2017 15:15:26 video_url_spider.py[line:161] INFO Currently crawling web pages is: http://so.video.sina.com.cn/interface/s?from=video&wd=金正恩&s_id=w00001&p=120&n=20
Mon, 28 Aug 2017 15:15:27 video_url_spider.py[line:161] INFO Currently crawling web pages is: http://so.video.sina.com.cn/interface/s?from=video&wd=金正恩&s_id=w00001&p=121&n=20
Mon, 28 Aug 2017 15:15:28 video_url_spider.py[line:161] INFO Currently crawling web pages is: http://so.video.sina.com.cn/interface/s?from=video&wd=金正恩&s_id=w00001&p=122&n=20
Mon, 28 Aug 2017 15:15:29 video_url_spider.py[line:161] INFO Currently crawling web pages is: http://so.video.sina.com.cn/interface/s?from=video&wd=金正恩&s_id=w00001&p=123&n=20
Mon, 28 Aug 2017 15:15:30 video_url_spider.py[line:161] INFO Currently crawling web pages is: http://so.video.sina.com.cn/interface/s?from=video&wd=金正恩&s_id=w00001&p=124&n=20
Mon, 28 Aug 2017 15:15:31 video_url_spider.py[line:161] INFO Currently crawling web pages is: http://so.video.sina.com.cn/interface/s?from=video&wd=金正恩&s_id=w00001&p=125&n=20
Mon, 28 Aug 2017 15:15:32 video_url_spider.py[line:161] INFO Currently crawling web pages is: http://so.video.sina.com.cn/interface/s?from=video&wd=金正恩&s_id=w00001&p=126&n=20
Mon, 28 Aug 2017 15:15:33 video_url_spider.py[line:161] INFO Currently crawling web pages is: http://so.video.sina.com.cn/interface/s?from=video&wd=金正恩&s_id=w00001&p=127&n=20
Mon, 28 Aug 2017 15:15:34 video_url_spider.py[line:161] INFO Currently crawling web pages is: http://so.video.sina.com.cn/interface/s?from=video&wd=金正恩&s_id=w00001&p=128&n=20
Mon, 28 Aug 2017 15:15:35 video_url_spider.py[line:161] INFO Currently crawling web pages is: http://so.video.sina.com.cn/interface/s?from=video&wd=金正恩&s_id=w00001&p=129&n=20
Mon, 28 Aug 2017 15:15:37 video_url_spider.py[line:161] INFO Currently crawling web pages is: http://so.video.sina.com.cn/interface/s?from=video&wd=金正恩&s_id=w00001&p=130&n=20
Mon, 28 Aug 2017 15:15:38 video_url_spider.py[line:161] INFO Currently crawling web pages is: http://so.video.sina.com.cn/interface/s?from=video&wd=金正恩&s_id=w00001&p=131&n=20
Mon, 28 Aug 2017 15:15:39 video_url_spider.py[line:161] INFO Currently crawling web pages is: http://so.video.sina.com.cn/interface/s?from=video&wd=金正恩&s_id=w00001&p=132&n=20
Mon, 28 Aug 2017 15:15:40 video_url_spider.py[line:161] INFO Currently crawling web pages is: http://so.video.sina.com.cn/interface/s?from=video&wd=金正恩&s_id=w00001&p=133&n=20
Mon, 28 Aug 2017 15:15:41 video_url_spider.py[line:161] INFO Currently crawling web pages is: http://so.video.sina.com.cn/interface/s?from=video&wd=金正恩&s_id=w00001&p=134&n=20
Mon, 28 Aug 2017 15:15:42 video_url_spider.py[line:161] INFO Currently crawling web pages is: http://so.video.sina.com.cn/interface/s?from=video&wd=金正恩&s_id=w00001&p=135&n=20
Mon, 28 Aug 2017 15:15:43 video_url_spider.py[line:161] INFO Currently crawling web pages is: http://so.video.sina.com.cn/interface/s?from=video&wd=金正恩&s_id=w00001&p=136&n=20
Mon, 28 Aug 2017 15:15:44 video_url_spider.py[line:161] INFO Currently crawling web pages is: http://so.video.sina.com.cn/interface/s?from=video&wd=金正恩&s_id=w00001&p=137&n=20
Mon, 28 Aug 2017 15:15:45 video_url_spider.py[line:161] INFO Currently crawling web pages is: http://so.video.sina.com.cn/interface/s?from=video&wd=金正恩&s_id=w00001&p=138&n=20
Mon, 28 Aug 2017 15:15:46 video_url_spider.py[line:161] INFO Currently crawling web pages is: http://so.video.sina.com.cn/interface/s?from=video&wd=金正恩&s_id=w00001&p=139&n=20
Mon, 28 Aug 2017 15:15:47 video_url_spider.py[line:161] INFO Currently crawling web pages is: http://so.video.sina.com.cn/interface/s?from=video&wd=金正恩&s_id=w00001&p=140&n=20
Mon, 28 Aug 2017 15:15:48 video_url_spider.py[line:161] INFO Currently crawling web pages is: http://so.video.sina.com.cn/interface/s?from=video&wd=金正恩&s_id=w00001&p=141&n=20
Mon, 28 Aug 2017 15:15:49 video_url_spider.py[line:161] INFO Currently crawling web pages is: http://so.video.sina.com.cn/interface/s?from=video&wd=金正恩&s_id=w00001&p=142&n=20
Mon, 28 Aug 2017 15:15:50 video_url_spider.py[line:161] INFO Currently crawling web pages is: http://so.video.sina.com.cn/interface/s?from=video&wd=金正恩&s_id=w00001&p=143&n=20
Mon, 28 Aug 2017 15:15:51 video_url_spider.py[line:161] INFO Currently crawling web pages is: http://so.video.sina.com.cn/interface/s?from=video&wd=金正恩&s_id=w00001&p=144&n=20
Mon, 28 Aug 2017 15:15:52 video_url_spider.py[line:161] INFO Currently crawling web pages is: http://so.video.sina.com.cn/interface/s?from=video&wd=金正恩&s_id=w00001&p=145&n=20
Mon, 28 Aug 2017 15:15:53 video_url_spider.py[line:161] INFO Currently crawling web pages is: http://so.video.sina.com.cn/interface/s?from=video&wd=金正恩&s_id=w00001&p=146&n=20
Mon, 28 Aug 2017 15:15:54 video_url_spider.py[line:161] INFO Currently crawling web pages is: http://so.video.sina.com.cn/interface/s?from=video&wd=金正恩&s_id=w00001&p=147&n=20
Mon, 28 Aug 2017 15:15:55 video_url_spider.py[line:161] INFO Currently crawling web pages is: http://so.video.sina.com.cn/interface/s?from=video&wd=金正恩&s_id=w00001&p=148&n=20
Mon, 28 Aug 2017 15:15:56 video_url_spider.py[line:161] INFO Currently crawling web pages is: http://so.video.sina.com.cn/interface/s?from=video&wd=金正恩&s_id=w00001&p=149&n=20
Mon, 28 Aug 2017 15:15:57 video_url_spider.py[line:161] INFO Currently crawling web pages is: http://so.video.sina.com.cn/interface/s?from=video&wd=金正恩&s_id=w00001&p=150&n=20
Mon, 28 Aug 2017 15:15:59 video_url_spider.py[line:161] INFO Currently crawling web pages is: http://so.video.sina.com.cn/interface/s?from=video&wd=金正恩&s_id=w00001&p=151&n=20
Mon, 28 Aug 2017 15:16:00 video_url_spider.py[line:161] INFO Currently crawling web pages is: http://so.video.sina.com.cn/interface/s?from=video&wd=金正恩&s_id=w00001&p=152&n=20
Mon, 28 Aug 2017 15:16:01 video_url_spider.py[line:161] INFO Currently crawling web pages is: http://so.video.sina.com.cn/interface/s?from=video&wd=金正恩&s_id=w00001&p=153&n=20
Mon, 28 Aug 2017 15:16:02 video_url_spider.py[line:161] INFO Currently crawling web pages is: http://so.video.sina.com.cn/interface/s?from=video&wd=金正恩&s_id=w00001&p=154&n=20
Mon, 28 Aug 2017 15:16:03 video_url_spider.py[line:161] INFO Currently crawling web pages is: http://so.video.sina.com.cn/interface/s?from=video&wd=金正恩&s_id=w00001&p=155&n=20
Mon, 28 Aug 2017 15:16:04 video_url_spider.py[line:161] INFO Currently crawling web pages is: http://so.video.sina.com.cn/interface/s?from=video&wd=金正恩&s_id=w00001&p=156&n=20
Mon, 28 Aug 2017 15:16:05 video_url_spider.py[line:161] INFO Currently crawling web pages is: http://so.video.sina.com.cn/interface/s?from=video&wd=金正恩&s_id=w00001&p=157&n=20
Mon, 28 Aug 2017 15:16:06 video_url_spider.py[line:161] INFO Currently crawling web pages is: http://so.video.sina.com.cn/interface/s?from=video&wd=金正恩&s_id=w00001&p=158&n=20
Mon, 28 Aug 2017 15:16:07 video_url_spider.py[line:161] INFO Currently crawling web pages is: http://so.video.sina.com.cn/interface/s?from=video&wd=金正恩&s_id=w00001&p=159&n=20
Mon, 28 Aug 2017 15:16:08 video_url_spider.py[line:161] INFO Currently crawling web pages is: http://so.video.sina.com.cn/interface/s?from=video&wd=金正恩&s_id=w00001&p=160&n=20
Mon, 28 Aug 2017 15:16:09 video_url_spider.py[line:161] INFO Currently crawling web pages is: http://so.video.sina.com.cn/interface/s?from=video&wd=金正恩&s_id=w00001&p=161&n=20
Mon, 28 Aug 2017 15:16:10 video_url_spider.py[line:161] INFO Currently crawling web pages is: http://so.video.sina.com.cn/interface/s?from=video&wd=金正恩&s_id=w00001&p=162&n=20
Mon, 28 Aug 2017 15:16:11 video_url_spider.py[line:161] INFO Currently crawling web pages is: http://so.video.sina.com.cn/interface/s?from=video&wd=金正恩&s_id=w00001&p=163&n=20
Mon, 28 Aug 2017 15:16:12 video_url_spider.py[line:161] INFO Currently crawling web pages is: http://so.video.sina.com.cn/interface/s?from=video&wd=金正恩&s_id=w00001&p=164&n=20
Mon, 28 Aug 2017 15:16:13 video_url_spider.py[line:161] INFO Currently crawling web pages is: http://so.video.sina.com.cn/interface/s?from=video&wd=金正恩&s_id=w00001&p=165&n=20
Mon, 28 Aug 2017 15:16:14 video_url_spider.py[line:161] INFO Currently crawling web pages is: http://so.video.sina.com.cn/interface/s?from=video&wd=金正恩&s_id=w00001&p=166&n=20
Mon, 28 Aug 2017 15:16:15 video_url_spider.py[line:161] INFO Currently crawling web pages is: http://so.video.sina.com.cn/interface/s?from=video&wd=金正恩&s_id=w00001&p=167&n=20
Mon, 28 Aug 2017 15:16:16 video_url_spider.py[line:161] INFO Currently crawling web pages is: http://so.video.sina.com.cn/interface/s?from=video&wd=金正恩&s_id=w00001&p=168&n=20
Mon, 28 Aug 2017 15:16:17 video_url_spider.py[line:161] INFO Currently crawling web pages is: http://so.video.sina.com.cn/interface/s?from=video&wd=金正恩&s_id=w00001&p=169&n=20
Mon, 28 Aug 2017 15:16:18 video_url_spider.py[line:161] INFO Currently crawling web pages is: http://so.video.sina.com.cn/interface/s?from=video&wd=金正恩&s_id=w00001&p=170&n=20
Mon, 28 Aug 2017 15:16:20 video_url_spider.py[line:161] INFO Currently crawling web pages is: http://so.video.sina.com.cn/interface/s?from=video&wd=金正恩&s_id=w00001&p=171&n=20
Mon, 28 Aug 2017 15:16:21 video_url_spider.py[line:161] INFO Currently crawling web pages is: http://so.video.sina.com.cn/interface/s?from=video&wd=金正恩&s_id=w00001&p=172&n=20
Mon, 28 Aug 2017 15:16:22 video_url_spider.py[line:161] INFO Currently crawling web pages is: http://so.video.sina.com.cn/interface/s?from=video&wd=金正恩&s_id=w00001&p=173&n=20
Mon, 28 Aug 2017 15:16:23 video_url_spider.py[line:161] INFO Currently crawling web pages is: http://so.video.sina.com.cn/interface/s?from=video&wd=金正恩&s_id=w00001&p=174&n=20
Mon, 28 Aug 2017 15:16:24 video_url_spider.py[line:161] INFO Currently crawling web pages is: http://so.video.sina.com.cn/interface/s?from=video&wd=金正恩&s_id=w00001&p=175&n=20
Mon, 28 Aug 2017 15:16:25 video_url_spider.py[line:161] INFO Currently crawling web pages is: http://so.video.sina.com.cn/interface/s?from=video&wd=金正恩&s_id=w00001&p=176&n=20
Mon, 28 Aug 2017 15:16:26 video_url_spider.py[line:161] INFO Currently crawling web pages is: http://so.video.sina.com.cn/interface/s?from=video&wd=金正恩&s_id=w00001&p=177&n=20
Mon, 28 Aug 2017 15:16:27 video_url_spider.py[line:161] INFO Currently crawling web pages is: http://so.video.sina.com.cn/interface/s?from=video&wd=金正恩&s_id=w00001&p=178&n=20
Mon, 28 Aug 2017 15:16:28 video_url_spider.py[line:161] INFO Currently crawling web pages is: http://so.video.sina.com.cn/interface/s?from=video&wd=金正恩&s_id=w00001&p=179&n=20
Mon, 28 Aug 2017 15:16:29 video_url_spider.py[line:161] INFO Currently crawling web pages is: http://so.video.sina.com.cn/interface/s?from=video&wd=金正恩&s_id=w00001&p=180&n=20
Mon, 28 Aug 2017 15:16:30 video_url_spider.py[line:161] INFO Currently crawling web pages is: http://so.video.sina.com.cn/interface/s?from=video&wd=金正恩&s_id=w00001&p=181&n=20
Mon, 28 Aug 2017 15:16:31 video_url_spider.py[line:161] INFO Currently crawling web pages is: http://so.video.sina.com.cn/interface/s?from=video&wd=金正恩&s_id=w00001&p=182&n=20
Mon, 28 Aug 2017 15:16:32 video_url_spider.py[line:161] INFO Currently crawling web pages is: http://so.video.sina.com.cn/interface/s?from=video&wd=金正恩&s_id=w00001&p=183&n=20
Mon, 28 Aug 2017 15:16:33 video_url_spider.py[line:161] INFO Currently crawling web pages is: http://so.video.sina.com.cn/interface/s?from=video&wd=金正恩&s_id=w00001&p=184&n=20
Mon, 28 Aug 2017 15:16:34 video_url_spider.py[line:193] INFO Success: Task update finshed..
Mon, 28 Aug 2017 15:51:49 videodownload.py[line:56] INFO success http://video.sina.com.cn/view/247504041.html
Mon, 28 Aug 2017 15:51:52 videodownload.py[line:56] INFO success http://video.sina.com.cn/view/250503915.html
Mon, 28 Aug 2017 15:52:00 videodownload.py[line:68] DEBUG HTTP Error 502: Bad Gateway
Mon, 28 Aug 2017 15:52:38 videodownload.py[line:56] INFO success http://video.sina.com.cn/view/249859543.html
Mon, 28 Aug 2017 15:52:40 videodownload.py[line:56] INFO success http://video.sina.com.cn/view/203366507.html
Mon, 28 Aug 2017 15:52:41 videodownload.py[line:56] INFO success http://video.sina.com.cn/view/202876921.html
Mon, 28 Aug 2017 15:52:43 videodownload.py[line:56] INFO success http://video.sina.com.cn/view/247504018.html
Mon, 28 Aug 2017 15:52:44 videodownload.py[line:56] INFO success http://video.sina.com.cn/view/251140180.html
Mon, 28 Aug 2017 15:52:46 videodownload.py[line:56] INFO success http://video.sina.com.cn/view/203231615.html
Mon, 28 Aug 2017 15:53:27 videodownload.py[line:56] INFO success http://video.sina.com.cn/view/249409334.html
Mon, 28 Aug 2017 15:53:29 videodownload.py[line:56] INFO success http://video.sina.com.cn/view/202675872.html
Mon, 28 Aug 2017 15:53:30 videodownload.py[line:56] INFO success http://video.sina.com.cn/view/251139735.html
Mon, 28 Aug 2017 15:53:32 videodownload.py[line:56] INFO success http://video.sina.com.cn/view/202986198.html
Mon, 28 Aug 2017 15:54:08 videodownload.py[line:56] INFO success http://video.sina.com.cn/view/247504498.html
Mon, 28 Aug 2017 15:54:25 videodownload.py[line:56] INFO success http://video.sina.com.cn/view/249369632.html
Mon, 28 Aug 2017 15:54:26 videodownload.py[line:56] INFO success http://video.sina.com.cn/view/202440967.html
Mon, 28 Aug 2017 15:54:27 videodownload.py[line:56] INFO success http://video.sina.com.cn/view/247135439.html
Mon, 28 Aug 2017 15:54:29 videodownload.py[line:56] INFO success http://video.sina.com.cn/view/249223364.html
Mon, 28 Aug 2017 15:54:31 videodownload.py[line:56] INFO success http://video.sina.com.cn/view/251140178.html
Mon, 28 Aug 2017 15:54:38 videodownload.py[line:56] INFO success http://video.sina.com.cn/view/250997824.html
Mon, 28 Aug 2017 15:54:39 videodownload.py[line:56] INFO success http://video.sina.com.cn/view/251139718.html
Mon, 28 Aug 2017 15:56:28 videodownload.py[line:56] INFO success http://video.sina.com.cn/view/202503982.html
Mon, 28 Aug 2017 15:56:29 videodownload.py[line:56] INFO success http://video.sina.com.cn/view/247135430.html
Mon, 28 Aug 2017 15:56:31 videodownload.py[line:56] INFO success http://video.sina.com.cn/view/203222653.html
Mon, 28 Aug 2017 15:59:41 videodownload.py[line:56] INFO success http://video.sina.com.cn/view/251031690.html
Mon, 28 Aug 2017 15:59:42 videodownload.py[line:56] INFO success http://video.sina.com.cn/view/249369632.html
Mon, 28 Aug 2017 15:59:43 videodownload.py[line:56] INFO success http://video.sina.com.cn/view/202440967.html
Mon, 28 Aug 2017 15:59:44 videodownload.py[line:56] INFO success http://video.sina.com.cn/view/247135439.html
Mon, 28 Aug 2017 15:59:44 videodownload.py[line:56] INFO success http://video.sina.com.cn/view/249223364.html
Mon, 28 Aug 2017 15:59:45 videodownload.py[line:56] INFO success http://video.sina.com.cn/view/251140178.html
Mon, 28 Aug 2017 16:00:06 videodownload.py[line:56] INFO success http://video.sina.com.cn/view/202603663.html
Mon, 28 Aug 2017 16:00:33 videodownload.py[line:56] INFO success http://video.sina.com.cn/view/202918276.html
Mon, 28 Aug 2017 16:00:40 videodownload.py[line:56] INFO success http://video.sina.com.cn/view/251139736.html
Mon, 28 Aug 2017 16:03:42 videodownload.py[line:56] INFO success http://video.sina.com.cn/view/251187564.html
Mon, 28 Aug 2017 16:03:45 videodownload.py[line:56] INFO success http://video.sina.com.cn/view/203300161.html
Mon, 28 Aug 2017 16:03:57 videodownload.py[line:56] INFO success http://video.sina.com.cn/view/202712911.html
Mon, 28 Aug 2017 16:03:59 videodownload.py[line:56] INFO success http://video.sina.com.cn/view/202440827.html
Mon, 28 Aug 2017 16:04:00 videodownload.py[line:56] INFO success http://video.sina.com.cn/view/250574611.html
Mon, 28 Aug 2017 16:04:09 videodownload.py[line:56] INFO success http://video.sina.com.cn/view/250427219.html
Mon, 28 Aug 2017 16:04:36 videodownload.py[line:56] INFO success http://video.sina.com.cn/view/251139827.html
Mon, 28 Aug 2017 16:04:52 videodownload.py[line:56] INFO success http://video.sina.com.cn/view/251140183.html
Mon, 28 Aug 2017 16:05:30 videodownload.py[line:56] INFO success http://video.sina.com.cn/view/251185478.html
Mon, 28 Aug 2017 16:05:32 videodownload.py[line:56] INFO success http://video.sina.com.cn/view/251140181.html
Mon, 28 Aug 2017 16:05:34 videodownload.py[line:56] INFO success http://video.sina.com.cn/view/202717926.html
Mon, 28 Aug 2017 16:07:34 videodownload.py[line:56] INFO success http://video.sina.com.cn/view/250582357.html
Mon, 28 Aug 2017 16:07:35 videodownload.py[line:56] INFO success http://video.sina.com.cn/view/203123776.html
Mon, 28 Aug 2017 16:08:01 videodownload.py[line:56] INFO success http://video.sina.com.cn/view/202486849.html
Mon, 28 Aug 2017 16:08:04 videodownload.py[line:56] INFO success http://video.sina.com.cn/view/202715736.html
Mon, 28 Aug 2017 16:08:19 videodownload.py[line:56] INFO success http://video.sina.com.cn/view/247871783.html
Mon, 28 Aug 2017 16:08:25 videodownload.py[line:56] INFO success http://video.sina.com.cn/view/203097096.html
Mon, 28 Aug 2017 16:08:27 videodownload.py[line:56] INFO success http://video.sina.com.cn/view/249177669.html
Mon, 28 Aug 2017 16:08:38 videodownload.py[line:56] INFO success http://video.sina.com.cn/view/202713418.html
Mon, 28 Aug 2017 16:08:46 videodownload.py[line:56] INFO success http://video.sina.com.cn/view/202708940.html
Mon, 28 Aug 2017 16:08:49 videodownload.py[line:56] INFO success http://video.sina.com.cn/view/249362645.html
Mon, 28 Aug 2017 16:08:54 videodownload.py[line:56] INFO success http://video.sina.com.cn/view/246952086.html
Mon, 28 Aug 2017 16:08:57 videodownload.py[line:56] INFO success http://video.sina.com.cn/view/247633804.html
Mon, 28 Aug 2017 16:09:03 videodownload.py[line:56] INFO success http://video.sina.com.cn/view/202878387.html
Mon, 28 Aug 2017 16:09:05 videodownload.py[line:56] INFO success http://video.sina.com.cn/view/203403281.html
Mon, 28 Aug 2017 16:09:19 videodownload.py[line:56] INFO success http://video.sina.com.cn/view/202719137.html
Mon, 28 Aug 2017 16:09:30 videodownload.py[line:56] INFO success http://video.sina.com.cn/view/202729643.html
Mon, 28 Aug 2017 16:09:31 videodownload.py[line:56] INFO success http://video.sina.com.cn/view/202506402.html
Mon, 28 Aug 2017 16:09:45 videodownload.py[line:56] INFO success http://video.sina.com.cn/view/203300115.html
Mon, 28 Aug 2017 16:09:50 videodownload.py[line:56] INFO success http://video.sina.com.cn/view/249381309.html
Mon, 28 Aug 2017 16:09:54 videodownload.py[line:56] INFO success http://video.sina.com.cn/view/251139408.html
Mon, 28 Aug 2017 16:10:49 videodownload.py[line:56] INFO success http://video.sina.com.cn/view/251139395.html
Mon, 28 Aug 2017 16:11:09 videodownload.py[line:56] INFO success http://video.sina.com.cn/view/251260253.html
Mon, 28 Aug 2017 16:11:11 videodownload.py[line:56] INFO success http://video.sina.com.cn/view/250873834.html
Mon, 28 Aug 2017 16:11:13 videodownload.py[line:56] INFO success http://video.sina.com.cn/view/251139826.html
Mon, 28 Aug 2017 16:11:15 videodownload.py[line:56] INFO success http://video.sina.com.cn/view/202328563.html
Mon, 28 Aug 2017 16:12:35 videodownload.py[line:56] INFO success http://video.sina.com.cn/view/249432349.html
Mon, 28 Aug 2017 16:12:36 videodownload.py[line:56] INFO success http://video.sina.com.cn/view/203186431.html
Mon, 28 Aug 2017 16:12:38 videodownload.py[line:56] INFO success http://video.sina.com.cn/view/247242747.html
Mon, 28 Aug 2017 16:12:39 videodownload.py[line:56] INFO success http://video.sina.com.cn/view/203280687.html
Mon, 28 Aug 2017 16:13:47 videodownload.py[line:56] INFO success http://video.sina.com.cn/view/203235360.html
Mon, 28 Aug 2017 16:13:52 videodownload.py[line:56] INFO success http://video.sina.com.cn/view/202440968.html
Mon, 28 Aug 2017 16:13:54 videodownload.py[line:56] INFO success http://video.sina.com.cn/view/203280675.html
Mon, 28 Aug 2017 16:13:55 videodownload.py[line:56] INFO success http://video.sina.com.cn/view/202876473.html
Mon, 28 Aug 2017 16:13:56 videodownload.py[line:56] INFO success http://video.sina.com.cn/view/202718783.html
Mon, 28 Aug 2017 16:13:58 videodownload.py[line:56] INFO success http://video.sina.com.cn/view/247284263.html
Mon, 28 Aug 2017 16:14:00 videodownload.py[line:56] INFO success http://video.sina.com.cn/view/202864226.html
Mon, 28 Aug 2017 16:14:14 videodownload.py[line:56] INFO success http://video.sina.com.cn/view/202713877.html
Mon, 28 Aug 2017 16:14:15 videodownload.py[line:56] INFO success http://video.sina.com.cn/view/202878931.html
Mon, 28 Aug 2017 16:14:20 videodownload.py[line:56] INFO success http://video.sina.com.cn/view/247205341.html
Mon, 28 Aug 2017 16:14:21 videodownload.py[line:56] INFO success http://video.sina.com.cn/view/202713447.html
Mon, 28 Aug 2017 16:14:23 videodownload.py[line:56] INFO success http://video.sina.com.cn/view/203230055.html
Mon, 28 Aug 2017 16:14:24 videodownload.py[line:56] INFO success http://video.sina.com.cn/view/202427505.html
Mon, 28 Aug 2017 16:18:55 videodownload.py[line:56] INFO success http://video.sina.com.cn/view/202475179.html
Mon, 28 Aug 2017 16:18:57 videodownload.py[line:56] INFO success http://video.sina.com.cn/view/202656952.html
Mon, 28 Aug 2017 16:19:53 videodownload.py[line:56] INFO success http://video.sina.com.cn/view/250528557.html
Mon, 28 Aug 2017 16:19:55 videodownload.py[line:56] INFO success http://video.sina.com.cn/view/250951481.html
Mon, 28 Aug 2017 16:19:58 videodownload.py[line:56] INFO success http://video.sina.com.cn/view/251499829.html
Mon, 28 Aug 2017 16:20:58 videodownload.py[line:56] INFO success http://video.sina.com.cn/view/251196115.html
Mon, 28 Aug 2017 16:20:59 videodownload.py[line:56] INFO success http://video.sina.com.cn/view/250873008.html
Mon, 28 Aug 2017 16:21:00 videodownload.py[line:56] INFO success http://video.sina.com.cn/view/251504053.html
Mon, 28 Aug 2017 16:21:04 video_url_spider.py[line:204] INFO 朴槿惠:iqiyi
Mon, 28 Aug 2017 16:21:04 video_url_spider.py[line:30] INFO target site:iqiyi, spider begin...
Mon, 28 Aug 2017 16:22:01 videodownload.py[line:56] INFO success http://video.sina.com.cn/view/203232031.html
Mon, 28 Aug 2017 16:22:03 videodownload.py[line:56] INFO success http://video.sina.com.cn/view/249532208.html
Mon, 28 Aug 2017 16:22:05 videodownload.py[line:56] INFO success http://video.sina.com.cn/view/247370751.html
Mon, 28 Aug 2017 16:22:13 videodownload.py[line:56] INFO success http://video.sina.com.cn/view/247873870.html
Mon, 28 Aug 2017 16:23:00 videodownload.py[line:56] INFO success http://video.sina.com.cn/view/247148127.html
Mon, 28 Aug 2017 16:23:04 videodownload.py[line:56] INFO success http://video.sina.com.cn/view/250350947.html
Mon, 28 Aug 2017 16:23:05 videodownload.py[line:56] INFO success http://video.sina.com.cn/view/203010134.html
Mon, 28 Aug 2017 16:46:52 video_url_spider.py[line:204] INFO 朴槿惠:iqiyi
Mon, 28 Aug 2017 16:46:52 video_url_spider.py[line:30] INFO target site:iqiyi, spider begin...
Mon, 28 Aug 2017 16:49:49 video_url_spider.py[line:204] INFO 朴槿惠:youku
Mon, 28 Aug 2017 16:49:49 video_url_spider.py[line:30] INFO target site:youku, spider begin...
Mon, 28 Aug 2017 16:55:24 video_url_spider.py[line:204] INFO 金正恩:souhu
Mon, 28 Aug 2017 16:55:24 video_url_spider.py[line:30] INFO target site:souhu, spider begin...
Mon, 28 Aug 2017 16:58:28 video_url_spider.py[line:204] INFO 金正恩:youku
Mon, 28 Aug 2017 16:58:28 video_url_spider.py[line:30] INFO target site:youku, spider begin...
Mon, 28 Aug 2017 17:03:35 video_url_spider.py[line:204] INFO 金正恩:youku
Mon, 28 Aug 2017 17:03:35 video_url_spider.py[line:30] INFO target site:youku, spider begin...
Mon, 28 Aug 2017 17:04:33 video_url_spider.py[line:204] INFO 金正恩:qq
Mon, 28 Aug 2017 17:04:33 video_url_spider.py[line:30] INFO target site:qq, spider begin...
Mon, 28 Aug 2017 17:06:00 video_url_spider.py[line:204] INFO 金正恩:souhu
Mon, 28 Aug 2017 17:06:00 video_url_spider.py[line:30] INFO target site:souhu, spider begin...
Mon, 28 Aug 2017 17:07:21 video_url_spider.py[line:204] INFO 金正恩:qq
Mon, 28 Aug 2017 17:07:21 video_url_spider.py[line:30] INFO target site:qq, spider begin...
Mon, 28 Aug 2017 17:08:39 video_url_spider.py[line:204] INFO 金正恩:souhu
Mon, 28 Aug 2017 17:08:39 video_url_spider.py[line:30] INFO target site:souhu, spider begin...
